>>>>>>> 20150509_174138<<<<<<<
*- 20 H:3.000e+00,Q:006400 tau:-0.585675776005
R- 19 H:2.991e+00,Q:005771 tau:-0.49652031064
R- 18 H:2.983e+00,Q:004949 tau:0.595751583576
R- 17 H:1.975e+00,Q:000579 tau:0.793093264103
R- 16 H:1.238e+00,Q:000217 tau:-0.0435762815177
R- 15 H:7.372e-01,Q:000111 tau:0.834546327591
R- 14 H:3.675e-01,Q:000085 tau:0.933614075184
R- 13 H:3.606e-01,Q:000009 tau:0.982648551464
RG 12 H:6.939e-36,Q:000006 (cl,P):(000,1.00) (007,0.00) (006,0.00)
L- 12 H:6.667e-01,Q:000003 tau:0.968653857708
RQ 11 H:1.037e-35,Q:000001 (cl,P):(000,1.00) (007,0.00) (006,0.00)
LQ 11 H:1.037e-35,Q:000002 (cl,P):(001,1.00) (007,0.00) (006,0.00)
L- 13 H:6.171e-02,Q:000076 tau:0.862762451172
RG 12 H:1.414e-36,Q:000060 (cl,P):(001,1.00) (007,0.00) (006,0.00)
LG 12 H:3.926e-36,Q:000016 (cl,P):(001,0.94) (002,0.06) (007,0.00)
L- 14 H:7.015e-01,Q:000026 tau:0.503191113472
RG 13 H:6.628e-36,Q:000011 (cl,P):(001,1.00) (007,0.00) (006,0.00)
L- 13 H:2.406e-01,Q:000015 tau:0.449529796839
RQ 12 H:1.037e-35,Q:000002 (cl,P):(001,1.00) (007,0.00) (006,0.00)
LG 12 H:4.817e-36,Q:000013 (cl,P):(002,1.00) (007,0.00) (006,0.00)
L- 15 H:9.883e-01,Q:000106 tau:0.893550932407
R- 14 H:1.685e-01,Q:000046 tau:-0.128556102514
R- 13 H:1.667e-01,Q:000012 tau:-0.0835829302669
RG 12 H:8.898e-36,Q:000007 (cl,P):(000,0.86) (001,0.14) (007,0.00)
LG 12 H:8.311e-36,Q:000005 (cl,P):(000,0.80) (001,0.20) (007,0.00)
LG 13 H:2.478e-36,Q:000034 (cl,P):(000,1.00) (007,0.00) (006,0.00)
L- 14 H:1.063e+00,Q:000060 tau:-0.265531927347
R- 13 H:2.824e-01,Q:000031 tau:-0.167730480433
R- 12 H:1.530e-01,Q:000018 tau:0.847123324871
RG 11 H:6.250e-36,Q:000010 (cl,P):(001,1.00) (007,0.00) (006,0.00)
LG 11 H:7.796e-36,Q:000008 (cl,P):(001,0.62) (002,0.38) (007,0.00)
LG 12 H:5.614e-36,Q:000013 (cl,P):(001,1.00) (007,0.00) (006,0.00)
L- 13 H:2.069e-01,Q:000029 tau:0.853550136089
RG 12 H:7.563e-36,Q:000011 (cl,P):(000,1.00) (007,0.00) (006,0.00)
L- 12 H:1.530e-01,Q:000018 tau:-0.338180720806
RG 11 H:6.939e-36,Q:000003 (cl,P):(001,1.00) (007,0.00) (006,0.00)
LG 11 H:4.872e-36,Q:000015 (cl,P):(000,1.00) (007,0.00) (006,0.00)
L- 16 H:1.584e+00,Q:000362 tau:0.692973971367
R- 15 H:1.173e+00,Q:000157 tau:-0.228903338313
R- 14 H:8.800e-01,Q:000127 tau:0.540983140469
R- 13 H:1.803e-01,Q:000018 tau:0.720338702202
R- 12 H:1.667e-01,Q:000012 tau:0.773270130157
RQ 11 H:1.037e-35,Q:000003 (cl,P):(001,1.00) (007,0.00) (006,0.00)
LG 11 H:6.939e-36,Q:000009 (cl,P):(001,0.89) (002,0.11) (007,0.00)
LG 12 H:6.939e-36,Q:000006 (cl,P):(001,1.00) (007,0.00) (006,0.00)
L- 13 H:4.080e-01,Q:000109 tau:0.719980657101
R- 12 H:1.129e-01,Q:000089 tau:0.789621949196
RG 11 H:9.225e-36,Q:000009 (cl,P):(002,0.89) (001,0.11) (007,0.00)
L- 11 H:6.043e-02,Q:000080 tau:0.743808567524
RG 10 H:1.541e-36,Q:000055 (cl,P):(002,1.00) (007,0.00) (006,0.00)
L- 10 H:1.444e-01,Q:000025 tau:0.733196079731
RG 09 H:5.689e-36,Q:000011 (cl,P):(002,0.91) (003,0.09) (007,0.00)
LG 09 H:5.217e-36,Q:000014 (cl,P):(002,1.00) (007,0.00) (006,0.00)
L- 12 H:8.182e-01,Q:000020 tau:0.0341935195029
R- 11 H:5.714e-01,Q:000014 tau:0.451848745346
RG 10 H:6.934e-36,Q:000006 (cl,P):(002,1.00) (007,0.00) (006,0.00)
L- 10 H:3.444e-01,Q:000008 tau:0.334022372961
RQ 09 H:1.037e-35,Q:000001 (cl,P):(002,1.00) (007,0.00) (006,0.00)
LG 09 H:8.898e-36,Q:000007 (cl,P):(003,1.00) (007,0.00) (006,0.00)
LG 11 H:8.654e-36,Q:000006 (cl,P):(002,0.83) (003,0.17) (007,0.00)
L- 14 H:4.788e-01,Q:000030 tau:-0.434568434954
R- 13 H:2.078e-01,Q:000027 tau:-0.243777930737
RQ 12 H:1.037e-35,Q:000004 (cl,P):(002,0.50) (001,0.50) (007,0.00)
LG 12 H:3.643e-36,Q:000023 (cl,P):(001,1.00) (007,0.00) (006,0.00)
LG 13 H:6.939e-36,Q:000003 (cl,P):(000,1.00) (007,0.00) (006,0.00)
L- 15 H:1.351e+00,Q:000205 tau:-0.224252775311
R- 14 H:9.813e-01,Q:000159 tau:0.451612621546
R- 13 H:8.010e-01,Q:000040 tau:0.618092656136
R- 12 H:3.870e-01,Q:000030 tau:0.698874771595
RQ 11 H:1.037e-35,Q:000004 (cl,P):(001,1.00) (007,0.00) (006,0.00)
LG 11 H:3.228e-36,Q:000026 (cl,P):(002,1.00) (007,0.00) (006,0.00)
L- 12 H:5.510e-01,Q:000010 tau:0.513261079788
RQ 11 H:1.037e-35,Q:000005 (cl,P):(002,0.80) (003,0.20) (007,0.00)
LG 11 H:6.254e-36,Q:000005 (cl,P):(003,1.00) (007,0.00) (006,0.00)
L- 13 H:2.563e-01,Q:000119 tau:0.621037662029
R- 12 H:5.409e-02,Q:000098 tau:-0.0836005732417
RG 11 H:1.002e-36,Q:000085 (cl,P):(003,1.00) (007,0.00) (006,0.00)
L- 11 H:1.538e-01,Q:000013 tau:-0.153407230973
RG 10 H:6.625e-36,Q:000011 (cl,P):(003,0.91) (002,0.09) (007,0.00)
LQ 10 H:1.037e-35,Q:000002 (cl,P):(003,1.00) (007,0.00) (006,0.00)
L- 12 H:4.402e-01,Q:000021 tau:0.60352230072
R- 11 H:1.333e-01,Q:000015 tau:0.332787036896
RG 10 H:6.254e-36,Q:000005 (cl,P):(003,1.00) (007,0.00) (006,0.00)
LG 10 H:8.311e-36,Q:000010 (cl,P):(003,0.60) (004,0.40) (007,0.00)
LG 11 H:6.939e-36,Q:000006 (cl,P):(003,0.67) (004,0.33) (007,0.00)
L- 14 H:7.173e-01,Q:000046 tau:-0.347330868244
RG 13 H:2.632e-36,Q:000032 (cl,P):(002,1.00) (007,0.00) (006,0.00)
LG 13 H:5.220e-36,Q:000014 (cl,P):(001,0.93) (002,0.07) (007,0.00)
L- 17 H:2.982e+00,Q:004370 tau:0.280210584402
R- 16 H:2.272e+00,Q:000855 tau:0.391031742096
R- 15 H:1.950e+00,Q:000499 tau:0.490860521793
R- 14 H:1.497e+00,Q:000229 tau:-0.156655788422
R- 13 H:1.158e+00,Q:000172 tau:0.483523279428
R- 12 H:1.124e+00,Q:000044 tau:0.641494870186
R- 11 H:3.636e-01,Q:000022 tau:0.806340456009
RQ 10 H:1.037e-35,Q:000003 (cl,P):(001,1.00) (007,0.00) (006,0.00)
LG 10 H:4.403e-36,Q:000019 (cl,P):(002,1.00) (007,0.00) (006,0.00)
LG 11 H:3.813e-36,Q:000022 (cl,P):(003,1.00) (007,0.00) (006,0.00)
L- 12 H:1.392e-01,Q:000128 tau:-0.105242349207
R- 11 H:9.273e-02,Q:000117 tau:0.414632171392
R- 10 H:3.333e-01,Q:000006 tau:0.456811070442
RQ 09 H:1.037e-35,Q:000003 (cl,P):(004,0.67) (003,0.33) (007,0.00)
LQ 09 H:1.037e-35,Q:000003 (cl,P):(004,0.67) (003,0.33) (007,0.00)
LG 10 H:7.696e-37,Q:000111 (cl,P):(004,1.00) (007,0.00) (006,0.00)
LG 11 H:5.693e-36,Q:000011 (cl,P):(004,0.82) (003,0.18) (007,0.00)
L- 13 H:9.389e-01,Q:000057 tau:-0.306857287884
RG 12 H:2.553e-36,Q:000033 (cl,P):(003,1.00) (007,0.00) (006,0.00)
L- 12 H:3.333e-01,Q:000024 tau:0.524492263794
R- 11 H:1.250e-01,Q:000016 tau:-0.42127174139
RG 10 H:6.939e-36,Q:000012 (cl,P):(002,1.00) (007,0.00) (006,0.00)
LQ 10 H:1.037e-35,Q:000004 (cl,P):(002,0.75) (001,0.25) (007,0.00)
L- 11 H:2.500e-01,Q:000008 tau:0.511848390102
RG 10 H:6.939e-36,Q:000003 (cl,P):(002,0.67) (003,0.33) (007,0.00)
LQ 10 H:1.037e-35,Q:000005 (cl,P):(002,0.80) (003,0.20) (007,0.00)
L- 14 H:1.769e+00,Q:000270 tau:-0.289214611053
R- 13 H:1.478e+00,Q:000227 tau:0.610749483109
R- 12 H:7.422e-01,Q:000032 tau:0.750930309296
RG 11 H:4.824e-36,Q:000013 (cl,P):(002,1.00) (007,0.00) (006,0.00)
L- 11 H:1.708e-01,Q:000019 tau:0.66036003828
RG 10 H:5.218e-36,Q:000012 (cl,P):(003,1.00) (007,0.00) (006,0.00)
L- 10 H:2.857e-01,Q:000007 tau:0.437402993441
RG 09 H:8.654e-36,Q:000006 (cl,P):(003,1.00) (007,0.00) (006,0.00)
LQ 09 H:1.037e-35,Q:000001 (cl,P):(004,1.00) (007,0.00) (006,0.00)
L- 12 H:9.662e-01,Q:000195 tau:-0.120587043464
R- 11 H:7.763e-01,Q:000161 tau:0.425515472889
R- 10 H:2.222e-01,Q:000027 tau:0.443504482508
R- 09 H:9.091e-02,Q:000022 tau:0.456877022982
RG 08 H:8.898e-36,Q:000007 (cl,P):(004,0.86) (003,0.14) (007,0.00)
LG 08 H:4.871e-36,Q:000015 (cl,P):(004,1.00) (007,0.00) (006,0.00)
LQ 09 H:1.037e-35,Q:000005 (cl,P):(004,0.80) (005,0.20) (007,0.00)
L- 10 H:3.111e-01,Q:000134 tau:0.477123677731
R- 09 H:5.629e-01,Q:000012 tau:0.482426971197
RG 08 H:8.654e-36,Q:000006 (cl,P):(005,0.50) (004,0.50) (007,0.00)
LQ 08 H:1.037e-35,Q:000006 (cl,P):(005,0.50) (004,0.50) (007,0.00)
L- 09 H:8.684e-02,Q:000122 tau:0.324237406254
RG 08 H:6.939e-36,Q:000012 (cl,P):(005,0.92) (004,0.08) (007,0.00)
L- 08 H:4.725e-02,Q:000110 tau:0.239778235555
R- 07 H:1.148e-01,Q:000024 tau:0.251499146223
RG 06 H:3.810e-36,Q:000022 (cl,P):(005,1.00) (007,0.00) (006,0.00)
LQ 06 H:1.037e-35,Q:000002 (cl,P):(006,0.50) (005,0.50) (007,0.00)
LG 07 H:9.906e-37,Q:000086 (cl,P):(005,1.00) (007,0.00) (006,0.00)
L- 11 H:1.062e-01,Q:000034 tau:0.438325732946
RG 10 H:3.671e-36,Q:000020 (cl,P):(004,1.00) (007,0.00) (006,0.00)
L- 10 H:1.429e-01,Q:000014 tau:-0.131239235401
RQ 09 H:1.037e-35,Q:000001 (cl,P):(005,1.00) (007,0.00) (006,0.00)
LG 09 H:5.615e-36,Q:000013 (cl,P):(004,1.00) (007,0.00) (006,0.00)
L- 13 H:8.052e-01,Q:000043 tau:-0.411971598864
R- 12 H:1.164e-01,Q:000031 tau:-0.388251960278
RG 11 H:3.496e-36,Q:000024 (cl,P):(003,1.00) (007,0.00) (006,0.00)
LG 11 H:8.898e-36,Q:000007 (cl,P):(003,0.86) (002,0.14) (007,0.00)
LG 12 H:6.077e-36,Q:000012 (cl,P):(002,1.00) (007,0.00) (006,0.00)
L- 15 H:2.047e+00,Q:000356 tau:-0.210171058774
R- 14 H:1.766e+00,Q:000289 tau:0.524667084217
R- 13 H:1.282e+00,Q:000063 tau:0.696226596832
R- 12 H:6.561e-01,Q:000033 tau:0.831756830215
RG 11 H:4.069e-36,Q:000018 (cl,P):(002,1.00) (007,0.00) (006,0.00)
L- 11 H:1.837e-01,Q:000015 tau:0.390187144279
RQ 10 H:1.037e-35,Q:000001 (cl,P):(002,1.00) (007,0.00) (006,0.00)
LG 10 H:4.482e-36,Q:000014 (cl,P):(003,1.00) (007,0.00) (006,0.00)
L- 12 H:3.217e-01,Q:000030 tau:0.580126643181
R- 11 H:1.500e-01,Q:000026 tau:0.339983701706
RG 10 H:4.747e-36,Q:000011 (cl,P):(004,0.91) (003,0.09) (007,0.00)
LG 10 H:4.185e-36,Q:000015 (cl,P):(004,1.00) (007,0.00) (006,0.00)
LG 11 H:7.796e-36,Q:000004 (cl,P):(005,0.50) (004,0.50) (007,0.00)
L- 13 H:9.897e-01,Q:000226 tau:-0.0945191904902
R- 12 H:8.296e-01,Q:000186 tau:0.391595065594
R- 11 H:2.030e-01,Q:000037 tau:0.303203433752
RG 10 H:2.805e-36,Q:000030 (cl,P):(005,1.00) (007,0.00) (006,0.00)
L- 10 H:2.857e-01,Q:000007 tau:0.280651599169
RQ 09 H:1.037e-35,Q:000006 (cl,P):(005,0.83) (006,0.17) (007,0.00)
LQ 09 H:1.037e-35,Q:000001 (cl,P):(006,1.00) (007,0.00) (005,0.00)
L- 11 H:3.332e-01,Q:000149 tau:0.37127405405
R- 10 H:7.680e-01,Q:000022 tau:-0.00467683887109
R- 09 H:2.500e-01,Q:000016 tau:0.375469207764
RG 08 H:4.751e-36,Q:000011 (cl,P):(006,0.82) (005,0.18) (007,0.00)
LG 08 H:6.254e-36,Q:000005 (cl,P):(006,1.00) (007,0.00) (005,0.00)
LG 09 H:8.654e-36,Q:000006 (cl,P):(005,1.00) (007,0.00) (006,0.00)
L- 10 H:8.708e-02,Q:000127 tau:0.290266185999
R- 09 H:4.690e-02,Q:000117 tau:0.303424119949
RG 08 H:8.884e-37,Q:000096 (cl,P):(006,1.00) (007,0.00) (005,0.00)
L- 08 H:1.312e-01,Q:000021 tau:0.299564450979
RG 07 H:8.654e-36,Q:000006 (cl,P):(006,0.83) (007,0.17) (005,0.00)
LG 07 H:4.878e-36,Q:000015 (cl,P):(006,1.00) (007,0.00) (005,0.00)
LG 09 H:6.245e-36,Q:000010 (cl,P):(006,0.90) (007,0.10) (005,0.00)
L- 12 H:1.035e-01,Q:000040 tau:0.288157105446
RG 11 H:2.280e-36,Q:000037 (cl,P):(005,1.00) (007,0.00) (006,0.00)
LG 11 H:6.667e-01,Q:000003 (cl,P):(005,0.67) (006,0.33) (007,0.00)
L- 14 H:1.191e+00,Q:000067 tau:-0.331019699574
R- 13 H:1.931e-01,Q:000037 tau:-0.226170092821
RQ 12 H:1.037e-35,Q:000003 (cl,P):(005,0.67) (004,0.33) (007,0.00)
LG 12 H:2.478e-36,Q:000034 (cl,P):(004,1.00) (007,0.00) (006,0.00)
L- 13 H:6.899e-01,Q:000030 tau:-0.347062796354
RG 12 H:6.939e-36,Q:000003 (cl,P):(004,1.00) (007,0.00) (006,0.00)
L- 12 H:4.091e-01,Q:000027 tau:-0.461107820272
RG 11 H:3.493e-36,Q:000024 (cl,P):(003,1.00) (007,0.00) (006,0.00)
LQ 11 H:1.037e-35,Q:000003 (cl,P):(002,1.00) (007,0.00) (006,0.00)
L- 16 H:2.992e+00,Q:003515 tau:0.488225638866
R- 15 H:2.230e+00,Q:000605 tau:0.701899468899
R- 14 H:1.472e+00,Q:000292 tau:0.810980558395
R- 13 H:9.226e-01,Q:000157 tau:0.936023116112
R- 12 H:2.616e-01,Q:000038 tau:0.0771163702011
RG 11 H:4.185e-36,Q:000020 (cl,P):(002,1.00) (007,0.00) (006,0.00)
L- 11 H:2.642e-01,Q:000018 tau:0.981647253036
RG 10 H:7.282e-36,Q:000010 (cl,P):(002,1.00) (007,0.00) (006,0.00)
LG 10 H:7.796e-36,Q:000008 (cl,P):(002,0.62) (003,0.38) (007,0.00)
L- 12 H:3.419e-01,Q:000119 tau:0.167605698109
R- 11 H:3.750e-01,Q:000016 tau:0.907400071621
RG 10 H:5.219e-36,Q:000006 (cl,P):(002,1.00) (007,0.00) (006,0.00)
LG 10 H:6.254e-36,Q:000010 (cl,P):(003,1.00) (007,0.00) (006,0.00)
L- 11 H:1.492e-01,Q:000103 tau:0.842681586742
RG 10 H:1.038e-36,Q:000082 (cl,P):(003,1.00) (007,0.00) (006,0.00)
L- 10 H:3.810e-01,Q:000021 tau:0.822768867016
R- 09 H:1.621e-01,Q:000017 tau:0.834002137184
RG 08 H:5.955e-36,Q:000007 (cl,P):(003,0.86) (004,0.14) (007,0.00)
LG 08 H:5.222e-36,Q:000010 (cl,P):(003,0.90) (004,0.10) (007,0.00)
LQ 09 H:1.037e-35,Q:000004 (cl,P):(003,0.75) (004,0.25) (007,0.00)
L- 13 H:6.672e-01,Q:000135 tau:-0.511745870113
R- 12 H:4.694e-01,Q:000123 tau:0.173477575183
R- 11 H:6.385e-01,Q:000017 tau:0.781996965408
RG 10 H:5.221e-36,Q:000008 (cl,P):(003,1.00) (007,0.00) (006,0.00)
L- 10 H:2.222e-01,Q:000009 tau:0.22124555707
RQ 09 H:1.037e-35,Q:000004 (cl,P):(004,0.75) (003,0.25) (007,0.00)
LG 09 H:8.311e-36,Q:000005 (cl,P):(004,0.80) (003,0.20) (007,0.00)
L- 11 H:1.439e-01,Q:000106 tau:0.735113024712
R- 10 H:5.755e-02,Q:000084 tau:0.145008012652
R- 09 H:5.000e-01,Q:000004 tau:0.164783716202
RQ 08 H:1.037e-35,Q:000003 (cl,P):(004,1.00) (007,0.00) (006,0.00)
LQ 08 H:1.037e-35,Q:000001 (cl,P):(003,1.00) (007,0.00) (006,0.00)
LG 09 H:1.064e-36,Q:000080 (cl,P):(004,1.00) (007,0.00) (006,0.00)
L- 10 H:2.161e-01,Q:000022 tau:0.112034879625
RG 09 H:8.311e-36,Q:000005 (cl,P):(004,1.00) (007,0.00) (006,0.00)
L- 09 H:1.176e-01,Q:000017 tau:0.707655131817
RG 08 H:5.957e-36,Q:000014 (cl,P):(004,0.86) (005,0.14) (007,0.00)
LQ 08 H:1.037e-35,Q:000003 (cl,P):(004,1.00) (007,0.00) (006,0.00)
L- 12 H:3.962e-01,Q:000012 tau:0.769043266773
RG 11 H:6.939e-36,Q:000009 (cl,P):(003,1.00) (007,0.00) (006,0.00)
L- 11 H:6.667e-01,Q:000003 tau:0.748308122158
RQ 10 H:1.037e-35,Q:000001 (cl,P):(003,1.00) (007,0.00) (006,0.00)
LQ 10 H:1.037e-35,Q:000002 (cl,P):(004,1.00) (007,0.00) (006,0.00)
L- 14 H:1.342e+00,Q:000313 tau:0.597005426884
R- 13 H:7.119e-01,Q:000137 tau:0.172284454107
R- 12 H:2.667e-01,Q:000015 tau:0.619906008244
RG 11 H:6.077e-36,Q:000012 (cl,P):(004,1.00) (007,0.00) (006,0.00)
LQ 11 H:1.037e-35,Q:000003 (cl,P):(005,1.00) (007,0.00) (006,0.00)
L- 12 H:5.168e-01,Q:000122 tau:-0.427243620157
R- 11 H:1.445e-01,Q:000106 tau:0.699720203876
RQ 10 H:1.037e-35,Q:000004 (cl,P):(005,0.50) (004,0.50) (007,0.00)
L- 10 H:4.986e-02,Q:000102 tau:0.617988049984
RG 09 H:9.267e-37,Q:000092 (cl,P):(005,1.00) (007,0.00) (006,0.00)
LG 09 H:6.250e-36,Q:000010 (cl,P):(005,0.90) (006,0.10) (007,0.00)
L- 11 H:5.472e-01,Q:000016 tau:-0.487588107586
R- 10 H:4.444e-01,Q:000009 tau:0.611144423485
R- 09 H:2.857e-01,Q:000007 tau:0.691670715809
RG 08 H:6.939e-36,Q:000003 (cl,P):(004,1.00) (007,0.00) (006,0.00)
LG 08 H:7.796e-36,Q:000004 (cl,P):(005,0.75) (004,0.25) (007,0.00)
LQ 09 H:1.037e-35,Q:000002 (cl,P):(005,1.00) (007,0.00) (006,0.00)
LG 10 H:8.898e-36,Q:000007 (cl,P):(004,1.00) (007,0.00) (006,0.00)
L- 13 H:9.563e-01,Q:000176 tau:-0.405019760132
R- 12 H:7.418e-01,Q:000145 tau:0.187706261873
R- 11 H:1.352e-01,Q:000024 tau:0.199065774679
RG 10 H:3.988e-36,Q:000021 (cl,P):(005,1.00) (007,0.00) (006,0.00)
LQ 10 H:1.037e-35,Q:000003 (cl,P):(005,0.67) (006,0.33) (007,0.00)
L- 11 H:2.321e-01,Q:000121 tau:0.512281775475
R- 10 H:1.332e-01,Q:000102 tau:0.589429914951
RG 09 H:8.898e-36,Q:000007 (cl,P):(006,0.71) (005,0.29) (007,0.00)
L- 09 H:5.471e-02,Q:000095 tau:0.171685874462
RQ 08 H:1.037e-35,Q:000001 (cl,P):(005,1.00) (007,0.00) (006,0.00)
LG 08 H:9.071e-37,Q:000094 (cl,P):(006,1.00) (007,0.00) (005,0.00)
L- 10 H:1.053e-01,Q:000019 tau:0.497137457132
RG 09 H:6.077e-36,Q:000012 (cl,P):(006,0.92) (007,0.08) (005,0.00)
LG 09 H:7.424e-36,Q:000007 (cl,P):(006,0.71) (007,0.29) (005,0.00)
L- 12 H:2.053e-01,Q:000031 tau:0.507840335369
RG 11 H:3.110e-36,Q:000027 (cl,P):(005,1.00) (007,0.00) (006,0.00)
LQ 11 H:1.037e-35,Q:000004 (cl,P):(006,0.50) (005,0.50) (007,0.00)
L- 15 H:2.951e+00,Q:002910 tau:0.0881930664182
R- 14 H:2.224e+00,Q:001125 tau:0.287889122963
R- 13 H:1.560e+00,Q:000443 tau:0.378476500511
R- 12 H:1.053e+00,Q:000213 tau:-0.40531000495
R- 11 H:8.979e-01,Q:000171 tau:0.0625347197056
R- 10 H:7.255e-01,Q:000048 tau:0.415540963411
R- 09 H:3.260e-01,Q:000035 tau:0.0788585320115
R- 08 H:1.128e-01,Q:000032 tau:0.267235666513
RQ 07 H:1.037e-35,Q:000001 (cl,P):(005,1.00) (007,0.00) (006,0.00)
LG 07 H:2.716e-36,Q:000031 (cl,P):(006,1.00) (007,0.00) (005,0.00)
LQ 08 H:1.037e-35,Q:000003 (cl,P):(007,0.67) (006,0.33) (005,0.00)
L- 09 H:2.119e-01,Q:000013 tau:0.398446619511
RQ 08 H:1.037e-35,Q:000003 (cl,P):(007,0.67) (006,0.33) (005,0.00)
LG 08 H:6.250e-36,Q:000010 (cl,P):(007,0.80) (006,0.20) (005,0.00)
L- 10 H:2.481e-01,Q:000123 tau:0.408761709929
R- 09 H:1.057e-01,Q:000098 tau:-0.374163269997
RG 08 H:9.071e-37,Q:000094 (cl,P):(007,1.00) (006,0.00) (005,0.00)
LQ 08 H:1.037e-35,Q:000004 (cl,P):(007,0.50) (006,0.50) (005,0.00)
L- 09 H:3.502e-01,Q:000025 tau:0.403891801834
RG 08 H:9.082e-36,Q:000008 (cl,P):(007,0.88) (000,0.12) (006,0.00)
L- 08 H:2.797e-01,Q:000017 tau:-0.0272773746401
RG 07 H:8.311e-36,Q:000005 (cl,P):(007,0.80) (000,0.20) (006,0.00)
LG 07 H:6.075e-36,Q:000012 (cl,P):(007,0.83) (000,0.17) (006,0.00)
L- 11 H:2.745e-01,Q:000042 tau:0.397466093302
RG 10 H:2.552e-36,Q:000033 (cl,P):(006,1.00) (007,0.00) (005,0.00)
L- 10 H:6.667e-01,Q:000009 tau:-0.444761902094
RQ 09 H:1.037e-35,Q:000003 (cl,P):(007,1.00) (006,0.00) (005,0.00)
LG 09 H:8.654e-36,Q:000006 (cl,P):(006,1.00) (007,0.00) (005,0.00)
L- 12 H:1.314e+00,Q:000230 tau:0.116206131876
R- 11 H:8.461e-01,Q:000056 tau:0.227450191975
R- 10 H:2.761e-01,Q:000019 tau:0.240495532751
R- 09 H:1.722e-01,Q:000016 tau:0.247636154294
RG 08 H:5.954e-36,Q:000014 (cl,P):(006,1.00) (007,0.00) (005,0.00)
LQ 08 H:1.037e-35,Q:000002 (cl,P):(007,0.50) (006,0.50) (005,0.00)
LQ 09 H:1.037e-35,Q:000003 (cl,P):(006,0.67) (007,0.33) (005,0.00)
LG 10 H:2.280e-36,Q:000037 (cl,P):(007,1.00) (006,0.00) (005,0.00)
L- 11 H:8.568e-01,Q:000174 tau:-0.351753532887
R- 10 H:2.422e-01,Q:000139 tau:0.0440237410367
R- 09 H:3.077e-01,Q:000013 tau:0.292502075434
RG 08 H:7.279e-36,Q:000010 (cl,P):(000,0.70) (007,0.30) (006,0.00)
LQ 08 H:1.037e-35,Q:000003 (cl,P):(000,1.00) (007,0.00) (006,0.00)
L- 09 H:1.289e-01,Q:000126 tau:0.319919973612
RG 08 H:1.077e-36,Q:000079 (cl,P):(000,1.00) (007,0.00) (006,0.00)
L- 08 H:2.574e-01,Q:000047 tau:0.314011931419
RG 07 H:6.625e-36,Q:000011 (cl,P):(000,0.91) (001,0.09) (007,0.00)
L- 07 H:2.153e-01,Q:000036 tau:-0.249599635601
R- 06 H:2.761e-01,Q:000019 tau:-0.0535223558545
RG 05 H:4.818e-36,Q:000013 (cl,P):(000,1.00) (007,0.00) (006,0.00)
LQ 05 H:1.037e-35,Q:000006 (cl,P):(000,0.67) (001,0.33) (007,0.00)
LG 06 H:4.311e-36,Q:000017 (cl,P):(000,1.00) (007,0.00) (006,0.00)
L- 10 H:4.320e-01,Q:000035 tau:0.349774926901
RG 09 H:8.654e-36,Q:000006 (cl,P):(007,0.83) (006,0.17) (005,0.00)
L- 09 H:2.489e-01,Q:000029 tau:-0.424412459135
RG 08 H:8.654e-36,Q:000006 (cl,P):(007,0.50) (000,0.50) (006,0.00)
L- 08 H:1.569e-01,Q:000023 tau:-0.562522232533
RG 07 H:3.341e-36,Q:000022 (cl,P):(007,1.00) (006,0.00) (005,0.00)
LQ 07 H:1.037e-35,Q:000001 (cl,P):(006,1.00) (007,0.00) (005,0.00)
L- 13 H:1.942e+00,Q:000682 tau:0.103555098176
R- 12 H:9.952e-01,Q:000151 tau:0.187923759222
R- 11 H:2.170e-01,Q:000079 tau:0.201841115952
RG 10 H:1.214e-36,Q:000070 (cl,P):(007,1.00) (006,0.00) (005,0.00)
L- 10 H:3.061e-01,Q:000009 tau:0.265369236469
RG 09 H:8.311e-36,Q:000005 (cl,P):(007,1.00) (006,0.00) (005,0.00)
LG 09 H:7.796e-36,Q:000004 (cl,P):(000,1.00) (007,0.00) (006,0.00)
LG 11 H:1.181e-36,Q:000072 (cl,P):(000,1.00) (007,0.00) (006,0.00)
L- 12 H:1.692e+00,Q:000531 tau:-0.397367298603
R- 11 H:1.326e+00,Q:000450 tau:0.189793229103
R- 10 H:7.501e-01,Q:000189 tau:0.028364919126
R- 09 H:3.367e-01,Q:000026 tau:0.254491269588
RG 08 H:4.916e-36,Q:000017 (cl,P):(000,1.00) (007,0.00) (006,0.00)
L- 08 H:2.222e-01,Q:000009 tau:0.0910054892302
RG 07 H:7.796e-36,Q:000004 (cl,P):(000,1.00) (007,0.00) (006,0.00)
LG 07 H:8.311e-36,Q:000005 (cl,P):(001,0.80) (000,0.20) (007,0.00)
L- 09 H:5.003e-01,Q:000163 tau:-0.293923616409
R- 08 H:1.188e-01,Q:000142 tau:0.263461112976
R- 07 H:1.250e-01,Q:000016 tau:-0.112723715603
RQ 06 H:1.037e-35,Q:000005 (cl,P):(001,0.80) (000,0.20) (007,0.00)
LG 06 H:6.625e-36,Q:000011 (cl,P):(001,0.91) (000,0.09) (007,0.00)
L- 07 H:4.207e-02,Q:000126 tau:0.197885602713
RG 06 H:7.629e-37,Q:000112 (cl,P):(001,1.00) (007,0.00) (006,0.00)
L- 06 H:1.429e-01,Q:000014 tau:-0.253560334444
RG 05 H:7.282e-36,Q:000010 (cl,P):(001,0.90) (002,0.10) (007,0.00)
LG 05 H:7.796e-36,Q:000004 (cl,P):(001,1.00) (007,0.00) (006,0.00)
L- 08 H:4.576e-01,Q:000021 tau:0.271703183651
RG 07 H:6.507e-36,Q:000008 (cl,P):(000,1.00) (007,0.00) (006,0.00)
LG 07 H:5.618e-36,Q:000013 (cl,P):(000,0.62) (001,0.38) (007,0.00)
L- 10 H:1.001e+00,Q:000261 tau:0.0242835991085
RG 09 H:1.391e-36,Q:000061 (cl,P):(001,1.00) (007,0.00) (006,0.00)
L- 09 H:7.563e-01,Q:000200 tau:-0.27711725235
R- 08 H:2.590e-01,Q:000166 tau:0.172277927399
R- 07 H:1.722e-01,Q:000016 tau:0.17340233922
RG 06 H:5.618e-36,Q:000013 (cl,P):(002,0.85) (001,0.15) (007,0.00)
LQ 06 H:1.037e-35,Q:000003 (cl,P):(002,0.67) (001,0.33) (007,0.00)
L- 07 H:1.783e-01,Q:000150 tau:0.16730183363
RG 06 H:8.082e-36,Q:000009 (cl,P):(002,0.78) (001,0.22) (007,0.00)
L- 06 H:1.217e-01,Q:000141 tau:0.102042883635
R- 05 H:4.657e-02,Q:000123 tau:0.153386846185
R- 04 H:1.411e-01,Q:000023 tau:0.156040415168
RG 03 H:4.915e-36,Q:000017 (cl,P):(002,1.00) (007,0.00) (006,0.00)
LQ 03 H:1.037e-35,Q:000006 (cl,P):(002,0.83) (001,0.17) (007,0.00)
LG 04 H:8.533e-37,Q:000100 (cl,P):(002,1.00) (007,0.00) (006,0.00)
L- 05 H:2.914e-01,Q:000018 tau:0.099950529635
RQ 04 H:1.037e-35,Q:000004 (cl,P):(002,0.75) (003,0.25) (007,0.00)
L- 04 H:1.429e-01,Q:000014 tau:-0.0131102064624
RQ 03 H:1.037e-35,Q:000006 (cl,P):(002,1.00) (007,0.00) (006,0.00)
LG 03 H:7.796e-36,Q:000008 (cl,P):(002,0.88) (003,0.12) (007,0.00)
L- 08 H:1.062e-01,Q:000034 tau:-0.291135489941
RQ 07 H:1.037e-35,Q:000002 (cl,P):(002,0.50) (001,0.50) (007,0.00)
LG 07 H:2.632e-36,Q:000032 (cl,P):(001,1.00) (007,0.00) (006,0.00)
L- 11 H:9.539e-01,Q:000081 tau:-0.504233062267
R- 10 H:2.653e-01,Q:000043 tau:-0.424911975861
RG 09 H:7.279e-36,Q:000010 (cl,P):(000,0.80) (001,0.20) (007,0.00)
L- 09 H:8.348e-02,Q:000033 tau:-0.481831550598
RG 08 H:3.989e-36,Q:000021 (cl,P):(000,1.00) (007,0.00) (006,0.00)
LG 08 H:6.079e-36,Q:000012 (cl,P):(000,0.92) (007,0.08) (006,0.00)
L- 10 H:7.185e-01,Q:000038 tau:0.173830747604
RG 09 H:3.489e-36,Q:000024 (cl,P):(007,1.00) (006,0.00) (005,0.00)
L- 09 H:1.429e-01,Q:000014 tau:-0.528977513313
RG 08 H:7.796e-36,Q:000008 (cl,P):(000,1.00) (007,0.00) (006,0.00)
LG 08 H:8.654e-36,Q:000006 (cl,P):(000,0.67) (007,0.33) (006,0.00)
L- 14 H:2.938e+00,Q:001785 tau:-0.179132446647
R- 13 H:2.624e+00,Q:001144 tau:-0.0706881731749
R- 12 H:2.275e+00,Q:000369 tau:0.0611434616148
R- 11 H:1.430e+00,Q:000227 tau:0.181312799454
R- 10 H:4.998e-01,Q:000079 tau:-0.0333912372589
R- 09 H:2.010e-01,Q:000068 tau:0.272590756416
R- 08 H:6.667e-01,Q:000003 tau:0.279783427715
RQ 07 H:1.037e-35,Q:000001 (cl,P):(006,1.00) (007,0.00) (005,0.00)
LQ 07 H:1.037e-35,Q:000002 (cl,P):(007,0.50) (006,0.50) (005,0.00)
L- 08 H:7.438e-02,Q:000065 tau:0.0671170055866
RQ 07 H:1.037e-35,Q:000006 (cl,P):(007,0.83) (000,0.17) (006,0.00)
LG 07 H:1.438e-36,Q:000059 (cl,P):(007,1.00) (006,0.00) (005,0.00)
L- 09 H:4.768e-01,Q:000011 tau:-0.0417287275195
RG 08 H:7.796e-36,Q:000004 (cl,P):(006,0.75) (007,0.25) (005,0.00)
LG 08 H:7.424e-36,Q:000007 (cl,P):(006,0.57) (007,0.43) (005,0.00)
L- 10 H:1.369e+00,Q:000148 tau:-0.0200716573745
R- 09 H:7.317e-01,Q:000092 tau:0.0967219173908
R- 08 H:6.446e-02,Q:000075 tau:-0.00456034950912
RG 07 H:1.306e-36,Q:000065 (cl,P):(000,1.00) (007,0.00) (006,0.00)
LG 07 H:6.250e-36,Q:000010 (cl,P):(000,0.90) (007,0.10) (006,0.00)
LG 08 H:4.919e-36,Q:000017 (cl,P):(001,1.00) (007,0.00) (006,0.00)
L- 09 H:8.088e-02,Q:000056 tau:-0.0220382586122
RQ 08 H:1.037e-35,Q:000002 (cl,P):(007,0.50) (000,0.50) (006,0.00)
LG 08 H:1.569e-36,Q:000054 (cl,P):(007,1.00) (006,0.00) (005,0.00)
L- 11 H:1.136e+00,Q:000142 tau:0.0322916507721
R- 10 H:6.533e-02,Q:000074 tau:0.0835865959525
RG 09 H:7.279e-36,Q:000010 (cl,P):(003,0.90) (002,0.10) (007,0.00)
LG 09 H:1.327e-36,Q:000064 (cl,P):(003,1.00) (007,0.00) (006,0.00)
L- 10 H:3.424e-01,Q:000068 tau:-0.0988897755742
R- 09 H:4.000e-01,Q:000005 tau:-0.0893443450332
RQ 08 H:1.037e-35,Q:000003 (cl,P):(005,1.00) (007,0.00) (006,0.00)
LQ 08 H:1.037e-35,Q:000002 (cl,P):(005,0.50) (004,0.50) (007,0.00)
L- 09 H:1.194e-01,Q:000063 tau:-0.00810036621988
R- 08 H:1.450e-01,Q:000019 tau:-0.109082080424
RG 07 H:8.311e-36,Q:000010 (cl,P):(004,1.00) (007,0.00) (006,0.00)
LG 07 H:6.939e-36,Q:000009 (cl,P):(004,0.78) (003,0.22) (007,0.00)
LG 08 H:1.921e-36,Q:000044 (cl,P):(004,1.00) (007,0.00) (006,0.00)
L- 12 H:2.181e+00,Q:000775 tau:-0.278324216604
R- 11 H:1.703e+00,Q:000503 tau:-0.0474483259022
R- 10 H:1.260e+00,Q:000345 tau:-0.175970122218
R- 09 H:8.906e-01,Q:000201 tau:-0.0985850989819
R- 08 H:8.192e-01,Q:000035 tau:0.176982805133
RG 07 H:6.250e-36,Q:000010 (cl,P):(006,0.90) (007,0.10) (005,0.00)
L- 07 H:4.555e-01,Q:000025 tau:-0.0906899049878
RG 06 H:4.572e-36,Q:000016 (cl,P):(007,0.94) (005,0.06) (006,0.00)
L- 06 H:5.283e-01,Q:000009 tau:0.0257424283773
RG 05 H:8.898e-36,Q:000007 (cl,P):(007,0.86) (006,0.14) (005,0.00)
LQ 05 H:1.037e-35,Q:000002 (cl,P):(006,1.00) (007,0.00) (005,0.00)
L- 08 H:5.172e-01,Q:000166 tau:-0.00580705655739
R- 07 H:1.422e-01,Q:000148 tau:0.276862859726
RQ 06 H:1.037e-35,Q:000002 (cl,P):(005,1.00) (007,0.00) (006,0.00)
L- 06 H:7.844e-02,Q:000146 tau:-0.108911730349
R- 05 H:1.176e-01,Q:000017 tau:-0.0998653173447
RQ 04 H:1.037e-35,Q:000003 (cl,P):(006,1.00) (007,0.00) (005,0.00)
LG 04 H:4.482e-36,Q:000014 (cl,P):(006,0.93) (007,0.07) (005,0.00)
L- 05 H:4.253e-02,Q:000129 tau:0.0279710199684
RG 04 H:7.837e-37,Q:000109 (cl,P):(006,1.00) (007,0.00) (005,0.00)
L- 04 H:1.000e-01,Q:000020 tau:-0.136298775673
RG 03 H:4.874e-36,Q:000015 (cl,P):(006,1.00) (007,0.00) (005,0.00)
LQ 03 H:1.037e-35,Q:000005 (cl,P):(006,0.80) (005,0.20) (007,0.00)
L- 07 H:3.606e-01,Q:000018 tau:-0.121455766261
RQ 06 H:1.037e-35,Q:000004 (cl,P):(006,0.50) (005,0.50) (007,0.00)
LG 06 H:4.480e-36,Q:000014 (cl,P):(005,1.00) (007,0.00) (006,0.00)
L- 09 H:1.049e-01,Q:000144 tau:-0.185359627008
R- 08 H:2.755e-01,Q:000010 tau:-0.179971367121
RQ 07 H:1.037e-35,Q:000004 (cl,P):(005,1.00) (007,0.00) (006,0.00)
LG 07 H:8.654e-36,Q:000006 (cl,P):(006,0.50) (005,0.50) (007,0.00)
LG 08 H:6.389e-37,Q:000134 (cl,P):(005,1.00) (007,0.00) (006,0.00)
L- 10 H:9.169e-01,Q:000158 tau:-0.103667065501
R- 09 H:8.543e-01,Q:000076 tau:-0.178268283606
R- 08 H:8.849e-02,Q:000053 tau:-0.165584713221
RG 07 H:1.693e-36,Q:000050 (cl,P):(005,1.00) (007,0.00) (006,0.00)
LQ 07 H:1.037e-35,Q:000003 (cl,P):(005,0.67) (004,0.33) (007,0.00)
L- 08 H:1.198e-01,Q:000023 tau:-0.0742894113064
RG 07 H:6.628e-36,Q:000011 (cl,P):(004,0.91) (005,0.09) (007,0.00)
LG 07 H:6.936e-36,Q:000012 (cl,P):(004,1.00) (007,0.00) (006,0.00)
L- 09 H:6.338e-02,Q:000082 tau:-0.114144332707
R- 08 H:6.887e-01,Q:000004 tau:-0.113792702556
RQ 07 H:1.037e-35,Q:000002 (cl,P):(004,1.00) (007,0.00) (006,0.00)
L- 07 H:1.000e+00,Q:000002 tau:-0.114012755454
RQ 06 H:1.037e-35,Q:000001 (cl,P):(004,1.00) (007,0.00) (006,0.00)
LQ 06 H:1.037e-35,Q:000001 (cl,P):(005,1.00) (007,0.00) (006,0.00)
LG 08 H:1.091e-36,Q:000078 (cl,P):(004,1.00) (007,0.00) (006,0.00)
L- 11 H:1.255e+00,Q:000272 tau:-0.374501436949
R- 10 H:7.079e-01,Q:000135 tau:-0.0750715732574
R- 09 H:1.886e-01,Q:000110 tau:-0.363118082285
R- 08 H:1.039e-01,Q:000099 tau:-0.299357295036
R- 07 H:3.170e-01,Q:000015 tau:-0.292106449604
RG 06 H:6.254e-36,Q:000010 (cl,P):(004,0.90) (005,0.10) (007,0.00)
LQ 06 H:1.037e-35,Q:000005 (cl,P):(004,0.80) (005,0.20) (007,0.00)
LG 07 H:1.014e-36,Q:000084 (cl,P):(004,1.00) (007,0.00) (006,0.00)
L- 08 H:3.636e-01,Q:000011 tau:-0.371919184923
R- 07 H:2.500e-01,Q:000008 tau:-0.0245303679258
RQ 06 H:1.037e-35,Q:000007 (cl,P):(004,0.86) (003,0.14) (007,0.00)
LQ 06 H:1.037e-35,Q:000001 (cl,P):(003,1.00) (007,0.00) (006,0.00)
LQ 07 H:1.037e-35,Q:000003 (cl,P):(004,1.00) (007,0.00) (006,0.00)
L- 09 H:3.698e-01,Q:000025 tau:-0.0964066982269
RG 08 H:7.429e-36,Q:000007 (cl,P):(004,0.57) (003,0.43) (007,0.00)
LG 08 H:4.646e-36,Q:000018 (cl,P):(003,1.00) (007,0.00) (006,0.00)
L- 10 H:6.915e-01,Q:000137 tau:-0.106073670089
R- 09 H:3.351e-01,Q:000117 tau:-0.401774138212
R- 08 H:6.759e-01,Q:000025 tau:0.0495195686817
R- 07 H:3.061e-01,Q:000009 tau:0.220538258553
RQ 06 H:1.037e-35,Q:000002 (cl,P):(004,0.50) (003,0.50) (007,0.00)
LG 06 H:7.429e-36,Q:000007 (cl,P):(004,0.86) (003,0.14) (007,0.00)
L- 07 H:2.256e-01,Q:000016 tau:-0.0206563994288
RQ 06 H:1.037e-35,Q:000002 (cl,P):(004,0.50) (003,0.50) (007,0.00)
LG 06 H:5.219e-36,Q:000014 (cl,P):(003,1.00) (007,0.00) (006,0.00)
L- 08 H:5.255e-02,Q:000092 tau:-0.494173049927
RG 07 H:9.471e-37,Q:000090 (cl,P):(003,1.00) (007,0.00) (006,0.00)
LQ 07 H:1.037e-35,Q:000002 (cl,P):(003,0.50) (002,0.50) (007,0.00)
L- 09 H:8.755e-01,Q:000020 tau:-0.412747740746
RQ 08 H:1.037e-35,Q:000008 (cl,P):(003,1.00) (007,0.00) (006,0.00)
LG 08 H:6.079e-36,Q:000012 (cl,P):(002,1.00) (007,0.00) (006,0.00)
L- 13 H:2.057e+00,Q:000641 tau:-0.379197239876
R- 12 H:1.367e+00,Q:000390 tau:-0.278427064419
R- 11 H:8.753e-01,Q:000204 tau:-0.329265713692
R- 10 H:4.675e-01,Q:000167 tau:0.0414276085794
R- 09 H:6.667e-01,Q:000015 tau:0.0627478957176
R- 08 H:2.500e-01,Q:000008 tau:0.0795025527477
RG 07 H:8.654e-36,Q:000006 (cl,P):(002,1.00) (007,0.00) (006,0.00)
LQ 07 H:1.037e-35,Q:000002 (cl,P):(003,0.50) (002,0.50) (007,0.00)
LG 08 H:7.429e-36,Q:000007 (cl,P):(003,0.57) (002,0.43) (007,0.00)
L- 09 H:2.244e-01,Q:000152 tau:-0.196450650692
R- 08 H:3.278e-01,Q:000016 tau:-0.0321861431003
RG 07 H:7.796e-36,Q:000008 (cl,P):(003,1.00) (007,0.00) (006,0.00)
L- 07 H:2.500e-01,Q:000008 tau:-0.29117923975
RQ 06 H:1.037e-35,Q:000006 (cl,P):(004,0.50) (003,0.50) (007,0.00)
LQ 06 H:1.037e-35,Q:000002 (cl,P):(003,1.00) (007,0.00) (006,0.00)
L- 08 H:1.216e-01,Q:000136 tau:-0.263500362635
R- 07 H:4.102e-02,Q:000124 tau:-0.248065575957
RG 06 H:8.619e-37,Q:000099 (cl,P):(003,1.00) (007,0.00) (006,0.00)
LG 06 H:3.354e-36,Q:000025 (cl,P):(003,0.96) (002,0.04) (007,0.00)
L- 07 H:3.333e-01,Q:000012 tau:-0.274142533541
R- 06 H:2.000e-01,Q:000010 tau:-0.0973343327641
RG 05 H:8.654e-36,Q:000006 (cl,P):(003,1.00) (007,0.00) (006,0.00)
LQ 05 H:1.037e-35,Q:000004 (cl,P):(003,0.75) (002,0.25) (007,0.00)
LQ 06 H:1.037e-35,Q:000002 (cl,P):(003,0.50) (002,0.50) (007,0.00)
LG 10 H:2.280e-36,Q:000037 (cl,P):(002,1.00) (007,0.00) (006,0.00)
L- 11 H:8.329e-01,Q:000186 tau:-0.38192114234
R- 10 H:3.290e-01,Q:000154 tau:-0.299888193607
R- 09 H:4.025e-01,Q:000036 tau:-0.128819644451
R- 08 H:2.667e-01,Q:000015 tau:0.0127714890987
RG 07 H:7.563e-36,Q:000011 (cl,P):(002,1.00) (007,0.00) (006,0.00)
LG 07 H:7.796e-36,Q:000004 (cl,P):(003,0.50) (002,0.50) (007,0.00)
L- 08 H:9.524e-02,Q:000021 tau:-0.285299569368
RG 07 H:5.955e-36,Q:000007 (cl,P):(002,0.71) (003,0.29) (007,0.00)
LG 07 H:5.948e-36,Q:000014 (cl,P):(002,0.86) (003,0.14) (007,0.00)
L- 09 H:1.631e-01,Q:000118 tau:0.0481853932142
R- 08 H:3.962e-01,Q:000012 tau:0.0532908402383
RG 07 H:7.796e-36,Q:000008 (cl,P):(002,0.75) (001,0.25) (007,0.00)
LQ 07 H:1.037e-35,Q:000004 (cl,P):(002,0.75) (001,0.25) (007,0.00)
L- 08 H:4.424e-02,Q:000106 tau:-0.271334648132
RG 07 H:9.906e-37,Q:000086 (cl,P):(002,1.00) (007,0.00) (006,0.00)
LG 07 H:4.182e-36,Q:000020 (cl,P):(002,0.95) (001,0.05) (007,0.00)
L- 10 H:1.359e-01,Q:000032 tau:-0.286907225847
R- 09 H:1.000e+00,Q:000002 tau:-0.27878922224
RQ 08 H:1.037e-35,Q:000001 (cl,P):(001,1.00) (007,0.00) (006,0.00)
LQ 08 H:1.037e-35,Q:000001 (cl,P):(002,1.00) (007,0.00) (006,0.00)
LG 09 H:2.805e-36,Q:000030 (cl,P):(001,1.00) (007,0.00) (006,0.00)
L- 12 H:1.170e+00,Q:000251 tau:-0.486381709576
R- 11 H:4.177e-01,Q:000134 tau:-0.397295325994
R- 10 H:8.499e-02,Q:000121 tau:-0.389620989561
RG 09 H:8.311e-36,Q:000005 (cl,P):(001,0.60) (002,0.40) (007,0.00)
LG 09 H:7.369e-37,Q:000116 (cl,P):(001,1.00) (007,0.00) (006,0.00)
L- 10 H:4.315e-01,Q:000013 tau:-0.426224917173
R- 09 H:4.000e-01,Q:000005 tau:-0.379335969687
RQ 08 H:1.037e-35,Q:000001 (cl,P):(001,1.00) (007,0.00) (006,0.00)
LQ 08 H:1.037e-35,Q:000004 (cl,P):(001,0.50) (000,0.50) (007,0.00)
LG 09 H:6.500e-36,Q:000008 (cl,P):(000,1.00) (007,0.00) (006,0.00)
L- 11 H:3.650e-01,Q:000117 tau:-0.429543852806
R- 10 H:1.433e-01,Q:000108 tau:-0.501905858517
R- 09 H:8.000e-01,Q:000005 tau:-0.492365092039
RQ 08 H:1.037e-35,Q:000002 (cl,P):(001,0.50) (000,0.50) (007,0.00)
LQ 08 H:1.037e-35,Q:000003 (cl,P):(000,0.67) (001,0.33) (007,0.00)
L- 09 H:5.046e-02,Q:000103 tau:0.066130541265
R- 08 H:4.000e-01,Q:000005 tau:-0.531758904457
RQ 07 H:1.037e-35,Q:000002 (cl,P):(000,1.00) (007,0.00) (006,0.00)
LQ 07 H:1.037e-35,Q:000003 (cl,P):(000,0.67) (007,0.33) (006,0.00)
LG 08 H:8.706e-37,Q:000098 (cl,P):(000,1.00) (007,0.00) (006,0.00)
L- 10 H:3.061e-01,Q:000009 tau:-0.564807593822
RG 09 H:6.939e-36,Q:000006 (cl,P):(007,0.50) (000,0.50) (006,0.00)
LQ 09 H:1.037e-35,Q:000003 (cl,P):(007,1.00) (006,0.00) (005,0.00)
L- 18 H:2.271e+00,Q:000822 tau:-0.702257812023
R- 17 H:1.909e+00,Q:000449 tau:-0.336681693792
R- 16 H:1.622e+00,Q:000365 tau:-0.608914554119
R- 15 H:1.397e+00,Q:000208 tau:0.605858147144
R- 14 H:5.854e-01,Q:000028 tau:0.65296536684
R- 13 H:3.444e-01,Q:000024 tau:0.762438595295
R- 12 H:2.500e-01,Q:000008 tau:-0.604811191559
RQ 11 H:1.037e-35,Q:000007 (cl,P):(000,0.57) (007,0.43) (006,0.00)
LQ 11 H:1.037e-35,Q:000001 (cl,P):(007,1.00) (006,0.00) (005,0.00)
LG 12 H:4.575e-36,Q:000016 (cl,P):(000,1.00) (007,0.00) (006,0.00)
LQ 13 H:1.037e-35,Q:000004 (cl,P):(001,0.50) (000,0.50) (007,0.00)
L- 14 H:9.467e-01,Q:000180 tau:-0.164479389787
R- 13 H:7.550e-01,Q:000149 tau:0.402250289917
R- 12 H:3.973e-01,Q:000034 tau:-0.517012834549
RG 11 H:6.507e-36,Q:000008 (cl,P):(002,0.50) (001,0.50) (007,0.00)
L- 11 H:1.060e-01,Q:000026 tau:0.478323936462
RG 10 H:3.857e-36,Q:000019 (cl,P):(001,1.00) (007,0.00) (006,0.00)
LG 10 H:8.898e-36,Q:000007 (cl,P):(001,0.86) (002,0.14) (007,0.00)
L- 12 H:2.317e-01,Q:000115 tau:-0.597634673119
R- 11 H:4.753e-02,Q:000107 tau:-0.58676469326
RG 10 H:8.368e-37,Q:000102 (cl,P):(002,1.00) (007,0.00) (006,0.00)
LG 10 H:6.254e-36,Q:000005 (cl,P):(002,0.80) (001,0.20) (007,0.00)
L- 11 H:5.944e-01,Q:000008 tau:0.219676941633
RQ 10 H:1.037e-35,Q:000003 (cl,P):(002,0.67) (001,0.33) (007,0.00)
LG 10 H:8.311e-36,Q:000005 (cl,P):(001,0.60) (002,0.40) (007,0.00)
L- 13 H:2.950e-01,Q:000031 tau:-0.278433740139
R- 12 H:9.524e-02,Q:000021 tau:-0.512633502483
RQ 11 H:1.037e-35,Q:000003 (cl,P):(001,0.67) (002,0.33) (007,0.00)
LG 11 H:4.065e-36,Q:000018 (cl,P):(001,0.94) (002,0.06) (007,0.00)
LG 12 H:5.217e-36,Q:000010 (cl,P):(001,0.90) (000,0.10) (007,0.00)
L- 15 H:1.031e+00,Q:000157 tau:0.496637672186
R- 14 H:7.669e-01,Q:000024 tau:-0.680076599121
R- 13 H:2.353e-01,Q:000017 tau:-0.641181528568
RG 12 H:7.429e-36,Q:000007 (cl,P):(000,0.71) (007,0.29) (006,0.00)
LG 12 H:8.307e-36,Q:000010 (cl,P):(000,0.70) (007,0.30) (006,0.00)
LG 13 H:7.429e-36,Q:000007 (cl,P):(007,0.71) (000,0.29) (006,0.00)
L- 14 H:5.852e-01,Q:000133 tau:-0.17369376123
R- 13 H:1.209e-01,Q:000114 tau:-0.138483926654
R- 12 H:4.709e-02,Q:000108 tau:0.448775619268
RG 11 H:6.939e-36,Q:000006 (cl,P):(001,0.83) (000,0.17) (007,0.00)
LG 11 H:8.368e-37,Q:000102 (cl,P):(001,1.00) (007,0.00) (006,0.00)
L- 12 H:4.591e-01,Q:000006 tau:-0.147163927555
RQ 11 H:1.037e-35,Q:000002 (cl,P):(001,0.50) (000,0.50) (007,0.00)
L- 11 H:5.000e-01,Q:000004 tau:-0.168120473623
RQ 10 H:1.037e-35,Q:000003 (cl,P):(001,1.00) (007,0.00) (006,0.00)
LQ 10 H:1.037e-35,Q:000001 (cl,P):(000,1.00) (007,0.00) (006,0.00)
LG 13 H:4.403e-36,Q:000019 (cl,P):(000,0.95) (001,0.05) (007,0.00)
L- 16 H:1.066e+00,Q:000084 tau:-0.447823882103
R- 15 H:8.255e-01,Q:000047 tau:-0.659215033054
R- 14 H:2.257e-01,Q:000035 tau:-0.527725219727
RG 13 H:8.898e-36,Q:000007 (cl,P):(000,0.86) (001,0.14) (007,0.00)
L- 13 H:1.429e-01,Q:000028 tau:-0.562526702881
RG 12 H:8.082e-36,Q:000009 (cl,P):(000,1.00) (007,0.00) (006,0.00)
L- 12 H:1.450e-01,Q:000019 tau:-0.399588942528
RG 11 H:5.563e-36,Q:000015 (cl,P):(000,1.00) (007,0.00) (006,0.00)
LG 11 H:7.796e-36,Q:000004 (cl,P):(007,0.50) (000,0.50) (006,0.00)
LG 14 H:5.225e-36,Q:000012 (cl,P):(007,1.00) (006,0.00) (005,0.00)
L- 15 H:3.486e-01,Q:000037 tau:-0.499923765659
RQ 14 H:1.037e-35,Q:000002 (cl,P):(000,1.00) (007,0.00) (006,0.00)
L- 14 H:1.574e-01,Q:000035 tau:-0.656337559223
RG 13 H:2.901e-36,Q:000029 (cl,P):(007,1.00) (006,0.00) (005,0.00)
LG 13 H:6.939e-36,Q:000006 (cl,P):(007,0.67) (006,0.33) (005,0.00)
L- 17 H:1.684e+00,Q:000373 tau:-0.800867855549
R- 16 H:1.404e+00,Q:000187 tau:-0.272402256727
R- 15 H:7.809e-01,Q:000145 tau:0.545893788338
R- 14 H:2.163e-01,Q:000015 tau:-0.716899752617
RQ 13 H:1.037e-35,Q:000004 (cl,P):(007,0.75) (000,0.25) (006,0.00)
LG 13 H:7.560e-36,Q:000011 (cl,P):(007,1.00) (006,0.00) (005,0.00)
L- 14 H:4.763e-01,Q:000130 tau:-0.713987052441
R- 13 H:4.000e-01,Q:000015 tau:-0.173691943288
R- 12 H:4.413e-01,Q:000011 tau:0.485891163349
RQ 11 H:1.037e-35,Q:000001 (cl,P):(000,1.00) (007,0.00) (006,0.00)
L- 11 H:3.245e-01,Q:000010 tau:-0.706227123737
RQ 10 H:1.037e-35,Q:000005 (cl,P):(000,0.60) (001,0.40) (007,0.00)
LG 10 H:6.247e-36,Q:000005 (cl,P):(001,0.80) (000,0.20) (007,0.00)
LG 12 H:7.796e-36,Q:000004 (cl,P):(000,1.00) (007,0.00) (006,0.00)
L- 13 H:3.049e-01,Q:000115 tau:-0.155621603131
R- 12 H:9.936e-02,Q:000102 tau:0.46655446291
RG 11 H:6.939e-36,Q:000006 (cl,P):(000,0.83) (007,0.17) (006,0.00)
L- 11 H:5.414e-02,Q:000096 tau:-0.723066270351
R- 10 H:5.000e-01,Q:000004 tau:-0.723004460335
RQ 09 H:1.037e-35,Q:000003 (cl,P):(000,1.00) (007,0.00) (006,0.00)
LQ 09 H:1.037e-35,Q:000001 (cl,P):(001,1.00) (007,0.00) (006,0.00)
LG 10 H:9.267e-37,Q:000092 (cl,P):(000,1.00) (007,0.00) (006,0.00)
L- 12 H:3.077e-01,Q:000013 tau:-0.77614480257
RG 11 H:8.082e-36,Q:000009 (cl,P):(000,0.89) (007,0.11) (006,0.00)
LQ 11 H:1.037e-35,Q:000004 (cl,P):(007,1.00) (006,0.00) (005,0.00)
L- 15 H:1.009e+00,Q:000042 tau:-0.45491412282
R- 14 H:2.503e-01,Q:000019 tau:-0.432466268539
RG 13 H:4.916e-36,Q:000017 (cl,P):(007,1.00) (006,0.00) (005,0.00)
LQ 13 H:1.037e-35,Q:000002 (cl,P):(006,1.00) (007,0.00) (005,0.00)
L- 14 H:2.111e-01,Q:000023 tau:-0.778807461262
RG 13 H:4.406e-36,Q:000019 (cl,P):(006,1.00) (007,0.00) (005,0.00)
LG 13 H:7.796e-36,Q:000004 (cl,P):(006,0.50) (005,0.50) (007,0.00)
L- 16 H:1.076e+00,Q:000186 tau:-0.233912140131
R- 15 H:7.966e-01,Q:000143 tau:-0.930199921131
R- 14 H:1.834e-01,Q:000115 tau:-0.820272326469
R- 13 H:3.333e-01,Q:000012 tau:-0.812993764877
RG 12 H:6.936e-36,Q:000009 (cl,P):(007,0.78) (000,0.22) (006,0.00)
LQ 12 H:1.037e-35,Q:000003 (cl,P):(007,0.67) (000,0.33) (006,0.00)
L- 13 H:4.938e-02,Q:000103 tau:-0.917771458626
RG 12 H:9.072e-37,Q:000094 (cl,P):(007,1.00) (006,0.00) (005,0.00)
LG 12 H:6.936e-36,Q:000009 (cl,P):(007,0.89) (006,0.11) (005,0.00)
L- 14 H:2.273e-01,Q:000028 tau:0.0990058258176
RG 13 H:7.424e-36,Q:000007 (cl,P):(006,0.71) (007,0.29) (005,0.00)
LG 13 H:3.496e-36,Q:000021 (cl,P):(006,1.00) (007,0.00) (005,0.00)
L- 15 H:4.389e-01,Q:000043 tau:-0.855866849422
R- 14 H:5.629e-01,Q:000012 tau:-0.816426753998
RQ 13 H:1.037e-35,Q:000005 (cl,P):(007,0.60) (006,0.40) (005,0.00)
L- 13 H:2.857e-01,Q:000007 tau:-0.831578314304
RQ 12 H:1.037e-35,Q:000004 (cl,P):(006,0.75) (005,0.25) (007,0.00)
LQ 12 H:1.037e-35,Q:000003 (cl,P):(006,0.67) (005,0.33) (007,0.00)
LG 14 H:2.716e-36,Q:000031 (cl,P):(006,1.00) (007,0.00) (005,0.00)
L- 19 H:2.121e+00,Q:000629 tau:-0.809218049049
R- 18 H:2.036e+00,Q:000448 tau:0.372727662325
R- 17 H:1.516e+00,Q:000096 tau:0.53278452158
R- 16 H:8.519e-01,Q:000049 tau:0.658802866936
R- 15 H:2.972e-01,Q:000016 tau:0.721686720848
RG 14 H:7.560e-36,Q:000011 (cl,P):(003,1.00) (007,0.00) (006,0.00)
LQ 14 H:1.037e-35,Q:000005 (cl,P):(003,0.60) (004,0.40) (007,0.00)
L- 15 H:2.017e-01,Q:000033 tau:0.561167418957
R- 14 H:1.060e-01,Q:000026 tau:-0.67285066843
RG 13 H:4.072e-36,Q:000018 (cl,P):(004,1.00) (007,0.00) (006,0.00)
LG 13 H:6.507e-36,Q:000008 (cl,P):(004,0.75) (003,0.25) (007,0.00)
LG 14 H:5.955e-36,Q:000007 (cl,P):(004,0.86) (005,0.14) (007,0.00)
L- 16 H:8.876e-01,Q:000047 tau:-0.730749368668
R- 15 H:3.713e-01,Q:000031 tau:-0.608924567699
R- 14 H:3.444e-01,Q:000008 tau:-0.58622688055
RQ 13 H:1.037e-35,Q:000001 (cl,P):(005,1.00) (007,0.00) (006,0.00)
LG 13 H:7.429e-36,Q:000007 (cl,P):(005,0.57) (006,0.43) (007,0.00)
L- 14 H:1.198e-01,Q:000023 tau:-0.70633405447
RG 13 H:4.405e-36,Q:000019 (cl,P):(005,1.00) (007,0.00) (006,0.00)
LQ 13 H:1.037e-35,Q:000004 (cl,P):(005,0.75) (004,0.25) (007,0.00)
L- 15 H:3.688e-01,Q:000016 tau:0.461651831865
RG 14 H:5.685e-36,Q:000011 (cl,P):(004,1.00) (007,0.00) (006,0.00)
L- 14 H:4.000e-01,Q:000005 tau:-0.763031363487
RQ 13 H:1.037e-35,Q:000003 (cl,P):(005,0.67) (004,0.33) (007,0.00)
LQ 13 H:1.037e-35,Q:000002 (cl,P):(005,0.50) (004,0.50) (007,0.00)
L- 17 H:1.488e+00,Q:000352 tau:-0.708733618259
R- 16 H:1.199e+00,Q:000197 tau:-0.53570073843
R- 15 H:9.758e-01,Q:000167 tau:0.155496656895
R- 14 H:5.888e-01,Q:000041 tau:-0.61598020792
RG 13 H:5.222e-36,Q:000010 (cl,P):(007,0.50) (006,0.50) (005,0.00)
L- 13 H:3.100e-01,Q:000031 tau:-0.63982462883
RG 12 H:8.078e-36,Q:000009 (cl,P):(006,0.78) (007,0.22) (005,0.00)
L- 12 H:1.475e-01,Q:000022 tau:0.371067255735
RQ 11 H:1.037e-35,Q:000001 (cl,P):(005,1.00) (007,0.00) (006,0.00)
LG 11 H:3.988e-36,Q:000021 (cl,P):(006,1.00) (007,0.00) (005,0.00)
L- 14 H:5.278e-01,Q:000126 tau:-0.432563245296
R- 13 H:3.075e-01,Q:000114 tau:-0.605111241341
R- 12 H:3.061e-01,Q:000009 tau:-0.596152842045
RG 11 H:6.939e-36,Q:000003 (cl,P):(007,0.67) (000,0.33) (006,0.00)
LG 11 H:6.939e-36,Q:000006 (cl,P):(000,0.67) (007,0.33) (006,0.00)
L- 12 H:9.794e-02,Q:000105 tau:0.114232026041
R- 11 H:3.444e-01,Q:000008 tau:0.136074364185
RG 10 H:8.311e-36,Q:000005 (cl,P):(007,0.80) (006,0.20) (005,0.00)
LQ 10 H:1.037e-35,Q:000003 (cl,P):(007,0.67) (006,0.33) (005,0.00)
LG 11 H:8.794e-37,Q:000097 (cl,P):(007,1.00) (006,0.00) (005,0.00)
L- 13 H:5.629e-01,Q:000012 tau:-0.627580285072
RQ 12 H:1.037e-35,Q:000005 (cl,P):(007,1.00) (006,0.00) (005,0.00)
LG 12 H:8.898e-36,Q:000007 (cl,P):(006,1.00) (007,0.00) (005,0.00)
L- 15 H:5.511e-01,Q:000030 tau:-0.714745700359
RG 14 H:3.649e-36,Q:000023 (cl,P):(006,1.00) (007,0.00) (005,0.00)
L- 14 H:3.936e-01,Q:000007 tau:-0.746292948723
RG 13 H:6.939e-36,Q:000003 (cl,P):(005,1.00) (007,0.00) (006,0.00)
LG 13 H:7.796e-36,Q:000004 (cl,P):(005,0.75) (006,0.25) (007,0.00)
L- 16 H:8.569e-01,Q:000155 tau:0.174318432808
R- 15 H:3.256e-01,Q:000026 tau:0.213465854526
RG 14 H:3.671e-36,Q:000020 (cl,P):(005,1.00) (007,0.00) (006,0.00)
LG 14 H:8.654e-36,Q:000006 (cl,P):(006,0.50) (005,0.50) (007,0.00)
L- 15 H:6.165e-01,Q:000129 tau:-0.472014009953
R- 14 H:9.608e-02,Q:000102 tau:-0.790548205376
R- 13 H:5.206e-02,Q:000087 tau:-0.722525775433
RQ 12 H:1.037e-35,Q:000006 (cl,P):(006,0.83) (007,0.17) (005,0.00)
LG 12 H:1.051e-36,Q:000081 (cl,P):(006,1.00) (007,0.00) (005,0.00)
LG 13 H:4.872e-36,Q:000015 (cl,P):(006,0.93) (005,0.07) (007,0.00)
L- 14 H:4.906e-01,Q:000027 tau:-0.52371019125
RG 13 H:6.936e-36,Q:000009 (cl,P):(006,0.67) (005,0.33) (007,0.00)
L- 13 H:1.530e-01,Q:000018 tau:-0.713990569115
RQ 12 H:1.037e-35,Q:000001 (cl,P):(006,1.00) (007,0.00) (005,0.00)
LG 12 H:4.309e-36,Q:000017 (cl,P):(005,1.00) (007,0.00) (006,0.00)
L- 18 H:1.079e+00,Q:000181 tau:-0.924007594585
R- 17 H:8.724e-01,Q:000139 tau:0.275839745998
R- 16 H:5.694e-01,Q:000031 tau:-0.830922186375
R- 15 H:3.333e-01,Q:000006 tau:0.43167719245
RQ 14 H:1.037e-35,Q:000001 (cl,P):(004,1.00) (007,0.00) (006,0.00)
LG 14 H:8.311e-36,Q:000005 (cl,P):(005,1.00) (007,0.00) (006,0.00)
L- 15 H:1.298e-01,Q:000025 tau:0.475281000137
RQ 14 H:1.037e-35,Q:000001 (cl,P):(003,1.00) (007,0.00) (006,0.00)
LG 14 H:3.495e-36,Q:000024 (cl,P):(004,1.00) (007,0.00) (006,0.00)
L- 16 H:2.690e-01,Q:000108 tau:-0.824313223362
R- 15 H:2.296e-01,Q:000012 tau:-0.0981274321675
RG 14 H:8.898e-36,Q:000007 (cl,P):(005,0.71) (006,0.29) (007,0.00)
LG 14 H:8.311e-36,Q:000005 (cl,P):(005,0.60) (006,0.40) (007,0.00)
L- 15 H:1.047e-01,Q:000096 tau:0.167753323913
RQ 14 H:1.037e-35,Q:000006 (cl,P):(005,0.67) (004,0.33) (007,0.00)
LG 14 H:9.470e-37,Q:000090 (cl,P):(005,1.00) (007,0.00) (006,0.00)
L- 17 H:2.901e-01,Q:000042 tau:-0.0256042592227
RG 16 H:2.898e-36,Q:000029 (cl,P):(004,1.00) (007,0.00) (006,0.00)
L- 16 H:3.077e-01,Q:000013 tau:-0.0651818066835
RG 15 H:8.311e-36,Q:000005 (cl,P):(004,0.80) (005,0.20) (007,0.00)
LG 15 H:7.796e-36,Q:000008 (cl,P):(004,0.75) (005,0.25) (007,0.00)
---------------------
