>>>>>>> 20150509_170003<<<<<<<
*- 20 H:3.000e+00,Q:006400 tau:0.596754193306
R- 19 H:2.092e+00,Q:000610 tau:0.815396606922
R- 18 H:1.060e+00,Q:000182 tau:0.226145029068
R- 17 H:2.850e-01,Q:000038 tau:0.416391253471
RG 16 H:7.796e-36,Q:000008 (cl,P):(002,0.75) (001,0.25) (007,0.00)
L- 16 H:1.082e-01,Q:000030 tau:0.908605217934
RG 15 H:6.250e-36,Q:000010 (cl,P):(002,1.00) (007,0.00) (006,0.00)
LG 15 H:4.184e-36,Q:000020 (cl,P):(002,0.95) (003,0.05) (007,0.00)
L- 17 H:8.331e-01,Q:000144 tau:0.945244729519
R- 16 H:2.347e-01,Q:000032 tau:-0.000494539330248
RG 15 H:3.648e-36,Q:000023 (cl,P):(002,1.00) (007,0.00) (006,0.00)
L- 15 H:2.222e-01,Q:000009 tau:0.972713887691
RG 14 H:8.898e-36,Q:000007 (cl,P):(002,1.00) (007,0.00) (006,0.00)
LQ 14 H:1.037e-35,Q:000002 (cl,P):(003,1.00) (007,0.00) (006,0.00)
L- 16 H:1.835e-01,Q:000112 tau:0.838855028152
R- 15 H:1.057e-01,Q:000094 tau:0.917083919048
R- 14 H:4.444e-01,Q:000009 tau:0.0448879562318
RQ 13 H:1.037e-35,Q:000002 (cl,P):(003,0.50) (002,0.50) (007,0.00)
L- 13 H:2.857e-01,Q:000007 tau:-0.141721859574
RQ 12 H:1.037e-35,Q:000005 (cl,P):(003,0.80) (002,0.20) (007,0.00)
LQ 12 H:1.037e-35,Q:000002 (cl,P):(003,1.00) (007,0.00) (006,0.00)
LG 14 H:1.002e-36,Q:000085 (cl,P):(003,1.00) (007,0.00) (006,0.00)
L- 15 H:1.530e-01,Q:000018 tau:0.0615778751671
RG 14 H:5.218e-36,Q:000010 (cl,P):(003,1.00) (007,0.00) (006,0.00)
LG 14 H:6.511e-36,Q:000008 (cl,P):(003,0.75) (004,0.25) (007,0.00)
L- 18 H:1.968e+00,Q:000428 tau:0.352406829596
R- 17 H:1.476e+00,Q:000090 tau:0.546481132507
R- 16 H:7.451e-01,Q:000038 tau:0.649764716625
R- 15 H:1.450e-01,Q:000019 tau:0.698874771595
RG 14 H:7.796e-36,Q:000004 (cl,P):(001,1.00) (007,0.00) (006,0.00)
LG 14 H:5.563e-36,Q:000015 (cl,P):(001,0.80) (002,0.20) (007,0.00)
L- 15 H:1.450e-01,Q:000019 tau:0.717703044415
RQ 14 H:1.037e-35,Q:000003 (cl,P):(001,0.67) (002,0.33) (007,0.00)
LG 14 H:4.576e-36,Q:000016 (cl,P):(002,1.00) (007,0.00) (006,0.00)
L- 16 H:8.579e-01,Q:000052 tau:0.726725876331
R- 15 H:5.712e-01,Q:000024 tau:0.423667192459
RG 14 H:4.307e-36,Q:000017 (cl,P):(002,0.94) (003,0.06) (007,0.00)
LG 14 H:8.898e-36,Q:000007 (cl,P):(003,1.00) (007,0.00) (006,0.00)
L- 15 H:2.958e-01,Q:000028 tau:0.449096113443
RG 14 H:4.306e-36,Q:000017 (cl,P):(003,1.00) (007,0.00) (006,0.00)
L- 14 H:5.009e-01,Q:000011 tau:0.637013375759
RG 13 H:6.511e-36,Q:000008 (cl,P):(003,1.00) (007,0.00) (006,0.00)
LQ 13 H:1.037e-35,Q:000003 (cl,P):(004,1.00) (007,0.00) (006,0.00)
L- 17 H:1.419e+00,Q:000338 tau:0.701350212097
R- 16 H:8.779e-01,Q:000159 tau:-0.503843009472
R- 15 H:6.650e-01,Q:000133 tau:0.172944784164
R- 14 H:6.584e-01,Q:000026 tau:0.761617064476
RG 13 H:5.220e-36,Q:000014 (cl,P):(003,1.00) (007,0.00) (006,0.00)
L- 13 H:2.296e-01,Q:000012 tau:0.336975127459
RQ 12 H:1.037e-35,Q:000002 (cl,P):(003,1.00) (007,0.00) (006,0.00)
LG 12 H:5.225e-36,Q:000010 (cl,P):(004,0.80) (003,0.20) (007,0.00)
L- 14 H:1.910e-01,Q:000107 tau:0.728020012379
R- 13 H:1.077e-01,Q:000091 tau:-0.459905713797
R- 12 H:5.494e-02,Q:000088 tau:0.145008012652
R- 11 H:4.000e-01,Q:000005 tau:0.786748170853
RQ 10 H:1.037e-35,Q:000001 (cl,P):(003,1.00) (007,0.00) (006,0.00)
LQ 10 H:1.037e-35,Q:000004 (cl,P):(004,1.00) (007,0.00) (006,0.00)
LG 11 H:1.026e-36,Q:000083 (cl,P):(004,1.00) (007,0.00) (006,0.00)
LQ 12 H:1.037e-35,Q:000003 (cl,P):(004,0.67) (003,0.33) (007,0.00)
L- 13 H:2.500e-01,Q:000016 tau:0.112034879625
RG 12 H:7.796e-36,Q:000004 (cl,P):(004,1.00) (007,0.00) (006,0.00)
L- 12 H:1.667e-01,Q:000012 tau:0.707655131817
RG 11 H:9.225e-36,Q:000009 (cl,P):(004,0.78) (005,0.22) (007,0.00)
LQ 11 H:1.037e-35,Q:000003 (cl,P):(004,1.00) (007,0.00) (006,0.00)
L- 15 H:4.427e-01,Q:000026 tau:0.721686720848
RG 14 H:3.988e-36,Q:000021 (cl,P):(003,1.00) (007,0.00) (006,0.00)
LG 14 H:8.311e-36,Q:000005 (cl,P):(004,0.80) (003,0.20) (007,0.00)
L- 16 H:1.090e+00,Q:000179 tau:-0.442649424076
R- 15 H:8.232e-01,Q:000143 tau:0.194769278169
R- 14 H:2.450e-01,Q:000031 tau:0.212422132492
R- 13 H:1.534e-01,Q:000027 tau:0.693856954575
RQ 12 H:1.037e-35,Q:000002 (cl,P):(004,0.50) (003,0.50) (007,0.00)
LG 12 H:3.359e-36,Q:000025 (cl,P):(004,1.00) (007,0.00) (006,0.00)
LQ 13 H:1.037e-35,Q:000004 (cl,P):(004,0.75) (005,0.25) (007,0.00)
L- 14 H:1.900e-01,Q:000112 tau:0.685890376568
R- 13 H:5.000e-01,Q:000012 tau:-0.241990536451
R- 12 H:2.222e-01,Q:000009 tau:0.0460489317775
RQ 11 H:1.037e-35,Q:000002 (cl,P):(005,0.50) (004,0.50) (007,0.00)
LG 11 H:5.955e-36,Q:000007 (cl,P):(005,1.00) (007,0.00) (006,0.00)
LQ 12 H:1.037e-35,Q:000003 (cl,P):(004,0.67) (005,0.33) (007,0.00)
L- 13 H:5.197e-02,Q:000100 tau:0.611064910889
RG 12 H:9.576e-37,Q:000089 (cl,P):(005,1.00) (007,0.00) (006,0.00)
L- 12 H:1.818e-01,Q:000011 tau:0.174497738481
RQ 11 H:1.037e-35,Q:000002 (cl,P):(005,1.00) (007,0.00) (006,0.00)
LG 11 H:6.939e-36,Q:000009 (cl,P):(005,0.89) (006,0.11) (007,0.00)
L- 15 H:5.805e-01,Q:000036 tau:0.624763846397
R- 14 H:2.439e-01,Q:000023 tau:-0.63273614645
RG 13 H:4.648e-36,Q:000018 (cl,P):(004,1.00) (007,0.00) (006,0.00)
L- 13 H:4.000e-01,Q:000005 tau:-0.67285066843
RQ 12 H:1.037e-35,Q:000003 (cl,P):(004,1.00) (007,0.00) (006,0.00)
LQ 12 H:1.037e-35,Q:000002 (cl,P):(003,1.00) (007,0.00) (006,0.00)
L- 14 H:3.658e-01,Q:000013 tau:-0.690189301968
R- 13 H:1.818e-01,Q:000011 tau:0.611144423485
RG 12 H:8.654e-36,Q:000006 (cl,P):(004,0.67) (005,0.33) (007,0.00)
LQ 12 H:1.037e-35,Q:000005 (cl,P):(004,0.80) (005,0.20) (007,0.00)
LQ 13 H:1.037e-35,Q:000002 (cl,P):(003,1.00) (007,0.00) (006,0.00)
L- 19 H:2.992e+00,Q:005790 tau:-0.480723410845
R- 18 H:2.984e+00,Q:004920 tau:-0.602091789246
R- 17 H:2.981e+00,Q:004371 tau:-0.176218599081
R- 16 H:2.977e+00,Q:003085 tau:0.391358733177
R- 15 H:2.458e+00,Q:000714 tau:0.615835011005
R- 14 H:1.848e+00,Q:000385 tau:0.805087685585
R- 13 H:9.869e-01,Q:000143 tau:0.933614075184
R- 12 H:2.285e-01,Q:000030 tau:0.941961705685
RG 11 H:3.004e-36,Q:000028 (cl,P):(000,1.00) (007,0.00) (006,0.00)
LQ 11 H:1.037e-35,Q:000002 (cl,P):(001,1.00) (007,0.00) (006,0.00)
L- 12 H:3.523e-01,Q:000113 tau:0.845262110233
RG 11 H:1.051e-36,Q:000081 (cl,P):(001,1.00) (007,0.00) (006,0.00)
L- 11 H:6.691e-01,Q:000032 tau:0.304756462574
R- 10 H:1.250e-01,Q:000016 tau:0.808078765869
RG 09 H:5.689e-36,Q:000011 (cl,P):(001,0.91) (002,0.09) (007,0.00)
LQ 09 H:1.037e-35,Q:000005 (cl,P):(001,1.00) (007,0.00) (006,0.00)
L- 10 H:2.972e-01,Q:000016 tau:0.840019822121
RG 09 H:6.247e-36,Q:000005 (cl,P):(001,0.80) (002,0.20) (007,0.00)
LG 09 H:6.625e-36,Q:000011 (cl,P):(002,0.64) (001,0.36) (007,0.00)
L- 13 H:1.165e+00,Q:000242 tau:0.719980657101
R- 12 H:3.743e-01,Q:000103 tau:0.521688818932
R- 11 H:2.500e-01,Q:000008 tau:0.786444067955
RQ 10 H:1.037e-35,Q:000004 (cl,P):(001,1.00) (007,0.00) (006,0.00)
LQ 10 H:1.037e-35,Q:000004 (cl,P):(002,0.50) (001,0.50) (007,0.00)
L- 11 H:1.082e-01,Q:000095 tau:0.410429209471
R- 10 H:1.818e-01,Q:000011 tau:0.756282806396
RQ 09 H:1.037e-35,Q:000002 (cl,P):(002,0.50) (001,0.50) (007,0.00)
LG 09 H:6.939e-36,Q:000009 (cl,P):(002,1.00) (007,0.00) (006,0.00)
L- 10 H:5.755e-02,Q:000084 tau:0.743808567524
RG 09 H:1.249e-36,Q:000068 (cl,P):(002,1.00) (007,0.00) (006,0.00)
L- 09 H:1.722e-01,Q:000016 tau:0.736497044563
RG 08 H:8.311e-36,Q:000005 (cl,P):(002,0.80) (003,0.20) (007,0.00)
LG 08 H:6.628e-36,Q:000011 (cl,P):(002,1.00) (007,0.00) (006,0.00)
L- 12 H:7.121e-01,Q:000139 tau:0.451848745346
RG 11 H:2.940e-36,Q:000025 (cl,P):(002,1.00) (007,0.00) (006,0.00)
L- 11 H:2.173e-01,Q:000114 tau:-0.108478911221
R- 10 H:9.998e-02,Q:000105 tau:0.625482439995
R- 09 H:5.243e-02,Q:000097 tau:0.272647440434
R- 08 H:7.692e-02,Q:000026 tau:0.663175463676
RG 07 H:7.282e-36,Q:000010 (cl,P):(003,0.90) (002,0.10) (007,0.00)
LG 07 H:4.575e-36,Q:000016 (cl,P):(003,1.00) (007,0.00) (006,0.00)
LG 08 H:1.197e-36,Q:000071 (cl,P):(003,1.00) (007,0.00) (006,0.00)
L- 09 H:2.500e-01,Q:000008 tau:0.274899840355
RG 08 H:7.796e-36,Q:000004 (cl,P):(003,1.00) (007,0.00) (006,0.00)
LQ 08 H:1.037e-35,Q:000004 (cl,P):(003,0.75) (004,0.25) (007,0.00)
L- 10 H:5.283e-01,Q:000009 tau:-0.153407230973
RG 09 H:7.429e-36,Q:000007 (cl,P):(003,0.57) (002,0.43) (007,0.00)
LQ 09 H:1.037e-35,Q:000002 (cl,P):(003,1.00) (007,0.00) (006,0.00)
L- 14 H:1.330e+00,Q:000329 tau:0.481387078762
R- 13 H:6.981e-01,Q:000173 tau:0.372250914574
R- 12 H:6.795e-01,Q:000044 tau:0.534997522831
R- 11 H:1.298e-01,Q:000025 tau:0.597119510174
RG 10 H:6.254e-36,Q:000010 (cl,P):(003,1.00) (007,0.00) (006,0.00)
L- 10 H:1.333e-01,Q:000015 tau:0.540952205658
RG 09 H:8.654e-36,Q:000006 (cl,P):(003,1.00) (007,0.00) (006,0.00)
LG 09 H:5.793e-36,Q:000009 (cl,P):(003,0.89) (004,0.11) (007,0.00)
L- 11 H:4.211e-01,Q:000019 tau:0.562638819218
RQ 10 H:1.037e-35,Q:000003 (cl,P):(003,1.00) (007,0.00) (006,0.00)
LG 10 H:4.573e-36,Q:000016 (cl,P):(004,1.00) (007,0.00) (006,0.00)
L- 12 H:3.072e-01,Q:000129 tau:0.595543861389
R- 11 H:2.755e-01,Q:000010 tau:0.605735957623
RG 10 H:6.939e-36,Q:000003 (cl,P):(004,0.67) (003,0.33) (007,0.00)
LG 10 H:7.429e-36,Q:000007 (cl,P):(004,0.57) (003,0.43) (007,0.00)
L- 11 H:1.935e-01,Q:000119 tau:-0.102618999779
R- 10 H:1.251e-01,Q:000105 tau:0.499291270971
RG 09 H:8.533e-37,Q:000100 (cl,P):(004,1.00) (007,0.00) (006,0.00)
L- 09 H:5.510e-01,Q:000005 tau:0.484034717083
RG 08 H:7.796e-36,Q:000004 (cl,P):(005,0.75) (004,0.25) (007,0.00)
LQ 08 H:1.037e-35,Q:000001 (cl,P):(004,1.00) (007,0.00) (006,0.00)
LG 10 H:5.223e-36,Q:000014 (cl,P):(004,0.86) (003,0.14) (007,0.00)
L- 13 H:7.735e-01,Q:000156 tau:0.436591058969
R- 12 H:1.000e-01,Q:000020 tau:0.456877022982
RQ 11 H:1.037e-35,Q:000005 (cl,P):(004,0.80) (003,0.20) (007,0.00)
LG 11 H:4.871e-36,Q:000015 (cl,P):(004,1.00) (007,0.00) (006,0.00)
L- 12 H:4.566e-01,Q:000136 tau:-0.0400939211249
R- 11 H:1.838e-01,Q:000111 tau:0.410966783762
R- 10 H:2.857e-01,Q:000007 tau:0.473175734282
RQ 09 H:1.037e-35,Q:000001 (cl,P):(004,1.00) (007,0.00) (006,0.00)
LG 09 H:8.654e-36,Q:000006 (cl,P):(005,0.67) (004,0.33) (007,0.00)
L- 10 H:5.097e-02,Q:000104 tau:0.42019790411
RG 09 H:1.038e-36,Q:000082 (cl,P):(005,1.00) (007,0.00) (006,0.00)
L- 09 H:1.475e-01,Q:000022 tau:0.411442220211
RG 08 H:9.082e-36,Q:000008 (cl,P):(005,0.88) (006,0.12) (007,0.00)
LG 08 H:5.218e-36,Q:000014 (cl,P):(005,1.00) (007,0.00) (006,0.00)
L- 11 H:6.702e-01,Q:000025 tau:0.44181779027
RQ 10 H:1.037e-35,Q:000008 (cl,P):(004,0.88) (005,0.12) (007,0.00)
L- 10 H:1.621e-01,Q:000017 tau:0.420994013548
RG 09 H:7.429e-36,Q:000007 (cl,P):(005,0.71) (004,0.29) (007,0.00)
LG 09 H:7.279e-36,Q:000010 (cl,P):(005,1.00) (007,0.00) (006,0.00)
L- 15 H:2.875e+00,Q:002371 tau:0.0938910916448
R- 14 H:1.959e+00,Q:000832 tau:0.267235666513
R- 13 H:1.222e+00,Q:000257 tau:0.394531905651
R- 12 H:5.973e-01,Q:000049 tau:0.524667084217
R- 11 H:4.323e-01,Q:000011 tau:0.355625778437
RG 10 H:8.654e-36,Q:000006 (cl,P):(004,1.00) (007,0.00) (006,0.00)
LG 10 H:6.254e-36,Q:000005 (cl,P):(005,0.60) (004,0.40) (007,0.00)
L- 11 H:1.026e-01,Q:000038 tau:0.302492767572
RG 10 H:2.806e-36,Q:000030 (cl,P):(005,1.00) (007,0.00) (006,0.00)
L- 10 H:2.500e-01,Q:000008 tau:0.278927594423
RQ 09 H:1.037e-35,Q:000006 (cl,P):(005,0.83) (006,0.17) (007,0.00)
LQ 09 H:1.037e-35,Q:000002 (cl,P):(005,1.00) (007,0.00) (006,0.00)
L- 12 H:9.173e-01,Q:000208 tau:-0.0945191904902
R- 11 H:5.604e-01,Q:000177 tau:0.369563430548
R- 10 H:7.894e-01,Q:000025 tau:-0.00467683887109
R- 09 H:2.353e-01,Q:000017 tau:0.223601266742
RG 08 H:6.939e-36,Q:000003 (cl,P):(005,0.67) (006,0.33) (007,0.00)
LG 08 H:4.478e-36,Q:000014 (cl,P):(006,1.00) (007,0.00) (005,0.00)
LG 09 H:6.507e-36,Q:000008 (cl,P):(005,1.00) (007,0.00) (006,0.00)
L- 10 H:3.462e-01,Q:000152 tau:0.280469954014
R- 09 H:1.320e-01,Q:000126 tau:0.290266185999
R- 08 H:9.375e-02,Q:000117 tau:0.36765140295
R- 07 H:3.333e-01,Q:000006 tau:0.317755043507
RQ 06 H:1.037e-35,Q:000003 (cl,P):(006,0.67) (005,0.33) (007,0.00)
LQ 06 H:1.037e-35,Q:000003 (cl,P):(006,1.00) (007,0.00) (005,0.00)
L- 07 H:4.862e-02,Q:000111 tau:0.303424119949
RG 06 H:9.266e-37,Q:000092 (cl,P):(006,1.00) (007,0.00) (005,0.00)
L- 06 H:1.450e-01,Q:000019 tau:0.299564450979
RG 05 H:8.654e-36,Q:000006 (cl,P):(006,0.83) (007,0.17) (005,0.00)
LG 05 H:5.618e-36,Q:000013 (cl,P):(006,1.00) (007,0.00) (005,0.00)
LG 08 H:5.787e-36,Q:000009 (cl,P):(006,0.89) (007,0.11) (005,0.00)
L- 09 H:7.542e-01,Q:000026 tau:0.276890516281
R- 08 H:4.615e-01,Q:000013 tau:0.218363940716
RG 07 H:8.311e-36,Q:000005 (cl,P):(006,0.80) (007,0.20) (005,0.00)
L- 07 H:5.000e-01,Q:000008 tau:0.0453905388713
RG 06 H:7.796e-36,Q:000004 (cl,P):(007,1.00) (006,0.00) (005,0.00)
LG 06 H:7.796e-36,Q:000004 (cl,P):(006,1.00) (007,0.00) (005,0.00)
L- 08 H:3.658e-01,Q:000013 tau:0.272590756416
RG 07 H:6.507e-36,Q:000008 (cl,P):(006,0.75) (007,0.25) (005,0.00)
LG 07 H:8.311e-36,Q:000005 (cl,P):(006,1.00) (007,0.00) (005,0.00)
L- 11 H:2.792e-01,Q:000031 tau:0.287003159523
RG 10 H:3.227e-36,Q:000026 (cl,P):(005,1.00) (007,0.00) (006,0.00)
LG 10 H:4.000e-01,Q:000005 (cl,P):(006,0.60) (005,0.40) (007,0.00)
L- 13 H:1.744e+00,Q:000575 tau:-0.0996737778187
R- 12 H:1.647e+00,Q:000500 tau:0.398446619511
R- 11 H:9.070e-01,Q:000071 tau:0.523575246334
R- 10 H:2.500e-01,Q:000024 tau:0.199065774679
RG 09 H:5.221e-36,Q:000016 (cl,P):(005,1.00) (007,0.00) (006,0.00)
LG 09 H:6.507e-36,Q:000008 (cl,P):(006,0.50) (005,0.50) (007,0.00)
L- 10 H:2.453e-01,Q:000047 tau:0.497137457132
R- 09 H:1.667e-01,Q:000012 tau:0.515847742558
RQ 08 H:1.037e-35,Q:000002 (cl,P):(006,1.00) (007,0.00) (005,0.00)
LG 08 H:7.282e-36,Q:000010 (cl,P):(006,0.80) (005,0.20) (007,0.00)
L- 09 H:1.031e-01,Q:000035 tau:0.163965389132
RG 08 H:3.495e-36,Q:000024 (cl,P):(006,1.00) (007,0.00) (005,0.00)
LG 08 H:5.680e-36,Q:000011 (cl,P):(006,0.91) (007,0.09) (005,0.00)
L- 11 H:1.241e+00,Q:000429 tau:0.188283935189
R- 10 H:6.510e-01,Q:000166 tau:-0.0335999689996
R- 09 H:4.180e-01,Q:000151 tau:0.287889122963
R- 08 H:4.222e-01,Q:000016 tau:0.341251373291
R- 07 H:2.500e-01,Q:000008 tau:0.379843443632
RQ 06 H:1.037e-35,Q:000002 (cl,P):(007,0.50) (006,0.50) (005,0.00)
LQ 06 H:1.037e-35,Q:000006 (cl,P):(006,0.83) (007,0.17) (005,0.00)
LG 07 H:9.082e-36,Q:000008 (cl,P):(007,0.75) (006,0.25) (005,0.00)
L- 08 H:1.914e-01,Q:000135 tau:0.201841115952
R- 07 H:4.569e-02,Q:000116 tau:-0.0302916634828
RG 06 H:7.497e-37,Q:000114 (cl,P):(007,1.00) (006,0.00) (005,0.00)
LQ 06 H:1.037e-35,Q:000002 (cl,P):(007,0.50) (006,0.50) (005,0.00)
L- 07 H:5.058e-01,Q:000019 tau:0.0111365597695
R- 06 H:2.504e-01,Q:000011 tau:0.265369236469
RG 05 H:8.311e-36,Q:000005 (cl,P):(007,1.00) (006,0.00) (005,0.00)
LG 05 H:6.939e-36,Q:000006 (cl,P):(000,0.67) (007,0.33) (006,0.00)
LG 06 H:7.796e-36,Q:000008 (cl,P):(007,1.00) (006,0.00) (005,0.00)
L- 09 H:1.837e-01,Q:000015 tau:0.195214435458
RG 08 H:5.614e-36,Q:000013 (cl,P):(006,0.92) (007,0.08) (005,0.00)
LQ 08 H:1.037e-35,Q:000002 (cl,P):(007,1.00) (006,0.00) (005,0.00)
L- 10 H:1.049e+00,Q:000263 tau:-0.0245542787015
R- 09 H:8.735e-01,Q:000203 tau:0.29279333353
RG 08 H:2.111e-36,Q:000040 (cl,P):(007,1.00) (006,0.00) (005,0.00)
L- 08 H:3.337e-01,Q:000163 tau:0.16895622015
R- 07 H:6.455e-01,Q:000019 tau:0.0273492373526
RG 06 H:5.612e-36,Q:000013 (cl,P):(000,1.00) (007,0.00) (006,0.00)
LG 06 H:8.654e-36,Q:000006 (cl,P):(007,1.00) (006,0.00) (005,0.00)
L- 07 H:1.431e-01,Q:000144 tau:0.0997930169106
R- 06 H:4.064e-02,Q:000135 tau:0.104055456817
RG 05 H:6.790e-37,Q:000126 (cl,P):(000,1.00) (007,0.00) (006,0.00)
LG 05 H:8.078e-36,Q:000009 (cl,P):(000,0.89) (001,0.11) (007,0.00)
LG 06 H:8.082e-36,Q:000009 (cl,P):(000,0.67) (001,0.33) (007,0.00)
LG 09 H:1.414e-36,Q:000060 (cl,P):(007,1.00) (006,0.00) (005,0.00)
LG 12 H:1.134e-36,Q:000075 (cl,P):(006,1.00) (007,0.00) (005,0.00)
L- 14 H:2.889e+00,Q:001539 tau:0.268101722002
R- 13 H:1.780e+00,Q:000448 tau:0.378476500511
R- 12 H:1.197e+00,Q:000259 tau:0.484463393688
R- 11 H:4.372e-01,Q:000116 tau:-0.400783717632
R- 10 H:2.357e-01,Q:000103 tau:0.513620495796
R- 09 H:5.711e-02,Q:000091 tau:-0.379934936762
RG 08 H:9.793e-37,Q:000087 (cl,P):(006,1.00) (007,0.00) (005,0.00)
LQ 08 H:1.037e-35,Q:000004 (cl,P):(006,0.75) (005,0.25) (007,0.00)
L- 09 H:3.962e-01,Q:000012 tau:0.0211575329304
RG 08 H:6.254e-36,Q:000005 (cl,P):(006,1.00) (007,0.00) (005,0.00)
L- 08 H:2.857e-01,Q:000007 tau:0.508451044559
RQ 07 H:1.037e-35,Q:000001 (cl,P):(006,1.00) (007,0.00) (005,0.00)
LG 07 H:8.654e-36,Q:000006 (cl,P):(007,0.67) (006,0.33) (005,0.00)
L- 10 H:2.119e-01,Q:000013 tau:0.57009100914
RG 09 H:6.254e-36,Q:000005 (cl,P):(005,1.00) (007,0.00) (006,0.00)
LG 09 H:6.507e-36,Q:000008 (cl,P):(006,0.88) (005,0.12) (007,0.00)
L- 11 H:6.021e-01,Q:000143 tau:-0.38571947813
R- 10 H:2.485e-01,Q:000124 tau:0.408761709929
R- 09 H:1.071e-01,Q:000099 tau:0.0588555186987
RG 08 H:7.429e-36,Q:000007 (cl,P):(007,0.86) (006,0.14) (005,0.00)
L- 08 H:5.649e-02,Q:000092 tau:-0.382963985205
RG 07 H:9.366e-37,Q:000091 (cl,P):(007,1.00) (006,0.00) (005,0.00)
LQ 07 H:1.037e-35,Q:000001 (cl,P):(006,1.00) (007,0.00) (005,0.00)
L- 09 H:3.502e-01,Q:000025 tau:0.403139472008
RG 08 H:8.082e-36,Q:000009 (cl,P):(007,0.89) (000,0.11) (006,0.00)
L- 08 H:2.972e-01,Q:000016 tau:-0.0272773746401
RG 07 H:8.654e-36,Q:000006 (cl,P):(007,0.83) (000,0.17) (006,0.00)
LG 07 H:6.245e-36,Q:000010 (cl,P):(007,0.80) (000,0.20) (006,0.00)
L- 10 H:6.905e-01,Q:000019 tau:0.424921989441
RG 09 H:5.219e-36,Q:000012 (cl,P):(006,1.00) (007,0.00) (005,0.00)
L- 09 H:2.857e-01,Q:000007 tau:-0.40531000495
RQ 08 H:1.037e-35,Q:000002 (cl,P):(007,1.00) (006,0.00) (005,0.00)
LQ 08 H:1.037e-35,Q:000005 (cl,P):(007,0.60) (006,0.40) (005,0.00)
L- 12 H:7.802e-01,Q:000189 tau:-0.400020748377
R- 11 H:4.544e-01,Q:000173 tau:0.295188456774
R- 10 H:1.966e-01,Q:000130 tau:-0.352204442024
R- 09 H:1.309e-01,Q:000127 tau:0.0470116250217
RG 08 H:8.311e-36,Q:000005 (cl,P):(000,0.80) (007,0.20) (006,0.00)
L- 08 H:8.912e-02,Q:000122 tau:0.319922208786
RG 07 H:1.077e-36,Q:000079 (cl,P):(000,1.00) (007,0.00) (006,0.00)
L- 07 H:1.870e-01,Q:000043 tau:0.314190417528
RG 06 H:6.936e-36,Q:000012 (cl,P):(000,0.92) (001,0.08) (007,0.00)
L- 06 H:1.258e-01,Q:000031 tau:0.301820337772
R- 05 H:1.722e-01,Q:000016 tau:0.303854078054
RG 04 H:6.082e-36,Q:000012 (cl,P):(000,1.00) (007,0.00) (006,0.00)
LQ 04 H:1.037e-35,Q:000004 (cl,P):(000,0.75) (001,0.25) (007,0.00)
LG 05 H:4.875e-36,Q:000015 (cl,P):(000,1.00) (007,0.00) (006,0.00)
L- 09 H:6.667e-01,Q:000003 tau:-0.368346989155
RQ 08 H:1.037e-35,Q:000002 (cl,P):(007,1.00) (006,0.00) (005,0.00)
LQ 08 H:1.037e-35,Q:000001 (cl,P):(000,1.00) (007,0.00) (006,0.00)
L- 10 H:6.668e-01,Q:000043 tau:-0.0138951009139
RG 09 H:4.408e-36,Q:000019 (cl,P):(000,1.00) (007,0.00) (006,0.00)
L- 09 H:7.693e-01,Q:000024 tau:-0.211540579796
RG 08 H:4.751e-36,Q:000011 (cl,P):(001,1.00) (007,0.00) (006,0.00)
LG 08 H:6.409e-36,Q:000013 (cl,P):(000,1.00) (007,0.00) (006,0.00)
LG 11 H:4.573e-36,Q:000016 (cl,P):(007,1.00) (006,0.00) (005,0.00)
L- 13 H:2.581e+00,Q:001091 tau:0.0898275151849
R- 12 H:1.354e+00,Q:000438 tau:0.186809316278
R- 11 H:7.331e-01,Q:000178 tau:-0.327111124992
R- 10 H:3.147e-01,Q:000151 tau:0.0639490038157
RG 09 H:4.479e-36,Q:000007 (cl,P):(000,1.00) (007,0.00) (006,0.00)
L- 09 H:1.176e-01,Q:000144 tau:0.256443202496
RG 08 H:7.279e-36,Q:000010 (cl,P):(001,0.90) (000,0.10) (007,0.00)
L- 08 H:8.055e-02,Q:000134 tau:0.190111920238
R- 07 H:4.141e-02,Q:000128 tau:0.197322890162
RG 06 H:7.562e-37,Q:000113 (cl,P):(001,1.00) (007,0.00) (006,0.00)
L- 06 H:1.333e-01,Q:000015 tau:-0.254493027925
RG 05 H:5.689e-36,Q:000011 (cl,P):(001,0.91) (002,0.09) (007,0.00)
LQ 05 H:1.037e-35,Q:000004 (cl,P):(001,1.00) (007,0.00) (006,0.00)
LG 07 H:8.654e-36,Q:000006 (cl,P):(001,0.83) (002,0.17) (007,0.00)
L- 10 H:1.943e-01,Q:000027 tau:0.209055498242
RG 09 H:4.403e-36,Q:000019 (cl,P):(000,1.00) (007,0.00) (006,0.00)
LG 09 H:6.507e-36,Q:000008 (cl,P):(000,0.75) (001,0.25) (007,0.00)
L- 11 H:1.148e+00,Q:000260 tau:0.023289244622
R- 10 H:7.396e-02,Q:000056 tau:0.0314493514597
RG 09 H:1.569e-36,Q:000054 (cl,P):(001,1.00) (007,0.00) (006,0.00)
LQ 09 H:1.037e-35,Q:000002 (cl,P):(002,0.50) (001,0.50) (007,0.00)
L- 10 H:9.426e-01,Q:000204 tau:-0.276693195105
R- 09 H:2.386e-01,Q:000162 tau:0.153386846185
R- 08 H:3.794e-01,Q:000046 tau:-0.0433088690042
R- 07 H:2.500e-01,Q:000008 tau:-0.0429512374103
RG 06 H:8.898e-36,Q:000007 (cl,P):(002,0.57) (001,0.43) (007,0.00)
LQ 06 H:1.037e-35,Q:000001 (cl,P):(002,1.00) (007,0.00) (006,0.00)
L- 07 H:1.880e-01,Q:000038 tau:-0.222155600786
RG 06 H:2.408e-36,Q:000035 (cl,P):(002,1.00) (007,0.00) (006,0.00)
L- 06 H:6.667e-01,Q:000003 tau:-0.245510563254
RQ 05 H:1.037e-35,Q:000002 (cl,P):(002,0.50) (001,0.50) (007,0.00)
LQ 05 H:1.037e-35,Q:000001 (cl,P):(001,1.00) (007,0.00) (006,0.00)
L- 08 H:9.210e-02,Q:000116 tau:0.102042883635
RG 07 H:8.618e-37,Q:000099 (cl,P):(002,1.00) (007,0.00) (006,0.00)
L- 07 H:2.797e-01,Q:000017 tau:-0.00240259733982
RQ 06 H:1.037e-35,Q:000006 (cl,P):(002,1.00) (007,0.00) (006,0.00)
L- 06 H:1.818e-01,Q:000011 tau:-0.14087086916
RQ 05 H:1.037e-35,Q:000004 (cl,P):(003,0.50) (002,0.50) (007,0.00)
LG 05 H:7.429e-36,Q:000007 (cl,P):(002,1.00) (007,0.00) (006,0.00)
L- 09 H:6.793e-01,Q:000042 tau:-0.397367298603
R- 08 H:1.164e-01,Q:000031 tau:-0.291135489941
RQ 07 H:1.037e-35,Q:000002 (cl,P):(002,0.50) (001,0.50) (007,0.00)
LG 07 H:2.901e-36,Q:000029 (cl,P):(001,1.00) (007,0.00) (006,0.00)
L- 08 H:2.504e-01,Q:000011 tau:-0.415197402239
RQ 07 H:1.037e-35,Q:000002 (cl,P):(001,1.00) (007,0.00) (006,0.00)
LG 07 H:5.796e-36,Q:000009 (cl,P):(000,1.00) (007,0.00) (006,0.00)
L- 12 H:2.601e+00,Q:000653 tau:-0.0956712067127
R- 11 H:1.997e+00,Q:000196 tau:-0.00580705655739
R- 10 H:1.276e+00,Q:000103 tau:-0.0938444584608
R- 09 H:9.297e-01,Q:000034 tau:-0.0596507415175
R- 08 H:1.708e-01,Q:000019 tau:0.0620258152485
RG 07 H:5.219e-36,Q:000016 (cl,P):(001,1.00) (007,0.00) (006,0.00)
LQ 07 H:1.037e-35,Q:000003 (cl,P):(001,0.67) (007,0.33) (006,0.00)
LG 08 H:5.562e-36,Q:000015 (cl,P):(007,1.00) (006,0.00) (005,0.00)
L- 09 H:1.359e-01,Q:000069 tau:-0.108275026083
R- 08 H:2.000e-01,Q:000010 tau:0.0156458541751
RG 07 H:7.796e-36,Q:000004 (cl,P):(006,0.75) (007,0.25) (005,0.00)
LG 07 H:8.654e-36,Q:000006 (cl,P):(006,1.00) (007,0.00) (005,0.00)
L- 08 H:7.370e-02,Q:000059 tau:0.0195081774145
RG 07 H:1.965e-36,Q:000043 (cl,P):(006,1.00) (007,0.00) (005,0.00)
LG 07 H:4.570e-36,Q:000016 (cl,P):(006,0.94) (005,0.06) (007,0.00)
L- 10 H:9.253e-01,Q:000093 tau:-0.0578475221992
R- 09 H:2.950e-01,Q:000022 tau:0.0498960092664
RG 08 H:4.190e-36,Q:000020 (cl,P):(003,1.00) (007,0.00) (006,0.00)
LQ 08 H:1.037e-35,Q:000002 (cl,P):(005,1.00) (007,0.00) (006,0.00)
L- 09 H:2.290e-01,Q:000071 tau:-0.0380374081433
R- 08 H:2.296e-01,Q:000012 tau:-0.161778017879
RG 07 H:8.898e-36,Q:000007 (cl,P):(006,0.57) (005,0.43) (007,0.00)
LG 07 H:6.254e-36,Q:000005 (cl,P):(005,1.00) (007,0.00) (006,0.00)
LG 08 H:1.438e-36,Q:000059 (cl,P):(005,1.00) (007,0.00) (006,0.00)
L- 11 H:1.983e+00,Q:000457 tau:-0.274142533541
R- 10 H:1.246e+00,Q:000292 tau:-0.179132446647
R- 09 H:1.047e+00,Q:000176 tau:0.0259913131595
R- 08 H:1.581e-01,Q:000055 tau:0.0445022955537
R- 07 H:7.847e-02,Q:000046 tau:0.0832369029522
R- 06 H:2.857e-01,Q:000007 tau:0.0845367535949
RQ 05 H:1.037e-35,Q:000005 (cl,P):(003,0.80) (002,0.20) (007,0.00)
LQ 05 H:1.037e-35,Q:000002 (cl,P):(003,1.00) (007,0.00) (006,0.00)
LG 06 H:2.165e-36,Q:000039 (cl,P):(003,1.00) (007,0.00) (006,0.00)
LG 07 H:5.793e-36,Q:000009 (cl,P):(003,0.89) (004,0.11) (007,0.00)
L- 08 H:2.487e-01,Q:000121 tau:-0.107400692999
R- 07 H:4.615e-01,Q:000013 tau:-0.0255730077624
RG 06 H:8.311e-36,Q:000010 (cl,P):(004,1.00) (007,0.00) (006,0.00)
LQ 06 H:1.037e-35,Q:000003 (cl,P):(005,1.00) (007,0.00) (006,0.00)
L- 07 H:1.268e-01,Q:000108 tau:-0.0170955732465
R- 06 H:1.530e-01,Q:000018 tau:-0.0071395044215
RG 05 H:6.079e-36,Q:000012 (cl,P):(004,0.83) (003,0.17) (007,0.00)
LQ 05 H:1.037e-35,Q:000006 (cl,P):(004,1.00) (007,0.00) (006,0.00)
L- 06 H:5.651e-02,Q:000090 tau:-0.126189514995
R- 05 H:1.530e-01,Q:000018 tau:-0.114012755454
RG 04 H:8.311e-36,Q:000005 (cl,P):(004,1.00) (007,0.00) (006,0.00)
LG 04 H:6.409e-36,Q:000013 (cl,P):(004,0.92) (005,0.08) (007,0.00)
LG 05 H:1.181e-36,Q:000072 (cl,P):(004,1.00) (007,0.00) (006,0.00)
L- 09 H:5.382e-01,Q:000116 tau:0.0414276085794
R- 08 H:7.143e-01,Q:000014 tau:-0.203091412783
RG 07 H:8.311e-36,Q:000005 (cl,P):(003,1.00) (007,0.00) (006,0.00)
LG 07 H:8.082e-36,Q:000009 (cl,P):(002,1.00) (007,0.00) (006,0.00)
L- 08 H:2.026e-01,Q:000102 tau:-0.196450650692
R- 07 H:3.962e-01,Q:000012 tau:-0.0321861431003
RG 06 H:7.796e-36,Q:000008 (cl,P):(003,1.00) (007,0.00) (006,0.00)
LQ 06 H:1.037e-35,Q:000004 (cl,P):(004,0.75) (003,0.25) (007,0.00)
L- 07 H:5.518e-02,Q:000090 tau:0.0367670245469
RQ 06 H:1.037e-35,Q:000001 (cl,P):(002,1.00) (007,0.00) (006,0.00)
LG 06 H:9.576e-37,Q:000089 (cl,P):(003,1.00) (007,0.00) (006,0.00)
L- 10 H:1.132e+00,Q:000165 tau:-0.379197239876
R- 09 H:4.016e-01,Q:000090 tau:-0.299266666174
R- 08 H:3.973e-01,Q:000017 tau:0.0405701957643
RG 07 H:8.898e-36,Q:000007 (cl,P):(002,1.00) (007,0.00) (006,0.00)
LG 07 H:6.254e-36,Q:000010 (cl,P):(003,0.60) (002,0.40) (007,0.00)
L- 08 H:1.651e-01,Q:000073 tau:0.0563597306609
RG 07 H:8.898e-36,Q:000007 (cl,P):(002,0.71) (001,0.29) (007,0.00)
L- 07 H:7.106e-02,Q:000066 tau:-0.365112423897
RG 06 H:1.391e-36,Q:000061 (cl,P):(002,1.00) (007,0.00) (006,0.00)
LG 06 H:8.311e-36,Q:000005 (cl,P):(002,0.80) (001,0.20) (007,0.00)
L- 09 H:6.039e-02,Q:000075 tau:-0.389620989561
RQ 08 H:1.037e-35,Q:000002 (cl,P):(002,0.50) (001,0.50) (007,0.00)
LG 08 H:1.165e-36,Q:000073 (cl,P):(001,1.00) (007,0.00) (006,0.00)
L- 16 H:2.529e+00,Q:001286 tau:-0.38323956728
R- 15 H:2.402e+00,Q:000757 tau:-0.268264383078
R- 14 H:2.238e+00,Q:000640 tau:0.545602977276
R- 13 H:1.884e+00,Q:000130 tau:0.719397962093
R- 12 H:1.017e+00,Q:000062 tau:0.860022187233
RG 11 H:2.805e-36,Q:000030 (cl,P):(000,1.00) (007,0.00) (006,0.00)
L- 11 H:2.080e-01,Q:000032 tau:-0.25741276145
RG 10 H:5.955e-36,Q:000014 (cl,P):(001,0.93) (002,0.07) (007,0.00)
LG 10 H:4.644e-36,Q:000018 (cl,P):(001,0.94) (000,0.06) (007,0.00)
L- 12 H:1.005e+00,Q:000068 tau:0.607538819313
R- 11 H:4.028e-01,Q:000039 tau:-0.347330868244
R- 10 H:2.095e-01,Q:000037 tau:0.707032322884
RQ 09 H:1.037e-35,Q:000003 (cl,P):(002,0.67) (001,0.33) (007,0.00)
L- 09 H:1.218e-01,Q:000034 tau:-0.229843914509
R- 08 H:4.000e-01,Q:000005 tau:0.680409371853
RQ 07 H:1.037e-35,Q:000003 (cl,P):(002,1.00) (007,0.00) (006,0.00)
LQ 07 H:1.037e-35,Q:000002 (cl,P):(003,0.50) (002,0.50) (007,0.00)
LG 08 H:2.899e-36,Q:000029 (cl,P):(002,1.00) (007,0.00) (006,0.00)
LQ 10 H:1.037e-35,Q:000002 (cl,P):(001,1.00) (007,0.00) (006,0.00)
L- 11 H:7.022e-01,Q:000029 tau:-0.287806034088
RG 10 H:4.643e-36,Q:000018 (cl,P):(003,1.00) (007,0.00) (006,0.00)
L- 10 H:1.818e-01,Q:000011 tau:-0.292392283678
RQ 09 H:1.037e-35,Q:000001 (cl,P):(002,1.00) (007,0.00) (006,0.00)
LG 09 H:6.250e-36,Q:000010 (cl,P):(002,0.90) (003,0.10) (007,0.00)
L- 13 H:1.594e+00,Q:000510 tau:-0.279332190752
R- 12 H:1.424e+00,Q:000284 tau:-0.0505171380937
R- 11 H:8.893e-01,Q:000200 tau:0.346020281315
R- 10 H:5.936e-01,Q:000038 tau:0.525450348854
RG 09 H:8.654e-36,Q:000006 (cl,P):(003,1.00) (007,0.00) (006,0.00)
L- 09 H:1.219e-01,Q:000032 tau:0.368614017963
RG 08 H:2.805e-36,Q:000030 (cl,P):(004,1.00) (007,0.00) (006,0.00)
LQ 08 H:1.037e-35,Q:000002 (cl,P):(005,0.50) (004,0.50) (007,0.00)
L- 10 H:2.040e-01,Q:000162 tau:-0.185359627008
R- 09 H:3.658e-01,Q:000013 tau:-0.179971367121
RQ 08 H:1.037e-35,Q:000004 (cl,P):(005,1.00) (007,0.00) (006,0.00)
L- 08 H:2.222e-01,Q:000009 tau:-0.184395283461
RG 07 H:7.429e-36,Q:000007 (cl,P):(005,0.71) (006,0.29) (007,0.00)
LQ 07 H:1.037e-35,Q:000002 (cl,P):(006,0.50) (005,0.50) (007,0.00)
L- 09 H:1.152e-01,Q:000149 tau:-0.0370186828077
R- 08 H:3.950e-02,Q:000145 tau:0.304102212191
R- 07 H:2.857e-01,Q:000007 tau:0.333248317242
RQ 06 H:1.037e-35,Q:000001 (cl,P):(005,1.00) (007,0.00) (006,0.00)
LG 06 H:8.654e-36,Q:000006 (cl,P):(005,0.83) (004,0.17) (007,0.00)
LG 07 H:6.206e-37,Q:000138 (cl,P):(005,1.00) (007,0.00) (006,0.00)
LQ 08 H:1.037e-35,Q:000004 (cl,P):(005,0.50) (004,0.50) (007,0.00)
L- 11 H:9.865e-01,Q:000084 tau:-0.165929481387
R- 10 H:8.697e-02,Q:000050 tau:-0.193436667323
RG 09 H:7.796e-36,Q:000008 (cl,P):(004,0.88) (005,0.12) (007,0.00)
LG 09 H:2.011e-36,Q:000042 (cl,P):(004,1.00) (007,0.00) (006,0.00)
LG 10 H:2.479e-36,Q:000034 (cl,P):(003,1.00) (007,0.00) (006,0.00)
L- 12 H:1.046e+00,Q:000226 tau:-0.0750715732574
R- 11 H:7.985e-01,Q:000182 tau:0.373550802469
R- 10 H:3.632e-01,Q:000039 tau:0.401822119951
RG 09 H:2.631e-36,Q:000032 (cl,P):(003,1.00) (007,0.00) (006,0.00)
L- 09 H:2.857e-01,Q:000007 tau:0.384753078222
RQ 08 H:1.037e-35,Q:000006 (cl,P):(004,0.50) (003,0.50) (007,0.00)
LQ 08 H:1.037e-35,Q:000001 (cl,P):(004,1.00) (007,0.00) (006,0.00)
L- 10 H:2.370e-01,Q:000143 tau:-0.0426587238908
R- 09 H:1.287e-01,Q:000131 tau:-0.308524519205
R- 08 H:1.809e-01,Q:000029 tau:-0.293607354164
R- 07 H:1.538e-01,Q:000013 tau:0.300769180059
RG 06 H:6.934e-36,Q:000006 (cl,P):(004,1.00) (007,0.00) (006,0.00)
LQ 06 H:1.037e-35,Q:000007 (cl,P):(004,0.86) (005,0.14) (007,0.00)
LG 07 H:4.568e-36,Q:000016 (cl,P):(004,0.94) (005,0.06) (007,0.00)
L- 08 H:5.291e-02,Q:000102 tau:-0.363118082285
RG 07 H:9.682e-37,Q:000088 (cl,P):(004,1.00) (007,0.00) (006,0.00)
L- 07 H:1.429e-01,Q:000014 tau:0.0144350090995
RG 06 H:6.412e-36,Q:000013 (cl,P):(004,1.00) (007,0.00) (006,0.00)
LQ 06 H:1.037e-35,Q:000001 (cl,P):(003,1.00) (007,0.00) (006,0.00)
L- 09 H:2.704e-01,Q:000012 tau:-0.348042547703
RG 08 H:4.646e-36,Q:000009 (cl,P):(004,1.00) (007,0.00) (006,0.00)
LQ 08 H:1.037e-35,Q:000003 (cl,P):(003,1.00) (007,0.00) (006,0.00)
L- 11 H:4.693e-01,Q:000044 tau:-0.351192951202
R- 10 H:2.122e-01,Q:000030 tau:-0.124193899333
RG 09 H:8.311e-36,Q:000005 (cl,P):(004,0.60) (003,0.40) (007,0.00)
LG 09 H:3.358e-36,Q:000025 (cl,P):(003,1.00) (007,0.00) (006,0.00)
L- 10 H:3.396e-01,Q:000014 tau:-0.152821019292
RG 09 H:5.693e-36,Q:000011 (cl,P):(003,1.00) (007,0.00) (006,0.00)
LQ 09 H:1.037e-35,Q:000003 (cl,P):(002,1.00) (007,0.00) (006,0.00)
L- 14 H:1.020e+00,Q:000117 tau:-0.373316317797
R- 13 H:1.954e-01,Q:000071 tau:-0.285299569368
R- 12 H:1.818e-01,Q:000011 tau:-0.240052849054
RQ 11 H:1.037e-35,Q:000002 (cl,P):(003,1.00) (007,0.00) (006,0.00)
LG 11 H:3.492e-36,Q:000009 (cl,P):(002,1.00) (007,0.00) (006,0.00)
L- 12 H:6.903e-02,Q:000060 tau:-0.334050953388
RG 11 H:2.110e-36,Q:000040 (cl,P):(002,1.00) (007,0.00) (006,0.00)
LG 11 H:3.669e-36,Q:000020 (cl,P):(002,0.95) (001,0.05) (007,0.00)
L- 13 H:1.384e-01,Q:000046 tau:-0.382227033377
RQ 12 H:1.037e-35,Q:000003 (cl,P):(002,0.67) (001,0.33) (007,0.00)
LG 12 H:1.964e-36,Q:000043 (cl,P):(001,1.00) (007,0.00) (006,0.00)
L- 15 H:1.981e+00,Q:000529 tau:-0.48944362998
R- 14 H:1.806e+00,Q:000286 tau:-0.128849714994
R- 13 H:1.463e+00,Q:000206 tau:0.440542042255
R- 12 H:1.508e+00,Q:000064 tau:0.6575999856
R- 11 H:8.650e-01,Q:000038 tau:0.787705540657
RG 10 H:4.913e-36,Q:000017 (cl,P):(000,1.00) (007,0.00) (006,0.00)
L- 10 H:3.264e-01,Q:000021 tau:0.73457634449
R- 09 H:5.000e-01,Q:000004 tau:-0.3931440413
RQ 08 H:1.037e-35,Q:000002 (cl,P):(001,1.00) (007,0.00) (006,0.00)
LQ 08 H:1.037e-35,Q:000002 (cl,P):(000,1.00) (007,0.00) (006,0.00)
LG 09 H:3.702e-36,Q:000017 (cl,P):(001,1.00) (007,0.00) (006,0.00)
L- 11 H:3.367e-01,Q:000026 tau:-0.432195305824
R- 10 H:1.818e-01,Q:000011 tau:0.524492263794
RG 09 H:8.654e-36,Q:000006 (cl,P):(002,1.00) (007,0.00) (006,0.00)
LQ 09 H:1.037e-35,Q:000005 (cl,P):(002,0.80) (003,0.20) (007,0.00)
LG 10 H:5.561e-36,Q:000015 (cl,P):(002,0.87) (001,0.13) (007,0.00)
L- 12 H:3.014e-01,Q:000142 tau:-0.481235414743
R- 11 H:1.572e-01,Q:000129 tau:-0.401774138212
R- 10 H:4.175e-01,Q:000026 tau:-0.397050142288
R- 09 H:1.530e-01,Q:000018 tau:-0.385082483292
RQ 08 H:1.037e-35,Q:000002 (cl,P):(004,0.50) (003,0.50) (007,0.00)
LG 08 H:5.220e-36,Q:000016 (cl,P):(003,1.00) (007,0.00) (006,0.00)
L- 09 H:2.500e-01,Q:000008 tau:0.0977045148611
RQ 08 H:1.037e-35,Q:000003 (cl,P):(004,1.00) (007,0.00) (006,0.00)
LG 08 H:6.254e-36,Q:000005 (cl,P):(003,1.00) (007,0.00) (006,0.00)
LG 10 H:8.288e-37,Q:000103 (cl,P):(003,1.00) (007,0.00) (006,0.00)
L- 11 H:6.154e-01,Q:000013 tau:0.0435245148838
R- 10 H:2.504e-01,Q:000011 tau:0.36415079236
RQ 09 H:1.037e-35,Q:000002 (cl,P):(002,1.00) (007,0.00) (006,0.00)
LG 09 H:6.936e-36,Q:000009 (cl,P):(003,1.00) (007,0.00) (006,0.00)
LQ 10 H:1.037e-35,Q:000002 (cl,P):(002,1.00) (007,0.00) (006,0.00)
L- 13 H:1.247e+00,Q:000080 tau:-0.286907225847
R- 12 H:2.020e-01,Q:000041 tau:-0.383284926414
RQ 11 H:1.037e-35,Q:000001 (cl,P):(003,1.00) (007,0.00) (006,0.00)
L- 11 H:1.035e-01,Q:000040 tau:-0.450357437134
RG 10 H:3.358e-36,Q:000025 (cl,P):(002,1.00) (007,0.00) (006,0.00)
L- 10 H:1.333e-01,Q:000015 tau:-0.471348196268
RG 09 H:8.082e-36,Q:000009 (cl,P):(002,0.89) (001,0.11) (007,0.00)
LQ 09 H:1.037e-35,Q:000006 (cl,P):(002,1.00) (007,0.00) (006,0.00)
L- 12 H:4.526e-01,Q:000039 tau:-0.383504241705
RG 11 H:2.805e-36,Q:000030 (cl,P):(001,1.00) (007,0.00) (006,0.00)
L- 11 H:4.011e-01,Q:000009 tau:-0.426224917173
RQ 10 H:1.037e-35,Q:000003 (cl,P):(001,0.67) (000,0.33) (007,0.00)
LG 10 H:5.211e-36,Q:000006 (cl,P):(000,1.00) (007,0.00) (006,0.00)
L- 14 H:1.554e+00,Q:000243 tau:-0.200975641608
R- 13 H:1.243e+00,Q:000183 tau:0.438247263432
R- 12 H:1.159e+00,Q:000055 tau:0.641292512417
R- 11 H:2.704e-01,Q:000024 tau:-0.571294009686
R- 10 H:1.250e-01,Q:000016 tau:0.803887188435
RQ 09 H:1.037e-35,Q:000003 (cl,P):(000,1.00) (007,0.00) (006,0.00)
LG 09 H:5.613e-36,Q:000013 (cl,P):(000,0.92) (001,0.08) (007,0.00)
LG 10 H:7.796e-36,Q:000008 (cl,P):(000,0.88) (007,0.12) (006,0.00)
L- 11 H:3.989e-01,Q:000031 tau:-0.517012834549
R- 10 H:2.500e-01,Q:000008 tau:0.486248195171
RG 09 H:8.311e-36,Q:000005 (cl,P):(001,0.80) (002,0.20) (007,0.00)
LQ 09 H:1.037e-35,Q:000003 (cl,P):(002,1.00) (007,0.00) (006,0.00)
LG 10 H:3.642e-36,Q:000023 (cl,P):(001,1.00) (007,0.00) (006,0.00)
L- 12 H:3.085e-01,Q:000128 tau:-0.148436576128
R- 11 H:1.665e-01,Q:000118 tau:-0.49652031064
R- 10 H:4.413e-01,Q:000011 tau:-0.494944751263
RG 09 H:8.311e-36,Q:000005 (cl,P):(002,0.60) (003,0.40) (007,0.00)
LG 09 H:5.219e-36,Q:000006 (cl,P):(002,0.83) (003,0.17) (007,0.00)
L- 10 H:4.753e-02,Q:000107 tau:-0.593719303608
RG 09 H:8.209e-37,Q:000104 (cl,P):(002,1.00) (007,0.00) (006,0.00)
LG 09 H:6.939e-36,Q:000003 (cl,P):(002,0.67) (001,0.33) (007,0.00)
L- 11 H:4.000e-01,Q:000010 tau:-0.519766330719
RG 10 H:6.939e-36,Q:000006 (cl,P):(002,1.00) (007,0.00) (006,0.00)
LG 10 H:7.796e-36,Q:000004 (cl,P):(001,1.00) (007,0.00) (006,0.00)
L- 13 H:9.786e-01,Q:000060 tau:-0.336681693792
RG 12 H:3.108e-36,Q:000027 (cl,P):(001,1.00) (007,0.00) (006,0.00)
L- 12 H:2.437e-01,Q:000033 tau:-0.506234109402
R- 11 H:3.936e-01,Q:000007 tau:-0.429115653038
RG 10 H:8.311e-36,Q:000005 (cl,P):(000,0.60) (001,0.40) (007,0.00)
LQ 10 H:1.037e-35,Q:000002 (cl,P):(000,1.00) (007,0.00) (006,0.00)
L- 11 H:7.692e-02,Q:000026 tau:-0.586948752403
RG 10 H:3.988e-36,Q:000021 (cl,P):(000,1.00) (007,0.00) (006,0.00)
LQ 10 H:1.037e-35,Q:000005 (cl,P):(000,0.80) (007,0.20) (006,0.00)
L- 17 H:1.937e+00,Q:000549 tau:-0.801609694958
R- 16 H:1.606e+00,Q:000367 tau:-0.712546288967
R- 15 H:1.449e+00,Q:000219 tau:-0.173691943288
R- 14 H:1.042e+00,Q:000163 tau:0.466815441847
R- 13 H:1.045e+00,Q:000039 tau:0.65271127224
R- 12 H:5.136e-01,Q:000018 tau:-0.641181528568
R- 11 H:5.000e-01,Q:000008 tau:-0.605662643909
RQ 10 H:1.037e-35,Q:000003 (cl,P):(007,1.00) (006,0.00) (005,0.00)
LQ 10 H:1.037e-35,Q:000005 (cl,P):(000,0.60) (007,0.40) (006,0.00)
LG 11 H:6.254e-36,Q:000010 (cl,P):(007,1.00) (006,0.00) (005,0.00)
L- 12 H:2.857e-01,Q:000021 tau:-0.625065326691
R- 11 H:5.000e-01,Q:000004 tau:0.605858147144
RQ 10 H:1.037e-35,Q:000001 (cl,P):(000,1.00) (007,0.00) (006,0.00)
LQ 10 H:1.037e-35,Q:000003 (cl,P):(001,0.67) (000,0.33) (007,0.00)
LG 11 H:4.916e-36,Q:000017 (cl,P):(000,0.94) (001,0.06) (007,0.00)
L- 13 H:1.889e-01,Q:000124 tau:-0.60900336504
R- 12 H:3.444e-01,Q:000008 tau:0.0630077272654
RG 11 H:8.311e-36,Q:000005 (cl,P):(002,0.60) (001,0.40) (007,0.00)
LQ 11 H:1.037e-35,Q:000003 (cl,P):(001,1.00) (007,0.00) (006,0.00)
L- 12 H:7.658e-02,Q:000116 tau:-0.125776186585
RG 11 H:8.056e-37,Q:000106 (cl,P):(001,1.00) (007,0.00) (006,0.00)
LG 11 H:7.279e-36,Q:000010 (cl,P):(001,0.80) (000,0.20) (007,0.00)
L- 14 H:1.042e+00,Q:000056 tau:-0.381200015545
R- 13 H:2.736e-01,Q:000032 tau:-0.361857026815
R- 12 H:1.119e-01,Q:000029 tau:-0.179619655013
RQ 11 H:1.037e-35,Q:000002 (cl,P):(001,0.50) (000,0.50) (007,0.00)
LG 11 H:3.114e-36,Q:000027 (cl,P):(000,1.00) (007,0.00) (006,0.00)
LG 12 H:6.939e-36,Q:000003 (cl,P):(007,0.67) (000,0.33) (006,0.00)
LG 13 H:3.498e-36,Q:000024 (cl,P):(007,1.00) (006,0.00) (005,0.00)
L- 15 H:9.316e-01,Q:000148 tau:-0.235599607229
R- 14 H:5.350e-01,Q:000123 tau:0.545893788338
RG 13 H:6.936e-36,Q:000012 (cl,P):(007,1.00) (006,0.00) (005,0.00)
L- 13 H:1.402e-01,Q:000111 tau:0.466995179653
RG 12 H:6.939e-36,Q:000006 (cl,P):(000,0.83) (007,0.17) (006,0.00)
L- 12 H:9.777e-02,Q:000105 tau:-0.144516155124
R- 11 H:5.354e-02,Q:000095 tau:-0.742401361465
R- 10 H:2.504e-01,Q:000011 tau:-0.074288725853
R- 09 H:2.222e-01,Q:000009 tau:0.178831547499
RQ 08 H:1.037e-35,Q:000005 (cl,P):(000,1.00) (007,0.00) (006,0.00)
LQ 08 H:1.037e-35,Q:000004 (cl,P):(000,0.75) (001,0.25) (007,0.00)
LQ 09 H:1.037e-35,Q:000002 (cl,P):(000,1.00) (007,0.00) (006,0.00)
LG 10 H:1.014e-36,Q:000084 (cl,P):(000,1.00) (007,0.00) (006,0.00)
L- 11 H:2.000e-01,Q:000010 tau:-0.747611165047
RG 10 H:7.792e-36,Q:000008 (cl,P):(000,1.00) (007,0.00) (006,0.00)
LQ 10 H:1.037e-35,Q:000002 (cl,P):(007,0.50) (000,0.50) (006,0.00)
L- 14 H:5.298e-01,Q:000025 tau:-0.367047131062
RG 13 H:5.957e-36,Q:000014 (cl,P):(007,0.93) (000,0.07) (006,0.00)
L- 13 H:2.504e-01,Q:000011 tau:-0.748303115368
RG 12 H:8.654e-36,Q:000006 (cl,P):(007,1.00) (006,0.00) (005,0.00)
LG 12 H:8.311e-36,Q:000005 (cl,P):(006,0.80) (007,0.20) (005,0.00)
L- 16 H:1.027e+00,Q:000182 tau:-0.233912140131
R- 15 H:7.966e-01,Q:000143 tau:-0.937511205673
R- 14 H:2.076e-01,Q:000118 tau:-0.819590091705
R- 13 H:1.818e-01,Q:000011 tau:0.490363240242
RQ 12 H:1.037e-35,Q:000002 (cl,P):(007,1.00) (006,0.00) (005,0.00)
LG 12 H:6.936e-36,Q:000009 (cl,P):(007,0.67) (000,0.33) (006,0.00)
L- 13 H:7.742e-02,Q:000107 tau:-0.19604319334
RG 12 H:8.533e-37,Q:000100 (cl,P):(007,1.00) (006,0.00) (005,0.00)
LG 12 H:5.960e-36,Q:000007 (cl,P):(007,0.71) (006,0.29) (005,0.00)
LG 14 H:3.360e-36,Q:000025 (cl,P):(006,1.00) (007,0.00) (005,0.00)
L- 15 H:9.255e-02,Q:000039 tau:-0.816426753998
RQ 14 H:1.037e-35,Q:000003 (cl,P):(006,0.67) (007,0.33) (005,0.00)
LG 14 H:2.343e-36,Q:000036 (cl,P):(006,1.00) (007,0.00) (005,0.00)
L- 18 H:2.272e+00,Q:000870 tau:-0.693299531937
R- 17 H:1.914e+00,Q:000480 tau:0.344515413046
R- 16 H:1.096e+00,Q:000079 tau:0.46380880475
R- 15 H:3.078e-01,Q:000034 tau:-0.6234202981
R- 14 H:1.164e-01,Q:000031 tau:0.492681711912
RG 13 H:2.901e-36,Q:000029 (cl,P):(005,1.00) (007,0.00) (006,0.00)
LQ 13 H:1.037e-35,Q:000002 (cl,P):(006,0.50) (005,0.50) (007,0.00)
LQ 14 H:1.037e-35,Q:000003 (cl,P):(004,0.67) (005,0.33) (007,0.00)
L- 15 H:7.882e-01,Q:000045 tau:-0.625181496143
R- 14 H:3.259e-01,Q:000033 tau:-0.533450603485
RG 13 H:7.429e-36,Q:000007 (cl,P):(006,0.86) (007,0.14) (005,0.00)
L- 13 H:1.829e-01,Q:000026 tau:-0.58622688055
RG 12 H:4.643e-36,Q:000018 (cl,P):(006,0.94) (005,0.06) (007,0.00)
LG 12 H:7.796e-36,Q:000008 (cl,P):(006,0.88) (005,0.12) (007,0.00)
L- 14 H:1.667e-01,Q:000012 tau:0.417722433805
RG 13 H:8.898e-36,Q:000007 (cl,P):(005,1.00) (007,0.00) (006,0.00)
LG 13 H:8.311e-36,Q:000005 (cl,P):(005,0.60) (006,0.40) (007,0.00)
L- 16 H:1.619e+00,Q:000401 tau:-0.585358858109
R- 15 H:1.315e+00,Q:000348 tau:-0.606343865395
R- 14 H:1.032e+00,Q:000221 tau:0.201513752341
R- 13 H:3.944e-01,Q:000040 tau:-0.57564073801
R- 12 H:1.806e-01,Q:000034 tau:-0.482117086649
RQ 11 H:1.037e-35,Q:000004 (cl,P):(007,0.50) (000,0.50) (006,0.00)
LG 11 H:2.802e-36,Q:000030 (cl,P):(007,1.00) (006,0.00) (005,0.00)
L- 12 H:3.333e-01,Q:000006 tau:0.209073796868
RQ 11 H:1.037e-35,Q:000004 (cl,P):(007,0.50) (006,0.50) (005,0.00)
LQ 11 H:1.037e-35,Q:000002 (cl,P):(007,1.00) (006,0.00) (005,0.00)
L- 13 H:8.236e-01,Q:000181 tau:-0.440672844648
R- 12 H:4.328e-01,Q:000147 tau:-0.573964893818
R- 11 H:1.323e-01,Q:000120 tau:0.134902209044
RG 10 H:8.082e-36,Q:000009 (cl,P):(000,0.89) (007,0.11) (006,0.00)
L- 10 H:9.336e-02,Q:000111 tau:-0.504233062267
R- 09 H:3.658e-01,Q:000013 tau:-0.12942250073
RG 08 H:7.796e-36,Q:000008 (cl,P):(000,0.75) (001,0.25) (007,0.00)
LG 08 H:8.311e-36,Q:000005 (cl,P):(000,1.00) (007,0.00) (006,0.00)
LG 09 H:8.705e-37,Q:000098 (cl,P):(000,1.00) (007,0.00) (006,0.00)
L- 11 H:7.822e-01,Q:000027 tau:0.0935693085194
RG 10 H:8.898e-36,Q:000007 (cl,P):(007,1.00) (006,0.00) (005,0.00)
L- 10 H:3.610e-01,Q:000020 tau:-0.0784693136811
RQ 09 H:1.037e-35,Q:000003 (cl,P):(000,0.67) (007,0.33) (006,0.00)
L- 09 H:1.909e-01,Q:000017 tau:-0.411083549261
RG 08 H:5.216e-36,Q:000016 (cl,P):(000,0.94) (007,0.06) (006,0.00)
LQ 08 H:1.037e-35,Q:000001 (cl,P):(007,1.00) (006,0.00) (005,0.00)
L- 12 H:2.365e-01,Q:000034 tau:-0.538591146469
RG 11 H:6.939e-36,Q:000009 (cl,P):(007,0.67) (000,0.33) (006,0.00)
LG 11 H:3.355e-36,Q:000025 (cl,P):(007,1.00) (006,0.00) (005,0.00)
L- 14 H:6.634e-01,Q:000127 tau:0.158922091126
R- 13 H:3.265e-01,Q:000023 tau:0.219688907266
RG 12 H:4.301e-36,Q:000017 (cl,P):(006,1.00) (007,0.00) (005,0.00)
LG 12 H:8.654e-36,Q:000006 (cl,P):(007,0.50) (006,0.50) (005,0.00)
L- 13 H:2.282e-01,Q:000104 tau:-0.430265963078
RG 12 H:8.795e-37,Q:000097 (cl,P):(007,1.00) (006,0.00) (005,0.00)
L- 12 H:2.857e-01,Q:000007 tau:-0.666907250881
RG 11 H:7.796e-36,Q:000004 (cl,P):(007,0.50) (006,0.50) (005,0.00)
LQ 11 H:1.037e-35,Q:000003 (cl,P):(006,1.00) (007,0.00) (005,0.00)
L- 15 H:7.384e-01,Q:000053 tau:-0.72522687912
R- 14 H:1.517e-01,Q:000032 tau:-0.642853975296
RG 13 H:5.621e-36,Q:000013 (cl,P):(006,0.85) (007,0.15) (005,0.00)
LG 13 H:4.403e-36,Q:000019 (cl,P):(006,1.00) (007,0.00) (005,0.00)
L- 14 H:6.714e-01,Q:000021 tau:-0.591438233852
R- 13 H:3.170e-01,Q:000015 tau:-0.516436934471
RQ 12 H:1.037e-35,Q:000004 (cl,P):(006,1.00) (007,0.00) (005,0.00)
LG 12 H:6.625e-36,Q:000011 (cl,P):(006,0.64) (005,0.36) (007,0.00)
LG 13 H:6.939e-36,Q:000006 (cl,P):(005,1.00) (007,0.00) (006,0.00)
L- 17 H:1.632e+00,Q:000390 tau:-0.824313223362
R- 16 H:1.406e+00,Q:000225 tau:0.260271251202
R- 15 H:9.170e-01,Q:000058 tau:0.461651831865
RG 14 H:3.807e-36,Q:000022 (cl,P):(004,1.00) (007,0.00) (006,0.00)
L- 14 H:2.005e-01,Q:000036 tau:0.398411154747
R- 13 H:4.000e-01,Q:000005 tau:-0.714625775814
RQ 12 H:1.037e-35,Q:000003 (cl,P):(005,1.00) (007,0.00) (006,0.00)
LQ 12 H:1.037e-35,Q:000002 (cl,P):(004,1.00) (007,0.00) (006,0.00)
LG 13 H:2.714e-36,Q:000031 (cl,P):(005,1.00) (007,0.00) (006,0.00)
L- 15 H:8.810e-01,Q:000167 tau:-0.502181053162
R- 14 H:6.150e-01,Q:000140 tau:-0.800001621246
R- 13 H:2.970e-01,Q:000120 tau:-0.70223480463
RG 12 H:8.311e-36,Q:000005 (cl,P):(007,0.60) (006,0.40) (005,0.00)
L- 12 H:1.833e-01,Q:000115 tau:-0.724975168705
R- 11 H:3.478e-01,Q:000023 tau:-0.717259049416
R- 10 H:2.222e-01,Q:000018 tau:-0.706314325333
RG 09 H:8.654e-36,Q:000006 (cl,P):(006,0.83) (007,0.17) (005,0.00)
LG 09 H:6.079e-36,Q:000012 (cl,P):(006,0.92) (007,0.08) (005,0.00)
LQ 10 H:1.037e-35,Q:000005 (cl,P):(006,0.80) (007,0.20) (005,0.00)
L- 11 H:5.528e-02,Q:000092 tau:0.14968650043
RG 10 H:8.654e-36,Q:000006 (cl,P):(006,0.83) (005,0.17) (007,0.00)
LG 10 H:9.906e-37,Q:000086 (cl,P):(006,1.00) (007,0.00) (005,0.00)
L- 13 H:7.000e-01,Q:000020 tau:-0.809218049049
R- 12 H:3.636e-01,Q:000011 tau:0.195582970977
RQ 11 H:1.037e-35,Q:000004 (cl,P):(005,1.00) (007,0.00) (006,0.00)
LG 11 H:8.898e-36,Q:000007 (cl,P):(006,0.71) (005,0.29) (007,0.00)
LG 12 H:8.082e-36,Q:000009 (cl,P):(005,0.56) (006,0.44) (007,0.00)
L- 14 H:5.889e-01,Q:000027 tau:-0.731934189796
R- 13 H:3.444e-01,Q:000008 tau:-0.730643332005
RG 12 H:7.429e-36,Q:000007 (cl,P):(006,0.71) (005,0.29) (007,0.00)
LQ 12 H:1.037e-35,Q:000001 (cl,P):(006,1.00) (007,0.00) (005,0.00)
LG 13 H:3.858e-36,Q:000019 (cl,P):(005,1.00) (007,0.00) (006,0.00)
L- 16 H:9.979e-01,Q:000165 tau:-0.94320499897
R- 15 H:8.199e-01,Q:000129 tau:0.189530462027
R- 14 H:4.225e-01,Q:000034 tau:-0.846553564072
RG 13 H:8.654e-36,Q:000006 (cl,P):(004,0.67) (005,0.33) (007,0.00)
L- 13 H:2.448e-01,Q:000028 tau:-0.851958453655
RQ 12 H:1.037e-35,Q:000003 (cl,P):(004,0.67) (005,0.33) (007,0.00)
L- 12 H:1.298e-01,Q:000025 tau:0.42114725709
RQ 11 H:1.037e-35,Q:000002 (cl,P):(004,0.50) (003,0.50) (007,0.00)
LG 11 H:3.647e-36,Q:000023 (cl,P):(004,1.00) (007,0.00) (006,0.00)
L- 14 H:5.354e-02,Q:000095 tau:-0.918840706348
RG 13 H:9.575e-37,Q:000089 (cl,P):(005,1.00) (007,0.00) (006,0.00)
LQ 13 H:1.037e-35,Q:000006 (cl,P):(005,0.83) (004,0.17) (007,0.00)
L- 15 H:1.150e-01,Q:000036 tau:-0.0340731292963
RG 14 H:2.805e-36,Q:000030 (cl,P):(004,1.00) (007,0.00) (006,0.00)
LG 14 H:8.654e-36,Q:000006 (cl,P):(004,0.83) (005,0.17) (007,0.00)
---------------------
