>>>>>>> 20150509_171459<<<<<<<
*- 20 H:3.000e+00,Q:006400 tau:0.596962034702
R- 19 H:2.091e+00,Q:000609 tau:0.810980558395
R- 18 H:1.084e+00,Q:000186 tau:0.234959095716
R- 17 H:2.907e-01,Q:000037 tau:0.85244178772
RG 16 H:3.114e-36,Q:000027 (cl,P):(002,1.00) (007,0.00) (006,0.00)
L- 16 H:2.000e-01,Q:000010 tau:0.462932169437
RQ 15 H:1.037e-35,Q:000003 (cl,P):(001,0.67) (002,0.33) (007,0.00)
LG 15 H:7.429e-36,Q:000007 (cl,P):(002,0.86) (003,0.14) (007,0.00)
L- 17 H:8.763e-01,Q:000149 tau:0.93538582325
R- 16 H:3.684e-01,Q:000036 tau:0.062807738781
RG 15 H:4.645e-36,Q:000018 (cl,P):(002,1.00) (007,0.00) (006,0.00)
L- 15 H:4.172e-01,Q:000018 tau:0.984366357327
RG 14 H:8.082e-36,Q:000009 (cl,P):(002,1.00) (007,0.00) (006,0.00)
LG 14 H:6.939e-36,Q:000009 (cl,P):(002,0.56) (003,0.44) (007,0.00)
L- 16 H:2.289e-01,Q:000113 tau:0.834093689919
R- 15 H:1.069e-01,Q:000094 tau:0.190650358796
RG 14 H:8.654e-36,Q:000006 (cl,P):(003,0.67) (002,0.33) (007,0.00)
LG 14 H:9.684e-37,Q:000088 (cl,P):(003,1.00) (007,0.00) (006,0.00)
L- 15 H:3.555e-01,Q:000019 tau:0.822768867016
RG 14 H:5.217e-36,Q:000014 (cl,P):(003,0.86) (004,0.14) (007,0.00)
LQ 14 H:1.037e-35,Q:000005 (cl,P):(003,0.80) (004,0.20) (007,0.00)
L- 18 H:1.962e+00,Q:000423 tau:0.352551221848
R- 17 H:1.471e+00,Q:000088 tau:0.546481132507
R- 16 H:7.451e-01,Q:000038 tau:0.647590458393
R- 15 H:2.755e-01,Q:000020 tau:0.668537914753
RG 14 H:5.218e-36,Q:000016 (cl,P):(001,0.88) (002,0.12) (007,0.00)
L- 14 H:5.000e-01,Q:000004 tau:0.650177717209
RQ 13 H:1.037e-35,Q:000002 (cl,P):(002,0.50) (001,0.50) (007,0.00)
LQ 13 H:1.037e-35,Q:000002 (cl,P):(002,0.50) (001,0.50) (007,0.00)
L- 15 H:1.111e-01,Q:000018 tau:0.59115254879
RG 14 H:7.282e-36,Q:000010 (cl,P):(002,0.80) (001,0.20) (007,0.00)
LG 14 H:6.511e-36,Q:000008 (cl,P):(002,1.00) (007,0.00) (006,0.00)
L- 16 H:8.383e-01,Q:000050 tau:0.728811442852
R- 15 H:5.528e-01,Q:000021 tau:0.465878635645
RG 14 H:4.821e-36,Q:000013 (cl,P):(002,1.00) (007,0.00) (006,0.00)
L- 14 H:2.500e-01,Q:000008 tau:0.768440663815
RQ 13 H:1.037e-35,Q:000005 (cl,P):(003,0.60) (002,0.40) (007,0.00)
LQ 13 H:1.037e-35,Q:000003 (cl,P):(003,1.00) (007,0.00) (006,0.00)
L- 15 H:2.856e-01,Q:000029 tau:0.616479158401
RG 14 H:3.810e-36,Q:000022 (cl,P):(003,0.95) (004,0.05) (007,0.00)
L- 14 H:7.871e-01,Q:000007 tau:0.518819332123
RG 13 H:7.796e-36,Q:000004 (cl,P):(003,1.00) (007,0.00) (006,0.00)
LG 13 H:6.667e-01,Q:000003 (cl,P):(004,0.67) (003,0.33) (007,0.00)
L- 17 H:1.417e+00,Q:000335 tau:0.701350212097
R- 16 H:8.793e-01,Q:000157 tau:-0.503843009472
R- 15 H:6.632e-01,Q:000131 tau:0.173477575183
R- 14 H:6.702e-01,Q:000025 tau:0.755531549454
RG 13 H:5.217e-36,Q:000014 (cl,P):(003,1.00) (007,0.00) (006,0.00)
L- 13 H:2.504e-01,Q:000011 tau:0.349161297083
RQ 12 H:1.037e-35,Q:000002 (cl,P):(003,1.00) (007,0.00) (006,0.00)
LG 12 H:5.796e-36,Q:000009 (cl,P):(004,0.78) (003,0.22) (007,0.00)
L- 14 H:1.448e-01,Q:000106 tau:0.728020012379
R- 13 H:5.518e-02,Q:000090 tau:0.0509328059852
R- 12 H:1.722e-01,Q:000016 tau:0.76108455658
RQ 11 H:1.037e-35,Q:000005 (cl,P):(004,0.80) (003,0.20) (007,0.00)
LG 11 H:7.563e-36,Q:000011 (cl,P):(004,1.00) (007,0.00) (006,0.00)
LG 12 H:1.149e-36,Q:000074 (cl,P):(004,1.00) (007,0.00) (006,0.00)
L- 13 H:2.500e-01,Q:000016 tau:0.112034879625
RG 12 H:7.796e-36,Q:000004 (cl,P):(004,1.00) (007,0.00) (006,0.00)
L- 12 H:1.667e-01,Q:000012 tau:-0.234364375472
RQ 11 H:1.037e-35,Q:000004 (cl,P):(005,0.50) (004,0.50) (007,0.00)
LG 11 H:7.796e-36,Q:000008 (cl,P):(004,1.00) (007,0.00) (006,0.00)
L- 15 H:4.427e-01,Q:000026 tau:0.721686720848
RG 14 H:3.988e-36,Q:000021 (cl,P):(003,1.00) (007,0.00) (006,0.00)
LG 14 H:8.311e-36,Q:000005 (cl,P):(004,0.80) (003,0.20) (007,0.00)
L- 16 H:1.092e+00,Q:000178 tau:-0.487588107586
R- 15 H:8.435e-01,Q:000148 tau:0.194769278169
R- 14 H:2.450e-01,Q:000031 tau:0.616974651814
R- 13 H:1.560e-01,Q:000025 tau:0.293517261744
RG 12 H:9.082e-36,Q:000008 (cl,P):(004,0.88) (003,0.12) (007,0.00)
LG 12 H:4.307e-36,Q:000017 (cl,P):(004,1.00) (007,0.00) (006,0.00)
LG 13 H:8.654e-36,Q:000006 (cl,P):(004,0.83) (005,0.17) (007,0.00)
L- 14 H:2.882e-01,Q:000117 tau:-0.418423384428
R- 13 H:1.485e-01,Q:000107 tau:0.685890376568
R- 12 H:3.636e-01,Q:000011 tau:-0.111480198801
RG 11 H:8.311e-36,Q:000005 (cl,P):(005,0.80) (004,0.20) (007,0.00)
LG 11 H:8.654e-36,Q:000006 (cl,P):(005,0.83) (004,0.17) (007,0.00)
L- 12 H:5.414e-02,Q:000096 tau:0.607439041138
RG 11 H:9.368e-37,Q:000091 (cl,P):(005,1.00) (007,0.00) (006,0.00)
L- 11 H:4.000e-01,Q:000005 tau:0.603631079197
RQ 10 H:1.037e-35,Q:000001 (cl,P):(006,1.00) (007,0.00) (005,0.00)
LG 10 H:7.796e-36,Q:000004 (cl,P):(005,1.00) (007,0.00) (006,0.00)
L- 13 H:4.000e-01,Q:000010 tau:0.670034348965
RG 12 H:7.796e-36,Q:000004 (cl,P):(004,1.00) (007,0.00) (006,0.00)
LG 12 H:6.934e-36,Q:000006 (cl,P):(005,1.00) (007,0.00) (006,0.00)
L- 15 H:3.300e-01,Q:000030 tau:-0.667684614658
RG 14 H:3.495e-36,Q:000024 (cl,P):(004,1.00) (007,0.00) (006,0.00)
L- 14 H:3.333e-01,Q:000006 tau:-0.67285066843
RQ 13 H:1.037e-35,Q:000001 (cl,P):(004,1.00) (007,0.00) (006,0.00)
LG 13 H:8.311e-36,Q:000005 (cl,P):(003,0.80) (004,0.20) (007,0.00)
L- 19 H:2.992e+00,Q:005791 tau:-0.480723410845
R- 18 H:2.984e+00,Q:004921 tau:-0.607529103756
R- 17 H:2.981e+00,Q:004385 tau:-0.173908218741
R- 16 H:2.977e+00,Q:003073 tau:0.391225129366
R- 15 H:2.458e+00,Q:000715 tau:0.615340232849
R- 14 H:1.848e+00,Q:000386 tau:0.79937338829
R- 13 H:1.047e+00,Q:000149 tau:0.938792467117
R- 12 H:1.245e-01,Q:000029 tau:0.941961705685
RG 11 H:3.004e-36,Q:000028 (cl,P):(000,1.00) (007,0.00) (006,0.00)
LQ 11 H:1.037e-35,Q:000001 (cl,P):(001,1.00) (007,0.00) (006,0.00)
L- 12 H:4.408e-01,Q:000120 tau:0.835565567017
R- 11 H:5.372e-02,Q:000090 tau:0.84708917141
RG 10 H:1.051e-36,Q:000081 (cl,P):(001,1.00) (007,0.00) (006,0.00)
LG 10 H:6.930e-36,Q:000009 (cl,P):(001,0.89) (002,0.11) (007,0.00)
L- 11 H:7.170e-01,Q:000030 tau:0.449529796839
RG 10 H:5.957e-36,Q:000014 (cl,P):(001,1.00) (007,0.00) (006,0.00)
L- 10 H:2.972e-01,Q:000016 tau:0.809873759747
RG 09 H:7.796e-36,Q:000008 (cl,P):(002,0.50) (001,0.50) (007,0.00)
LG 09 H:6.507e-36,Q:000008 (cl,P):(002,1.00) (007,0.00) (006,0.00)
L- 13 H:1.132e+00,Q:000237 tau:0.719980657101
R- 12 H:3.127e-01,Q:000097 tau:0.448490083218
R- 11 H:5.009e-01,Q:000011 tau:0.492854744196
R- 10 H:2.857e-01,Q:000007 tau:0.773270130157
RQ 09 H:1.037e-35,Q:000003 (cl,P):(001,1.00) (007,0.00) (006,0.00)
LG 09 H:7.796e-36,Q:000004 (cl,P):(002,0.75) (001,0.25) (007,0.00)
LG 10 H:7.796e-36,Q:000004 (cl,P):(002,0.75) (001,0.25) (007,0.00)
L- 11 H:5.914e-02,Q:000086 tau:0.743808567524
RG 10 H:1.287e-36,Q:000066 (cl,P):(002,1.00) (007,0.00) (006,0.00)
L- 10 H:1.805e-01,Q:000020 tau:0.734802901745
RG 09 H:7.429e-36,Q:000007 (cl,P):(002,0.86) (003,0.14) (007,0.00)
LG 09 H:4.029e-36,Q:000013 (cl,P):(002,1.00) (007,0.00) (006,0.00)
L- 12 H:7.070e-01,Q:000140 tau:0.451848745346
RG 11 H:2.940e-36,Q:000025 (cl,P):(002,1.00) (007,0.00) (006,0.00)
L- 11 H:2.155e-01,Q:000115 tau:-0.111820206046
R- 10 H:9.720e-02,Q:000108 tau:0.630848348141
R- 09 H:5.528e-02,Q:000092 tau:0.281817674637
R- 08 H:1.053e-01,Q:000019 tau:0.637968540192
RG 07 H:5.218e-36,Q:000016 (cl,P):(003,0.94) (002,0.06) (007,0.00)
LQ 07 H:1.037e-35,Q:000003 (cl,P):(003,1.00) (007,0.00) (006,0.00)
LG 08 H:1.165e-36,Q:000073 (cl,P):(003,1.00) (007,0.00) (006,0.00)
L- 09 H:1.250e-01,Q:000016 tau:0.403304427862
RQ 08 H:1.037e-35,Q:000004 (cl,P):(003,1.00) (007,0.00) (006,0.00)
LG 08 H:5.218e-36,Q:000012 (cl,P):(003,0.92) (004,0.08) (007,0.00)
L- 10 H:6.793e-01,Q:000007 tau:-0.153407230973
RG 09 H:8.311e-36,Q:000005 (cl,P):(002,0.60) (003,0.40) (007,0.00)
LQ 09 H:1.037e-35,Q:000002 (cl,P):(003,1.00) (007,0.00) (006,0.00)
L- 14 H:1.322e+00,Q:000329 tau:0.481387078762
R- 13 H:6.865e-01,Q:000172 tau:0.372250914574
R- 12 H:6.697e-01,Q:000043 tau:0.526433765888
R- 11 H:3.806e-01,Q:000029 tau:0.414632171392
RG 10 H:2.744e-36,Q:000023 (cl,P):(003,1.00) (007,0.00) (006,0.00)
L- 10 H:4.591e-01,Q:000006 tau:0.557992696762
RG 09 H:6.939e-36,Q:000003 (cl,P):(003,0.67) (004,0.33) (007,0.00)
LQ 09 H:1.037e-35,Q:000003 (cl,P):(004,1.00) (007,0.00) (006,0.00)
L- 11 H:2.318e-01,Q:000014 tau:0.443504482508
RG 10 H:8.654e-36,Q:000006 (cl,P):(004,0.83) (003,0.17) (007,0.00)
LG 10 H:6.507e-36,Q:000008 (cl,P):(004,1.00) (007,0.00) (006,0.00)
L- 12 H:3.072e-01,Q:000129 tau:0.59257119894
R- 11 H:5.009e-01,Q:000011 tau:0.603827238083
RG 10 H:6.254e-36,Q:000005 (cl,P):(004,0.60) (003,0.40) (007,0.00)
LG 10 H:8.654e-36,Q:000006 (cl,P):(004,0.67) (003,0.33) (007,0.00)
L- 11 H:1.937e-01,Q:000118 tau:-0.111524946988
R- 10 H:1.227e-01,Q:000108 tau:0.499291270971
RG 09 H:8.368e-37,Q:000102 (cl,P):(004,1.00) (007,0.00) (006,0.00)
L- 09 H:4.591e-01,Q:000006 tau:0.484034717083
RG 08 H:8.311e-36,Q:000005 (cl,P):(005,0.60) (004,0.40) (007,0.00)
LQ 08 H:1.037e-35,Q:000001 (cl,P):(004,1.00) (007,0.00) (006,0.00)
LG 10 H:6.254e-36,Q:000010 (cl,P):(004,0.80) (003,0.20) (007,0.00)
L- 13 H:7.707e-01,Q:000157 tau:0.417830646038
R- 12 H:3.852e-01,Q:000024 tau:0.396311819553
R- 11 H:1.377e-01,Q:000020 tau:0.521134078503
RG 10 H:6.507e-36,Q:000008 (cl,P):(004,0.88) (003,0.12) (007,0.00)
LG 10 H:6.936e-36,Q:000012 (cl,P):(004,1.00) (007,0.00) (006,0.00)
LQ 11 H:1.037e-35,Q:000004 (cl,P):(005,0.50) (004,0.50) (007,0.00)
L- 12 H:3.988e-01,Q:000133 tau:-0.120587043464
R- 11 H:1.718e-01,Q:000125 tau:0.477383047342
RQ 10 H:1.037e-35,Q:000004 (cl,P):(005,0.50) (004,0.50) (007,0.00)
L- 10 H:8.830e-02,Q:000121 tau:0.333346188068
RG 09 H:8.311e-36,Q:000010 (cl,P):(005,0.90) (004,0.10) (007,0.00)
L- 09 H:4.775e-02,Q:000111 tau:0.221728697419
R- 08 H:8.887e-02,Q:000031 tau:0.251499146223
RG 07 H:3.646e-36,Q:000023 (cl,P):(005,1.00) (007,0.00) (006,0.00)
LG 07 H:7.796e-36,Q:000008 (cl,P):(005,0.88) (006,0.12) (007,0.00)
LG 08 H:1.064e-36,Q:000080 (cl,P):(005,1.00) (007,0.00) (006,0.00)
L- 11 H:2.500e-01,Q:000008 tau:0.4598351717
RQ 10 H:1.037e-35,Q:000002 (cl,P):(004,1.00) (007,0.00) (006,0.00)
LG 10 H:8.654e-36,Q:000006 (cl,P):(004,0.83) (005,0.17) (007,0.00)
L- 15 H:2.871e+00,Q:002358 tau:0.0967219173908
R- 14 H:1.938e+00,Q:000813 tau:0.268420159817
R- 13 H:1.203e+00,Q:000251 tau:0.391595065594
R- 12 H:6.689e-01,Q:000050 tau:0.562367260456
R- 11 H:2.500e-01,Q:000008 tau:0.370882213116
RG 10 H:6.939e-36,Q:000003 (cl,P):(004,1.00) (007,0.00) (006,0.00)
LG 10 H:8.311e-36,Q:000005 (cl,P):(004,0.80) (005,0.20) (007,0.00)
L- 11 H:2.774e-01,Q:000042 tau:0.299580812454
R- 10 H:1.031e-01,Q:000035 tau:0.524667084217
RQ 09 H:1.037e-35,Q:000002 (cl,P):(005,0.50) (004,0.50) (007,0.00)
LG 09 H:2.553e-36,Q:000033 (cl,P):(005,1.00) (007,0.00) (006,0.00)
L- 10 H:2.857e-01,Q:000007 tau:0.280651599169
RQ 09 H:1.037e-35,Q:000003 (cl,P):(005,0.67) (006,0.33) (007,0.00)
LG 09 H:7.796e-36,Q:000004 (cl,P):(005,0.75) (006,0.25) (007,0.00)
L- 12 H:8.646e-01,Q:000201 tau:-0.0945191904902
R- 11 H:5.272e-01,Q:000174 tau:0.367414563894
R- 10 H:7.887e-01,Q:000026 tau:-0.0187955591828
R- 09 H:3.950e-01,Q:000020 tau:0.375607848167
R- 08 H:2.950e-01,Q:000011 tau:0.386840939522
R- 07 H:4.000e-01,Q:000005 tau:-0.00467683887109
RG 06 H:7.796e-36,Q:000004 (cl,P):(006,1.00) (007,0.00) (005,0.00)
LQ 06 H:1.037e-35,Q:000001 (cl,P):(005,1.00) (007,0.00) (006,0.00)
LG 07 H:6.939e-36,Q:000006 (cl,P):(006,0.67) (005,0.33) (007,0.00)
LG 08 H:8.082e-36,Q:000009 (cl,P):(006,1.00) (007,0.00) (005,0.00)
LG 09 H:8.654e-36,Q:000006 (cl,P):(005,1.00) (007,0.00) (006,0.00)
L- 10 H:3.148e-01,Q:000148 tau:0.2803363204
R- 09 H:8.850e-02,Q:000124 tau:0.290266185999
R- 08 H:4.734e-02,Q:000114 tau:0.307010531425
RG 07 H:9.575e-37,Q:000089 (cl,P):(006,1.00) (007,0.00) (005,0.00)
L- 07 H:1.102e-01,Q:000025 tau:0.299857258797
RG 06 H:8.082e-36,Q:000009 (cl,P):(006,0.89) (007,0.11) (005,0.00)
LG 06 H:5.221e-36,Q:000016 (cl,P):(006,1.00) (007,0.00) (005,0.00)
LG 08 H:6.245e-36,Q:000010 (cl,P):(006,0.90) (007,0.10) (005,0.00)
L- 09 H:8.171e-01,Q:000024 tau:0.274518400431
R- 08 H:7.673e-01,Q:000015 tau:0.107862964272
R- 07 H:2.222e-01,Q:000009 tau:0.33658733964
RQ 06 H:1.037e-35,Q:000003 (cl,P):(006,1.00) (007,0.00) (005,0.00)
LQ 06 H:1.037e-35,Q:000006 (cl,P):(007,0.83) (006,0.17) (005,0.00)
L- 07 H:4.591e-01,Q:000006 tau:0.278420805931
RG 06 H:6.939e-36,Q:000003 (cl,P):(006,1.00) (007,0.00) (005,0.00)
LQ 06 H:1.037e-35,Q:000003 (cl,P):(007,0.67) (006,0.33) (005,0.00)
LG 08 H:8.082e-36,Q:000009 (cl,P):(006,1.00) (007,0.00) (005,0.00)
L- 11 H:2.963e-01,Q:000027 tau:-0.137023165822
R- 10 H:1.429e-01,Q:000014 tau:-0.11798735708
RG 09 H:8.654e-36,Q:000006 (cl,P):(005,0.67) (006,0.33) (007,0.00)
LG 09 H:7.796e-36,Q:000008 (cl,P):(005,1.00) (007,0.00) (006,0.00)
LG 10 H:5.615e-36,Q:000013 (cl,P):(005,0.92) (006,0.08) (007,0.00)
L- 13 H:1.720e+00,Q:000562 tau:0.415540963411
R- 12 H:8.577e-01,Q:000070 tau:0.523575246334
R- 11 H:2.500e-01,Q:000024 tau:0.202081382275
RG 10 H:5.566e-36,Q:000015 (cl,P):(005,1.00) (007,0.00) (006,0.00)
LG 10 H:6.936e-36,Q:000009 (cl,P):(005,0.56) (006,0.44) (007,0.00)
L- 11 H:1.956e-01,Q:000046 tau:0.205164656043
R- 10 H:3.077e-01,Q:000013 tau:0.227328062057
RG 09 H:8.311e-36,Q:000005 (cl,P):(006,0.60) (005,0.40) (007,0.00)
LG 09 H:7.796e-36,Q:000008 (cl,P):(006,0.88) (005,0.12) (007,0.00)
LG 10 H:2.547e-36,Q:000033 (cl,P):(006,1.00) (007,0.00) (005,0.00)
L- 12 H:1.483e+00,Q:000492 tau:-0.0781207755208
R- 11 H:1.165e+00,Q:000411 tau:0.185013920069
R- 10 H:5.990e-01,Q:000165 tau:0.341089367867
R- 09 H:3.636e-01,Q:000011 tau:0.218750670552
RG 08 H:9.082e-36,Q:000008 (cl,P):(006,1.00) (007,0.00) (005,0.00)
LQ 08 H:1.037e-35,Q:000003 (cl,P):(007,1.00) (006,0.00) (005,0.00)
L- 09 H:4.230e-01,Q:000154 tau:-0.0333912372589
R- 08 H:2.404e-01,Q:000144 tau:0.201841115952
R- 07 H:4.454e-02,Q:000119 tau:0.325625091791
RQ 06 H:1.037e-35,Q:000002 (cl,P):(007,0.50) (006,0.50) (005,0.00)
LG 06 H:7.307e-37,Q:000117 (cl,P):(007,1.00) (006,0.00) (005,0.00)
L- 07 H:5.404e-01,Q:000025 tau:0.030977031216
R- 06 H:3.278e-01,Q:000016 tau:0.144237503409
R- 05 H:1.818e-01,Q:000011 tau:0.265369236469
RG 04 H:5.793e-36,Q:000009 (cl,P):(007,1.00) (006,0.00) (005,0.00)
LQ 04 H:1.037e-35,Q:000002 (cl,P):(000,1.00) (007,0.00) (006,0.00)
LG 05 H:8.311e-36,Q:000005 (cl,P):(000,0.80) (007,0.20) (006,0.00)
LG 06 H:8.082e-36,Q:000009 (cl,P):(007,1.00) (006,0.00) (005,0.00)
L- 08 H:6.755e-01,Q:000010 tau:0.236323848367
RG 07 H:8.654e-36,Q:000006 (cl,P):(006,1.00) (007,0.00) (005,0.00)
LQ 07 H:1.037e-35,Q:000004 (cl,P):(007,1.00) (006,0.00) (005,0.00)
L- 10 H:9.788e-01,Q:000246 tau:-0.0220382586122
R- 09 H:7.914e-01,Q:000196 tau:0.29279333353
RG 08 H:2.165e-36,Q:000039 (cl,P):(007,1.00) (006,0.00) (005,0.00)
L- 08 H:2.183e-01,Q:000157 tau:0.171472996473
R- 07 H:4.825e-01,Q:000014 tau:0.180873736739
RG 06 H:8.311e-36,Q:000005 (cl,P):(007,0.60) (000,0.40) (006,0.00)
L- 06 H:2.222e-01,Q:000009 tau:0.173449024558
RQ 05 H:1.037e-35,Q:000006 (cl,P):(000,1.00) (007,0.00) (006,0.00)
LQ 05 H:1.037e-35,Q:000003 (cl,P):(007,0.67) (000,0.33) (006,0.00)
L- 07 H:3.896e-02,Q:000143 tau:0.103555098176
RG 06 H:6.534e-37,Q:000131 (cl,P):(000,1.00) (007,0.00) (006,0.00)
L- 06 H:1.667e-01,Q:000012 tau:0.00643071625382
RG 05 H:8.898e-36,Q:000007 (cl,P):(000,0.86) (001,0.14) (007,0.00)
LQ 05 H:1.037e-35,Q:000005 (cl,P):(000,1.00) (007,0.00) (006,0.00)
LG 09 H:1.693e-36,Q:000050 (cl,P):(007,1.00) (006,0.00) (005,0.00)
L- 11 H:3.418e-01,Q:000081 tau:-0.0996737778187
R- 10 H:5.435e-01,Q:000014 tau:0.209586128592
RG 09 H:5.955e-36,Q:000007 (cl,P):(006,1.00) (007,0.00) (005,0.00)
LG 09 H:5.960e-36,Q:000007 (cl,P):(007,1.00) (006,0.00) (005,0.00)
LG 10 H:1.268e-36,Q:000067 (cl,P):(006,1.00) (007,0.00) (005,0.00)
L- 14 H:2.889e+00,Q:001545 tau:0.268101722002
R- 13 H:1.787e+00,Q:000449 tau:0.377670794725
R- 12 H:1.220e+00,Q:000261 tau:0.484463393688
R- 11 H:4.640e-01,Q:000117 tau:-0.388591587543
R- 10 H:1.860e-01,Q:000101 tau:0.508451044559
RG 09 H:9.470e-37,Q:000090 (cl,P):(006,1.00) (007,0.00) (005,0.00)
L- 09 H:2.504e-01,Q:000011 tau:0.0211575329304
RG 08 H:6.254e-36,Q:000005 (cl,P):(006,1.00) (007,0.00) (005,0.00)
LG 08 H:8.654e-36,Q:000006 (cl,P):(007,0.67) (006,0.33) (005,0.00)
L- 10 H:1.722e-01,Q:000016 tau:0.551587224007
RG 09 H:5.796e-36,Q:000009 (cl,P):(005,0.89) (006,0.11) (007,0.00)
LG 09 H:5.955e-36,Q:000007 (cl,P):(006,1.00) (007,0.00) (005,0.00)
L- 11 H:6.175e-01,Q:000144 tau:-0.380138009787
R- 10 H:2.267e-01,Q:000123 tau:0.409090727568
R- 09 H:5.414e-02,Q:000096 tau:0.0588555186987
RG 08 H:7.429e-36,Q:000007 (cl,P):(007,0.86) (006,0.14) (005,0.00)
LG 08 H:9.575e-37,Q:000089 (cl,P):(007,1.00) (006,0.00) (005,0.00)
L- 09 H:3.839e-01,Q:000027 tau:0.403139472008
R- 08 H:2.000e-01,Q:000010 tau:0.408761709929
RQ 07 H:1.037e-35,Q:000001 (cl,P):(007,1.00) (006,0.00) (005,0.00)
LG 07 H:8.082e-36,Q:000009 (cl,P):(007,0.89) (000,0.11) (006,0.00)
L- 08 H:3.085e-01,Q:000017 tau:-0.0272773746401
RG 07 H:8.654e-36,Q:000006 (cl,P):(007,0.83) (000,0.17) (006,0.00)
LG 07 H:5.682e-36,Q:000011 (cl,P):(007,0.73) (000,0.27) (006,0.00)
L- 10 H:8.026e-01,Q:000021 tau:0.444810569286
RG 09 H:4.359e-36,Q:000012 (cl,P):(006,1.00) (007,0.00) (005,0.00)
L- 09 H:4.444e-01,Q:000009 tau:-0.444761902094
RQ 08 H:1.037e-35,Q:000006 (cl,P):(007,1.00) (006,0.00) (005,0.00)
LQ 08 H:1.037e-35,Q:000003 (cl,P):(006,1.00) (007,0.00) (005,0.00)
L- 12 H:7.834e-01,Q:000188 tau:-0.365412026644
R- 11 H:4.312e-01,Q:000168 tau:0.295188456774
R- 10 H:1.590e-01,Q:000127 tau:0.358086019754
R- 09 H:1.818e-01,Q:000022 tau:0.36499863863
R- 08 H:2.504e-01,Q:000011 tau:-0.300411492586
RG 07 H:6.250e-36,Q:000010 (cl,P):(000,1.00) (007,0.00) (006,0.00)
LQ 07 H:1.037e-35,Q:000001 (cl,P):(007,1.00) (006,0.00) (005,0.00)
LG 08 H:6.625e-36,Q:000011 (cl,P):(000,0.91) (007,0.09) (006,0.00)
L- 09 H:1.010e-01,Q:000105 tau:0.319376289845
RG 08 H:1.369e-36,Q:000062 (cl,P):(000,1.00) (007,0.00) (006,0.00)
L- 08 H:1.870e-01,Q:000043 tau:0.31563436985
RG 07 H:8.311e-36,Q:000005 (cl,P):(000,0.80) (001,0.20) (007,0.00)
L- 07 H:1.090e-01,Q:000038 tau:0.301820337772
R- 06 H:1.411e-01,Q:000023 tau:0.303854078054
RG 05 H:4.403e-36,Q:000019 (cl,P):(000,1.00) (007,0.00) (006,0.00)
LQ 05 H:1.037e-35,Q:000004 (cl,P):(000,0.75) (001,0.25) (007,0.00)
LG 06 H:4.875e-36,Q:000015 (cl,P):(000,1.00) (007,0.00) (006,0.00)
L- 10 H:6.994e-01,Q:000041 tau:-0.0138951009139
RG 09 H:4.408e-36,Q:000019 (cl,P):(000,1.00) (007,0.00) (006,0.00)
L- 09 H:8.393e-01,Q:000022 tau:-0.195193365216
RG 08 H:5.218e-36,Q:000010 (cl,P):(001,1.00) (007,0.00) (006,0.00)
L- 08 H:1.667e-01,Q:000012 tau:-0.344618231058
RG 07 H:8.898e-36,Q:000007 (cl,P):(000,0.86) (001,0.14) (007,0.00)
LQ 07 H:1.037e-35,Q:000005 (cl,P):(000,1.00) (007,0.00) (006,0.00)
L- 11 H:4.000e-01,Q:000020 tau:0.336996763945
RG 10 H:6.079e-36,Q:000012 (cl,P):(007,1.00) (006,0.00) (005,0.00)
L- 10 H:2.500e-01,Q:000008 tau:0.33100181818
RQ 09 H:1.037e-35,Q:000001 (cl,P):(007,1.00) (006,0.00) (005,0.00)
LG 09 H:8.898e-36,Q:000007 (cl,P):(007,0.57) (000,0.43) (006,0.00)
L- 13 H:2.596e+00,Q:001096 tau:0.0885106250644
R- 12 H:1.349e+00,Q:000443 tau:0.187055438757
R- 11 H:7.195e-01,Q:000176 tau:-0.33178088069
R- 10 H:3.143e-01,Q:000151 tau:0.0396364592016
R- 09 H:2.000e-01,Q:000010 tau:0.237121477723
RG 08 H:6.934e-36,Q:000006 (cl,P):(000,0.83) (001,0.17) (007,0.00)
LQ 08 H:1.037e-35,Q:000004 (cl,P):(001,0.50) (000,0.50) (007,0.00)
L- 09 H:1.207e-01,Q:000141 tau:0.256443202496
RG 08 H:7.279e-36,Q:000010 (cl,P):(001,0.90) (000,0.10) (007,0.00)
L- 08 H:8.308e-02,Q:000131 tau:0.198767438531
RG 07 H:7.836e-37,Q:000109 (cl,P):(001,1.00) (007,0.00) (006,0.00)
L- 07 H:2.893e-01,Q:000022 tau:0.190111920238
R- 06 H:1.722e-01,Q:000016 tau:-0.253560334444
R- 05 H:1.818e-01,Q:000011 tau:0.197322890162
RQ 04 H:1.037e-35,Q:000003 (cl,P):(001,1.00) (007,0.00) (006,0.00)
LG 04 H:7.796e-36,Q:000008 (cl,P):(001,0.88) (002,0.12) (007,0.00)
LG 05 H:8.311e-36,Q:000005 (cl,P):(001,1.00) (007,0.00) (006,0.00)
LG 06 H:6.939e-36,Q:000006 (cl,P):(001,0.83) (002,0.17) (007,0.00)
L- 10 H:8.000e-02,Q:000025 tau:0.202009871602
RG 09 H:3.988e-36,Q:000021 (cl,P):(000,1.00) (007,0.00) (006,0.00)
LG 09 H:7.796e-36,Q:000004 (cl,P):(000,0.75) (001,0.25) (007,0.00)
L- 11 H:1.163e+00,Q:000267 tau:0.0314493514597
RG 10 H:1.438e-36,Q:000059 (cl,P):(001,1.00) (007,0.00) (006,0.00)
L- 10 H:9.558e-01,Q:000208 tau:-0.291135489941
R- 09 H:2.810e-01,Q:000167 tau:0.16730183363
R- 08 H:5.706e-01,Q:000025 tau:0.173051834106
RG 07 H:6.412e-36,Q:000013 (cl,P):(002,0.85) (001,0.15) (007,0.00)
L- 07 H:3.333e-01,Q:000012 tau:-0.0429512374103
RQ 06 H:1.037e-35,Q:000003 (cl,P):(001,0.67) (002,0.33) (007,0.00)
L- 06 H:3.061e-01,Q:000009 tau:-0.165371090174
RG 05 H:5.960e-36,Q:000007 (cl,P):(002,1.00) (007,0.00) (006,0.00)
LQ 05 H:1.037e-35,Q:000002 (cl,P):(001,1.00) (007,0.00) (006,0.00)
L- 08 H:1.208e-01,Q:000142 tau:0.0981787070632
R- 07 H:8.223e-02,Q:000135 tau:0.105831071734
R- 06 H:4.831e-02,Q:000117 tau:-0.00685287220404
R- 05 H:2.496e-01,Q:000013 tau:-0.000939282646868
RG 04 H:8.082e-36,Q:000009 (cl,P):(002,1.00) (007,0.00) (006,0.00)
L- 04 H:5.000e-01,Q:000004 tau:-0.0037095497828
RQ 03 H:1.037e-35,Q:000002 (cl,P):(002,1.00) (007,0.00) (006,0.00)
LQ 03 H:1.037e-35,Q:000002 (cl,P):(002,0.50) (001,0.50) (007,0.00)
LG 05 H:8.208e-37,Q:000104 (cl,P):(002,1.00) (007,0.00) (006,0.00)
L- 06 H:1.111e-01,Q:000018 tau:-0.00240259733982
RQ 05 H:1.037e-35,Q:000006 (cl,P):(002,1.00) (007,0.00) (006,0.00)
LG 05 H:6.075e-36,Q:000012 (cl,P):(002,0.92) (003,0.08) (007,0.00)
LG 07 H:8.898e-36,Q:000007 (cl,P):(002,0.86) (003,0.14) (007,0.00)
L- 09 H:6.107e-01,Q:000041 tau:-0.415197402239
RG 08 H:2.715e-36,Q:000031 (cl,P):(001,1.00) (007,0.00) (006,0.00)
LG 08 H:5.222e-36,Q:000010 (cl,P):(000,1.00) (007,0.00) (006,0.00)
L- 12 H:2.621e+00,Q:000653 tau:-0.0899206548929
R- 11 H:1.979e+00,Q:000199 tau:-0.00508376443759
R- 10 H:1.268e+00,Q:000111 tau:-0.090459421277
R- 09 H:9.463e-01,Q:000034 tau:0.0567300394177
RG 08 H:4.919e-36,Q:000017 (cl,P):(001,1.00) (007,0.00) (006,0.00)
LG 08 H:4.917e-36,Q:000017 (cl,P):(007,1.00) (006,0.00) (005,0.00)
L- 09 H:2.195e-01,Q:000077 tau:-0.108962215483
R- 08 H:1.968e-01,Q:000014 tau:0.0156458541751
RG 07 H:6.939e-36,Q:000006 (cl,P):(007,0.50) (006,0.50) (005,0.00)
LG 07 H:6.511e-36,Q:000008 (cl,P):(006,1.00) (007,0.00) (005,0.00)
L- 08 H:6.902e-02,Q:000063 tau:0.0195081774145
RG 07 H:1.693e-36,Q:000050 (cl,P):(006,1.00) (007,0.00) (005,0.00)
LG 07 H:4.821e-36,Q:000013 (cl,P):(006,0.92) (005,0.08) (007,0.00)
L- 10 H:9.372e-01,Q:000088 tau:0.0498960092664
RG 09 H:4.919e-36,Q:000017 (cl,P):(003,1.00) (007,0.00) (006,0.00)
L- 09 H:2.950e-01,Q:000071 tau:-0.0380374081433
R- 08 H:3.658e-01,Q:000013 tau:-0.0196557547897
R- 07 H:2.500e-01,Q:000008 tau:-0.0113925775513
RQ 06 H:1.037e-35,Q:000003 (cl,P):(005,0.67) (006,0.33) (007,0.00)
LQ 06 H:1.037e-35,Q:000005 (cl,P):(005,0.60) (006,0.40) (007,0.00)
LQ 07 H:1.037e-35,Q:000005 (cl,P):(005,0.60) (006,0.40) (007,0.00)
LG 08 H:1.462e-36,Q:000058 (cl,P):(005,1.00) (007,0.00) (006,0.00)
L- 11 H:1.999e+00,Q:000454 tau:-0.278882682323
R- 10 H:1.293e+00,Q:000296 tau:-0.186815723777
R- 09 H:1.114e+00,Q:000189 tau:0.0205491427332
R- 08 H:1.387e-01,Q:000064 tau:0.0445022955537
R- 07 H:6.942e-02,Q:000052 tau:0.0782242938876
R- 06 H:1.667e-01,Q:000012 tau:-0.140884622931
RG 05 H:7.796e-36,Q:000008 (cl,P):(003,1.00) (007,0.00) (006,0.00)
LQ 05 H:1.037e-35,Q:000004 (cl,P):(003,0.75) (002,0.25) (007,0.00)
LG 06 H:2.110e-36,Q:000040 (cl,P):(003,1.00) (007,0.00) (006,0.00)
LG 07 H:5.217e-36,Q:000012 (cl,P):(003,0.92) (004,0.08) (007,0.00)
L- 08 H:3.542e-01,Q:000125 tau:-0.107400692999
R- 07 H:5.837e-01,Q:000015 tau:-0.0191289912909
RG 06 H:9.082e-36,Q:000008 (cl,P):(004,1.00) (007,0.00) (006,0.00)
L- 06 H:2.857e-01,Q:000007 tau:-0.0956712067127
RQ 05 H:1.037e-35,Q:000002 (cl,P):(005,1.00) (007,0.00) (006,0.00)
LQ 05 H:1.037e-35,Q:000005 (cl,P):(005,0.60) (004,0.40) (007,0.00)
L- 07 H:1.727e-01,Q:000110 tau:-0.0220438484102
R- 06 H:2.755e-01,Q:000020 tau:-0.135570764542
RG 05 H:6.079e-36,Q:000012 (cl,P):(004,1.00) (007,0.00) (006,0.00)
LG 05 H:7.796e-36,Q:000008 (cl,P):(004,0.62) (003,0.38) (007,0.00)
L- 06 H:5.518e-02,Q:000090 tau:-0.128800824285
R- 05 H:1.148e-01,Q:000024 tau:-0.0748073086143
RG 04 H:5.219e-36,Q:000016 (cl,P):(004,1.00) (007,0.00) (006,0.00)
LQ 04 H:1.037e-35,Q:000008 (cl,P):(004,0.88) (005,0.12) (007,0.00)
LG 05 H:1.287e-36,Q:000066 (cl,P):(004,1.00) (007,0.00) (006,0.00)
L- 09 H:5.180e-01,Q:000107 tau:0.0367670245469
R- 08 H:5.333e-01,Q:000015 tau:0.0497280992568
R- 07 H:2.500e-01,Q:000008 tau:-0.203091412783
RQ 06 H:1.037e-35,Q:000001 (cl,P):(003,1.00) (007,0.00) (006,0.00)
LG 06 H:8.898e-36,Q:000007 (cl,P):(002,1.00) (007,0.00) (006,0.00)
LG 07 H:7.429e-36,Q:000007 (cl,P):(002,0.71) (003,0.29) (007,0.00)
L- 08 H:5.398e-02,Q:000092 tau:-0.194100141525
RQ 07 H:1.037e-35,Q:000004 (cl,P):(003,0.75) (004,0.25) (007,0.00)
LG 07 H:9.684e-37,Q:000088 (cl,P):(003,1.00) (007,0.00) (006,0.00)
L- 10 H:1.101e+00,Q:000158 tau:-0.389746427536
R- 09 H:4.339e-01,Q:000087 tau:-0.364625126123
R- 08 H:2.737e-01,Q:000077 tau:-0.299575209618
R- 07 H:3.396e-01,Q:000014 tau:0.0771930813789
RQ 06 H:1.037e-35,Q:000002 (cl,P):(002,1.00) (007,0.00) (006,0.00)
LG 06 H:6.939e-36,Q:000012 (cl,P):(002,0.67) (003,0.33) (007,0.00)
L- 07 H:7.189e-02,Q:000063 tau:0.0563597306609
RQ 06 H:1.037e-35,Q:000006 (cl,P):(002,0.83) (001,0.17) (007,0.00)
LG 06 H:1.488e-36,Q:000057 (cl,P):(002,1.00) (007,0.00) (006,0.00)
L- 08 H:2.000e-01,Q:000010 tau:-0.163353219628
RG 07 H:8.082e-36,Q:000009 (cl,P):(002,0.56) (001,0.44) (007,0.00)
LQ 07 H:1.037e-35,Q:000001 (cl,P):(002,1.00) (007,0.00) (006,0.00)
LG 09 H:1.197e-36,Q:000071 (cl,P):(001,1.00) (007,0.00) (006,0.00)
L- 16 H:2.549e+00,Q:001312 tau:-0.38323956728
R- 15 H:2.409e+00,Q:000770 tau:-0.268264383078
R- 14 H:2.243e+00,Q:000651 tau:0.578693687916
R- 13 H:1.673e+00,Q:000110 tau:0.716029524803
R- 12 H:1.082e+00,Q:000065 tau:0.841474175453
R- 11 H:2.422e-01,Q:000032 tau:0.860022187233
RG 10 H:2.805e-36,Q:000030 (cl,P):(000,1.00) (007,0.00) (006,0.00)
LQ 10 H:1.037e-35,Q:000002 (cl,P):(001,1.00) (007,0.00) (006,0.00)
L- 11 H:3.272e-01,Q:000033 tau:-0.265531927347
R- 10 H:2.578e-01,Q:000014 tau:0.721361398697
RG 09 H:5.614e-36,Q:000013 (cl,P):(001,0.92) (002,0.08) (007,0.00)
LQ 09 H:1.037e-35,Q:000001 (cl,P):(002,1.00) (007,0.00) (006,0.00)
LG 10 H:4.402e-36,Q:000019 (cl,P):(001,0.95) (000,0.05) (007,0.00)
L- 12 H:4.258e-01,Q:000045 tau:-0.227875038981
R- 11 H:6.793e-01,Q:000007 tau:0.652248680592
RG 10 H:6.939e-36,Q:000003 (cl,P):(002,1.00) (007,0.00) (006,0.00)
LQ 10 H:1.037e-35,Q:000004 (cl,P):(003,1.00) (007,0.00) (006,0.00)
L- 11 H:7.250e-02,Q:000038 tau:-0.327727615833
RG 10 H:3.004e-36,Q:000028 (cl,P):(002,1.00) (007,0.00) (006,0.00)
LG 10 H:7.279e-36,Q:000010 (cl,P):(002,0.90) (001,0.10) (007,0.00)
L- 13 H:1.663e+00,Q:000541 tau:-0.27786257863
R- 12 H:1.503e+00,Q:000307 tau:-0.0488797910511
R- 11 H:1.105e+00,Q:000219 tau:0.346020281315
R- 10 H:9.494e-01,Q:000052 tau:0.525450348854
RG 09 H:4.185e-36,Q:000020 (cl,P):(003,1.00) (007,0.00) (006,0.00)
L- 09 H:1.219e-01,Q:000032 tau:-0.184437006712
RG 08 H:7.429e-36,Q:000007 (cl,P):(004,0.86) (005,0.14) (007,0.00)
LG 08 H:3.359e-36,Q:000025 (cl,P):(004,1.00) (007,0.00) (006,0.00)
L- 10 H:1.980e-01,Q:000167 tau:-0.185359627008
R- 09 H:4.608e-01,Q:000019 tau:-0.17912183702
RG 08 H:6.936e-36,Q:000009 (cl,P):(005,0.89) (006,0.11) (007,0.00)
L- 08 H:2.000e-01,Q:000010 tau:-0.184395283461
RG 07 H:6.511e-36,Q:000008 (cl,P):(005,0.75) (006,0.25) (007,0.00)
LQ 07 H:1.037e-35,Q:000002 (cl,P):(006,0.50) (005,0.50) (007,0.00)
L- 09 H:7.684e-02,Q:000148 tau:-0.24862895906
RG 08 H:6.954e-37,Q:000123 (cl,P):(005,1.00) (007,0.00) (006,0.00)
L- 08 H:1.902e-01,Q:000025 tau:-0.262527793646
R- 07 H:1.250e-01,Q:000016 tau:0.0769741609693
RG 06 H:5.682e-36,Q:000011 (cl,P):(005,0.91) (004,0.09) (007,0.00)
LG 06 H:6.254e-36,Q:000005 (cl,P):(005,0.80) (004,0.20) (007,0.00)
LG 07 H:5.787e-36,Q:000009 (cl,P):(005,1.00) (007,0.00) (006,0.00)
L- 11 H:9.948e-01,Q:000088 tau:-0.165929481387
R- 10 H:8.697e-02,Q:000050 tau:-0.179857909679
RQ 09 H:1.037e-35,Q:000005 (cl,P):(004,0.80) (005,0.20) (007,0.00)
LG 09 H:1.879e-36,Q:000045 (cl,P):(004,1.00) (007,0.00) (006,0.00)
LG 10 H:2.220e-36,Q:000038 (cl,P):(003,1.00) (007,0.00) (006,0.00)
L- 12 H:1.129e+00,Q:000234 tau:-0.0812503620982
R- 11 H:9.238e-01,Q:000192 tau:0.401822119951
R- 10 H:4.223e-01,Q:000038 tau:0.519840598106
R- 09 H:7.510e-01,Q:000010 tau:0.548221647739
RQ 08 H:1.037e-35,Q:000003 (cl,P):(002,1.00) (007,0.00) (006,0.00)
LG 08 H:7.429e-36,Q:000007 (cl,P):(003,0.86) (002,0.14) (007,0.00)
LG 09 H:3.003e-36,Q:000028 (cl,P):(003,1.00) (007,0.00) (006,0.00)
L- 10 H:3.383e-01,Q:000154 tau:-0.363349735737
R- 09 H:1.613e-01,Q:000136 tau:-0.0381634570658
R- 08 H:1.329e-01,Q:000121 tau:-0.299560427666
R- 07 H:2.244e-01,Q:000025 tau:0.107818745077
RG 06 H:4.573e-36,Q:000016 (cl,P):(004,0.94) (005,0.06) (007,0.00)
L- 06 H:2.222e-01,Q:000009 tau:0.0310222636908
RQ 05 H:1.037e-35,Q:000003 (cl,P):(004,0.67) (005,0.33) (007,0.00)
LQ 05 H:1.037e-35,Q:000006 (cl,P):(004,1.00) (007,0.00) (006,0.00)
L- 07 H:5.036e-02,Q:000096 tau:0.316647469997
RG 06 H:6.247e-36,Q:000005 (cl,P):(004,0.80) (003,0.20) (007,0.00)
LG 06 H:9.367e-37,Q:000091 (cl,P):(004,1.00) (007,0.00) (006,0.00)
LG 08 H:5.560e-36,Q:000015 (cl,P):(004,0.93) (003,0.07) (007,0.00)
L- 09 H:6.394e-01,Q:000018 tau:0.0263585709035
R- 08 H:1.968e-01,Q:000014 tau:0.389242380857
RQ 07 H:1.037e-35,Q:000002 (cl,P):(003,1.00) (007,0.00) (006,0.00)
LG 07 H:6.082e-36,Q:000012 (cl,P):(004,1.00) (007,0.00) (006,0.00)
LQ 08 H:1.037e-35,Q:000004 (cl,P):(003,1.00) (007,0.00) (006,0.00)
L- 11 H:4.689e-01,Q:000042 tau:-0.223618030548
R- 10 H:2.116e-01,Q:000038 tau:-0.286751419306
RQ 09 H:1.037e-35,Q:000004 (cl,P):(004,0.50) (003,0.50) (007,0.00)
LG 09 H:2.479e-36,Q:000034 (cl,P):(003,1.00) (007,0.00) (006,0.00)
LQ 10 H:1.037e-35,Q:000004 (cl,P):(002,0.75) (003,0.25) (007,0.00)
L- 14 H:1.021e+00,Q:000119 tau:-0.366685241461
R- 13 H:1.954e-01,Q:000071 tau:-0.285139292479
R- 12 H:2.000e-01,Q:000010 tau:-0.273141056299
RG 11 H:7.796e-36,Q:000004 (cl,P):(002,0.75) (003,0.25) (007,0.00)
LG 11 H:6.934e-36,Q:000006 (cl,P):(002,0.83) (003,0.17) (007,0.00)
L- 12 H:7.129e-02,Q:000061 tau:-0.343848735094
RG 11 H:1.514e-36,Q:000056 (cl,P):(002,1.00) (007,0.00) (006,0.00)
LQ 11 H:1.037e-35,Q:000005 (cl,P):(002,0.80) (001,0.20) (007,0.00)
L- 13 H:2.138e-01,Q:000048 tau:-0.382227033377
RQ 12 H:1.037e-35,Q:000004 (cl,P):(002,0.75) (001,0.25) (007,0.00)
LG 12 H:1.920e-36,Q:000044 (cl,P):(001,1.00) (007,0.00) (006,0.00)
L- 15 H:2.010e+00,Q:000542 tau:-0.49663412571
R- 14 H:1.829e+00,Q:000305 tau:-0.142996639013
R- 13 H:1.514e+00,Q:000222 tau:0.441404879093
R- 12 H:1.521e+00,Q:000066 tau:0.584947884083
R- 11 H:8.958e-01,Q:000042 tau:0.77830350399
RG 10 H:4.184e-36,Q:000020 (cl,P):(000,1.00) (007,0.00) (006,0.00)
L- 10 H:1.641e-01,Q:000022 tau:-0.471920758486
RG 09 H:3.860e-36,Q:000019 (cl,P):(001,1.00) (007,0.00) (006,0.00)
LQ 09 H:1.037e-35,Q:000003 (cl,P):(001,0.67) (000,0.33) (007,0.00)
L- 11 H:1.352e-01,Q:000024 tau:-0.409800618887
RQ 10 H:1.037e-35,Q:000004 (cl,P):(002,0.75) (003,0.25) (007,0.00)
LG 10 H:4.187e-36,Q:000020 (cl,P):(002,1.00) (007,0.00) (006,0.00)
L- 12 H:5.260e-01,Q:000156 tau:-0.467486798763
R- 11 H:2.081e-01,Q:000122 tau:-0.403306633234
R- 10 H:4.182e-01,Q:000028 tau:0.220538258553
RG 09 H:6.250e-36,Q:000010 (cl,P):(003,0.90) (004,0.10) (007,0.00)
L- 09 H:2.642e-01,Q:000018 tau:-0.391423970461
R- 08 H:2.500e-01,Q:000008 tau:-0.0823849290609
RQ 07 H:1.037e-35,Q:000005 (cl,P):(003,0.80) (004,0.20) (007,0.00)
LQ 07 H:1.037e-35,Q:000003 (cl,P):(003,1.00) (007,0.00) (006,0.00)
LG 08 H:5.218e-36,Q:000010 (cl,P):(003,0.80) (004,0.20) (007,0.00)
L- 10 H:5.411e-02,Q:000094 tau:0.440542042255
RQ 09 H:1.037e-35,Q:000001 (cl,P):(002,1.00) (007,0.00) (006,0.00)
LG 09 H:9.168e-37,Q:000093 (cl,P):(003,1.00) (007,0.00) (006,0.00)
L- 11 H:7.574e-01,Q:000034 tau:-0.494173049927
R- 10 H:4.631e-01,Q:000026 tau:0.0299790501595
R- 09 H:1.312e-01,Q:000021 tau:0.36415079236
RQ 08 H:1.037e-35,Q:000002 (cl,P):(002,1.00) (007,0.00) (006,0.00)
LG 08 H:3.859e-36,Q:000019 (cl,P):(003,1.00) (007,0.00) (006,0.00)
LG 09 H:8.311e-36,Q:000005 (cl,P):(002,0.80) (003,0.20) (007,0.00)
LG 10 H:6.507e-36,Q:000008 (cl,P):(002,0.88) (003,0.12) (007,0.00)
L- 13 H:1.241e+00,Q:000083 tau:-0.305104732513
R- 12 H:2.318e-01,Q:000042 tau:-0.261833161116
RG 11 H:2.342e-36,Q:000036 (cl,P):(002,1.00) (007,0.00) (006,0.00)
L- 11 H:4.591e-01,Q:000006 tau:-0.463067770004
R- 10 H:4.000e-01,Q:000005 tau:-0.420544654131
RQ 09 H:1.037e-35,Q:000003 (cl,P):(002,1.00) (007,0.00) (006,0.00)
LQ 09 H:1.037e-35,Q:000002 (cl,P):(001,1.00) (007,0.00) (006,0.00)
LQ 10 H:1.037e-35,Q:000001 (cl,P):(001,1.00) (007,0.00) (006,0.00)
L- 12 H:5.256e-01,Q:000041 tau:-0.399802923203
RG 11 H:2.553e-36,Q:000033 (cl,P):(001,1.00) (007,0.00) (006,0.00)
LG 11 H:6.500e-36,Q:000008 (cl,P):(000,1.00) (007,0.00) (006,0.00)
L- 14 H:1.570e+00,Q:000237 tau:-0.186353340745
R- 13 H:1.295e+00,Q:000179 tau:0.450147300959
R- 12 H:1.193e+00,Q:000056 tau:0.614260971546
R- 11 H:5.889e-01,Q:000027 tau:0.65296536684
R- 10 H:3.444e-01,Q:000024 tau:0.751356840134
R- 09 H:2.222e-01,Q:000009 tau:-0.604811191559
RG 08 H:9.082e-36,Q:000008 (cl,P):(000,0.62) (007,0.38) (006,0.00)
LQ 08 H:1.037e-35,Q:000001 (cl,P):(007,1.00) (006,0.00) (005,0.00)
LG 09 H:4.878e-36,Q:000015 (cl,P):(000,1.00) (007,0.00) (006,0.00)
LQ 10 H:1.037e-35,Q:000003 (cl,P):(001,0.67) (000,0.33) (007,0.00)
L- 11 H:2.364e-01,Q:000029 tau:-0.56428861618
R- 10 H:2.222e-01,Q:000018 tau:-0.517012834549
RG 09 H:6.939e-36,Q:000006 (cl,P):(001,0.67) (002,0.33) (007,0.00)
LG 09 H:5.219e-36,Q:000012 (cl,P):(001,1.00) (007,0.00) (006,0.00)
LG 10 H:7.563e-36,Q:000011 (cl,P):(001,0.91) (000,0.09) (007,0.00)
L- 12 H:3.164e-01,Q:000123 tau:-0.58676469326
R- 11 H:4.997e-02,Q:000108 tau:-0.574964046478
RG 10 H:8.706e-37,Q:000098 (cl,P):(002,1.00) (007,0.00) (006,0.00)
L- 10 H:2.000e-01,Q:000010 tau:0.0966648906469
RG 09 H:8.311e-36,Q:000005 (cl,P):(002,1.00) (007,0.00) (006,0.00)
LG 09 H:8.311e-36,Q:000005 (cl,P):(002,0.80) (001,0.20) (007,0.00)
L- 11 H:8.243e-01,Q:000015 tau:-0.597634673119
RG 10 H:6.939e-36,Q:000006 (cl,P):(002,0.67) (001,0.33) (007,0.00)
L- 10 H:6.122e-01,Q:000009 tau:-0.60346364975
R- 09 H:5.000e-01,Q:000004 tau:-0.597878873348
RQ 08 H:1.037e-35,Q:000001 (cl,P):(001,1.00) (007,0.00) (006,0.00)
LQ 08 H:1.037e-35,Q:000003 (cl,P):(001,0.67) (002,0.33) (007,0.00)
LG 09 H:8.311e-36,Q:000005 (cl,P):(002,0.60) (001,0.40) (007,0.00)
L- 13 H:1.006e+00,Q:000058 tau:-0.362150758505
R- 12 H:4.476e-01,Q:000031 tau:-0.286239683628
RG 11 H:3.665e-36,Q:000020 (cl,P):(001,1.00) (007,0.00) (006,0.00)
L- 11 H:1.818e-01,Q:000011 tau:-0.522065579891
RG 10 H:7.796e-36,Q:000008 (cl,P):(001,0.88) (000,0.12) (007,0.00)
LQ 10 H:1.037e-35,Q:000003 (cl,P):(000,1.00) (007,0.00) (006,0.00)
L- 12 H:7.407e-02,Q:000027 tau:-0.586948752403
RG 11 H:3.645e-36,Q:000023 (cl,P):(000,1.00) (007,0.00) (006,0.00)
LQ 11 H:1.037e-35,Q:000004 (cl,P):(000,0.75) (007,0.25) (006,0.00)
L- 17 H:1.911e+00,Q:000536 tau:-0.816151797771
R- 16 H:1.587e+00,Q:000366 tau:-0.713987052441
R- 15 H:1.377e+00,Q:000207 tau:-0.179619655013
R- 14 H:9.010e-01,Q:000154 tau:0.466826468706
R- 13 H:8.892e-01,Q:000033 tau:0.65271127224
R- 12 H:3.936e-01,Q:000014 tau:-0.641181528568
RQ 11 H:1.037e-35,Q:000004 (cl,P):(007,0.50) (000,0.50) (006,0.00)
LG 11 H:6.254e-36,Q:000010 (cl,P):(007,1.00) (006,0.00) (005,0.00)
L- 12 H:1.450e-01,Q:000019 tau:-0.625065326691
RQ 11 H:1.037e-35,Q:000002 (cl,P):(001,0.50) (000,0.50) (007,0.00)
LG 11 H:4.916e-36,Q:000017 (cl,P):(000,0.94) (001,0.06) (007,0.00)
L- 13 H:1.610e-01,Q:000121 tau:-0.138483926654
R- 12 H:4.501e-02,Q:000113 tau:0.448775619268
RG 11 H:7.796e-36,Q:000004 (cl,P):(001,0.75) (000,0.25) (007,0.00)
LG 11 H:7.836e-37,Q:000109 (cl,P):(001,1.00) (007,0.00) (006,0.00)
L- 12 H:3.444e-01,Q:000008 tau:-0.173691943288
RG 11 H:6.939e-36,Q:000006 (cl,P):(001,0.67) (000,0.33) (007,0.00)
LQ 11 H:1.037e-35,Q:000002 (cl,P):(001,0.50) (000,0.50) (007,0.00)
L- 14 H:9.849e-01,Q:000053 tau:-0.381200015545
R- 13 H:1.674e-01,Q:000029 tau:-0.285741060972
RG 12 H:4.648e-36,Q:000018 (cl,P):(000,1.00) (007,0.00) (006,0.00)
L- 12 H:2.504e-01,Q:000011 tau:-0.620358467102
RQ 11 H:1.037e-35,Q:000003 (cl,P):(000,1.00) (007,0.00) (006,0.00)
LG 11 H:6.507e-36,Q:000008 (cl,P):(000,0.75) (007,0.25) (006,0.00)
LG 13 H:3.498e-36,Q:000024 (cl,P):(007,1.00) (006,0.00) (005,0.00)
L- 15 H:1.008e+00,Q:000159 tau:-0.24999037385
R- 14 H:6.664e-01,Q:000134 tau:0.46655446291
R- 13 H:4.762e-01,Q:000021 tau:0.590024650097
RG 12 H:8.082e-36,Q:000009 (cl,P):(007,1.00) (006,0.00) (005,0.00)
L- 12 H:2.296e-01,Q:000012 tau:-0.806294977665
RG 11 H:7.282e-36,Q:000010 (cl,P):(007,0.50) (000,0.50) (006,0.00)
LQ 11 H:1.037e-35,Q:000002 (cl,P):(007,1.00) (006,0.00) (005,0.00)
L- 13 H:2.894e-01,Q:000113 tau:-0.799332737923
R- 12 H:1.493e-01,Q:000104 tau:-0.791409730911
R- 11 H:5.579e-02,Q:000095 tau:-0.724013805389
R- 10 H:3.061e-01,Q:000009 tau:-0.723004460335
RG 09 H:5.955e-36,Q:000007 (cl,P):(000,1.00) (007,0.00) (006,0.00)
LQ 09 H:1.037e-35,Q:000002 (cl,P):(001,0.50) (000,0.50) (007,0.00)
LG 10 H:9.906e-37,Q:000086 (cl,P):(000,1.00) (007,0.00) (006,0.00)
LG 11 H:6.936e-36,Q:000009 (cl,P):(000,0.78) (007,0.22) (006,0.00)
LG 12 H:5.793e-36,Q:000009 (cl,P):(000,0.56) (007,0.44) (006,0.00)
L- 14 H:5.102e-01,Q:000025 tau:-0.367711961269
RG 13 H:5.955e-36,Q:000014 (cl,P):(007,1.00) (006,0.00) (005,0.00)
L- 13 H:3.636e-01,Q:000011 tau:-0.741604447365
RQ 12 H:1.037e-35,Q:000004 (cl,P):(007,1.00) (006,0.00) (005,0.00)
LG 12 H:7.429e-36,Q:000007 (cl,P):(006,0.71) (007,0.29) (005,0.00)
L- 16 H:9.519e-01,Q:000170 tau:-0.22597502172
R- 15 H:7.126e-01,Q:000132 tau:-0.937511205673
R- 14 H:7.942e-02,Q:000107 tau:-0.908987402916
RG 13 H:9.267e-37,Q:000092 (cl,P):(007,1.00) (006,0.00) (005,0.00)
LG 13 H:4.878e-36,Q:000015 (cl,P):(007,0.87) (006,0.13) (005,0.00)
LG 14 H:3.360e-36,Q:000025 (cl,P):(006,1.00) (007,0.00) (005,0.00)
L- 15 H:9.499e-02,Q:000038 tau:-0.239682033658
RQ 14 H:1.037e-35,Q:000004 (cl,P):(006,0.75) (007,0.25) (005,0.00)
LG 14 H:2.480e-36,Q:000034 (cl,P):(006,1.00) (007,0.00) (005,0.00)
L- 18 H:2.272e+00,Q:000870 tau:-0.693299531937
R- 17 H:1.914e+00,Q:000480 tau:0.35345891118
R- 16 H:1.045e+00,Q:000076 tau:0.497039616108
R- 15 H:2.211e-01,Q:000031 tau:-0.6234202981
RG 14 H:3.004e-36,Q:000028 (cl,P):(005,1.00) (007,0.00) (006,0.00)
LQ 14 H:1.037e-35,Q:000003 (cl,P):(004,0.67) (005,0.33) (007,0.00)
L- 15 H:7.991e-01,Q:000045 tau:-0.607045650482
R- 14 H:3.488e-01,Q:000030 tau:-0.566369116306
RG 13 H:4.185e-36,Q:000020 (cl,P):(006,1.00) (007,0.00) (005,0.00)
L- 13 H:2.755e-01,Q:000010 tau:0.445611298084
RQ 12 H:1.037e-35,Q:000002 (cl,P):(005,1.00) (007,0.00) (006,0.00)
LG 12 H:7.796e-36,Q:000008 (cl,P):(006,0.88) (005,0.12) (007,0.00)
L- 14 H:3.170e-01,Q:000015 tau:-0.643337547779
RG 13 H:6.254e-36,Q:000005 (cl,P):(006,0.60) (005,0.40) (007,0.00)
L- 13 H:2.000e-01,Q:000010 tau:0.423119068146
RG 12 H:8.311e-36,Q:000005 (cl,P):(005,1.00) (007,0.00) (006,0.00)
LG 12 H:8.311e-36,Q:000005 (cl,P):(005,0.80) (006,0.20) (007,0.00)
L- 16 H:1.625e+00,Q:000404 tau:-0.582693338394
R- 15 H:1.332e+00,Q:000349 tau:-0.605111241341
R- 14 H:1.032e+00,Q:000220 tau:0.19118450582
R- 13 H:3.873e-01,Q:000042 tau:-0.482079982758
RQ 12 H:1.037e-35,Q:000003 (cl,P):(000,0.67) (007,0.33) (006,0.00)
L- 12 H:2.177e-01,Q:000039 tau:-0.57514578104
RG 11 H:2.630e-36,Q:000032 (cl,P):(007,1.00) (006,0.00) (005,0.00)
L- 11 H:2.857e-01,Q:000007 tau:0.285456627607
RQ 10 H:1.037e-35,Q:000002 (cl,P):(006,1.00) (007,0.00) (005,0.00)
LQ 10 H:1.037e-35,Q:000005 (cl,P):(007,1.00) (006,0.00) (005,0.00)
L- 13 H:8.007e-01,Q:000178 tau:-0.440672844648
R- 12 H:4.165e-01,Q:000146 tau:-0.574267268181
R- 11 H:1.348e-01,Q:000120 tau:-0.500313699245
RG 10 H:6.077e-36,Q:000012 (cl,P):(000,0.92) (001,0.08) (007,0.00)
L- 10 H:9.625e-02,Q:000108 tau:-0.572303950787
R- 09 H:5.016e-02,Q:000099 tau:-0.504233062267
RG 08 H:8.311e-36,Q:000005 (cl,P):(000,0.80) (001,0.20) (007,0.00)
LG 08 H:9.071e-37,Q:000094 (cl,P):(000,1.00) (007,0.00) (006,0.00)
LG 09 H:5.796e-36,Q:000009 (cl,P):(000,0.89) (007,0.11) (006,0.00)
L- 11 H:6.875e-01,Q:000026 tau:0.066130541265
RG 10 H:8.898e-36,Q:000007 (cl,P):(007,1.00) (006,0.00) (005,0.00)
L- 10 H:1.900e-01,Q:000019 tau:-0.213426813483
RG 09 H:4.871e-36,Q:000015 (cl,P):(000,1.00) (007,0.00) (006,0.00)
LG 09 H:7.796e-36,Q:000004 (cl,P):(007,0.50) (000,0.50) (006,0.00)
L- 12 H:2.513e-01,Q:000032 tau:-0.526218473911
RG 11 H:7.429e-36,Q:000007 (cl,P):(007,0.57) (000,0.43) (006,0.00)
LG 11 H:3.354e-36,Q:000025 (cl,P):(007,1.00) (006,0.00) (005,0.00)
L- 14 H:6.972e-01,Q:000129 tau:0.219688907266
RG 13 H:4.399e-36,Q:000019 (cl,P):(006,1.00) (007,0.00) (005,0.00)
L- 13 H:2.890e-01,Q:000110 tau:-0.466243118048
R- 12 H:1.282e-01,Q:000105 tau:0.139755874872
RG 11 H:7.796e-36,Q:000008 (cl,P):(007,0.62) (006,0.38) (005,0.00)
LG 11 H:8.794e-37,Q:000097 (cl,P):(007,1.00) (006,0.00) (005,0.00)
LQ 12 H:1.037e-35,Q:000005 (cl,P):(006,0.80) (007,0.20) (005,0.00)
L- 15 H:8.094e-01,Q:000055 tau:-0.72522687912
R- 14 H:2.768e-01,Q:000034 tau:-0.552459537983
R- 13 H:5.283e-01,Q:000009 tau:-0.516113340855
RQ 12 H:1.037e-35,Q:000003 (cl,P):(007,0.67) (006,0.33) (005,0.00)
L- 12 H:3.333e-01,Q:000006 tau:-0.642853975296
RQ 11 H:1.037e-35,Q:000001 (cl,P):(007,1.00) (006,0.00) (005,0.00)
LQ 11 H:1.037e-35,Q:000005 (cl,P):(006,1.00) (007,0.00) (005,0.00)
LG 13 H:3.360e-36,Q:000025 (cl,P):(006,1.00) (007,0.00) (005,0.00)
L- 14 H:6.714e-01,Q:000021 tau:-0.551920235157
RG 13 H:5.789e-36,Q:000009 (cl,P):(006,1.00) (007,0.00) (005,0.00)
L- 13 H:2.296e-01,Q:000012 tau:-0.65693628788
R- 12 H:2.000e-01,Q:000010 tau:-0.74184602499
RQ 11 H:1.037e-35,Q:000002 (cl,P):(006,0.50) (005,0.50) (007,0.00)
LG 11 H:6.507e-36,Q:000008 (cl,P):(005,0.88) (006,0.12) (007,0.00)
LQ 12 H:1.037e-35,Q:000002 (cl,P):(005,1.00) (007,0.00) (006,0.00)
L- 17 H:1.632e+00,Q:000390 tau:-0.824313223362
R- 16 H:1.406e+00,Q:000225 tau:0.178066879511
R- 15 H:1.143e+00,Q:000073 tau:0.459893584251
RG 14 H:3.643e-36,Q:000023 (cl,P):(004,1.00) (007,0.00) (006,0.00)
L- 14 H:5.057e-01,Q:000050 tau:0.260271251202
R- 13 H:1.031e-01,Q:000035 tau:0.398411154747
RQ 12 H:1.037e-35,Q:000004 (cl,P):(005,0.75) (004,0.25) (007,0.00)
LG 12 H:2.714e-36,Q:000031 (cl,P):(005,1.00) (007,0.00) (006,0.00)
L- 13 H:6.340e-01,Q:000015 tau:-0.751639962196
RG 12 H:8.654e-36,Q:000006 (cl,P):(006,1.00) (007,0.00) (005,0.00)
LG 12 H:8.082e-36,Q:000009 (cl,P):(005,1.00) (007,0.00) (006,0.00)
L- 15 H:7.869e-01,Q:000152 tau:-0.49718439579
R- 14 H:3.316e-01,Q:000123 tau:-0.709641039371
R- 13 H:7.315e-01,Q:000013 tau:-0.70223480463
RG 12 H:8.311e-36,Q:000005 (cl,P):(007,0.60) (006,0.40) (005,0.00)
L- 12 H:2.500e-01,Q:000008 tau:-0.707175314426
RQ 11 H:1.037e-35,Q:000003 (cl,P):(006,0.67) (007,0.33) (005,0.00)
LQ 11 H:1.037e-35,Q:000005 (cl,P):(006,0.80) (007,0.20) (005,0.00)
L- 13 H:1.417e-01,Q:000110 tau:-0.790548205376
R- 12 H:5.211e-02,Q:000090 tau:-0.722525775433
R- 11 H:2.500e-01,Q:000008 tau:-0.446459770203
RQ 10 H:1.037e-35,Q:000004 (cl,P):(006,0.75) (007,0.25) (005,0.00)
LQ 10 H:1.037e-35,Q:000004 (cl,P):(006,1.00) (007,0.00) (005,0.00)
LG 11 H:1.038e-36,Q:000082 (cl,P):(006,1.00) (007,0.00) (005,0.00)
L- 12 H:1.000e-01,Q:000020 tau:-0.211353451014
RG 11 H:6.628e-36,Q:000011 (cl,P):(006,1.00) (007,0.00) (005,0.00)
LG 11 H:6.939e-36,Q:000009 (cl,P):(006,0.78) (005,0.22) (007,0.00)
L- 14 H:6.433e-01,Q:000029 tau:-0.716665744781
RG 13 H:8.654e-36,Q:000006 (cl,P):(006,0.83) (005,0.17) (007,0.00)
L- 13 H:2.767e-01,Q:000023 tau:-0.735905349255
R- 12 H:5.000e-01,Q:000004 tau:-0.730643332005
RQ 11 H:1.037e-35,Q:000001 (cl,P):(005,1.00) (007,0.00) (006,0.00)
LQ 11 H:1.037e-35,Q:000003 (cl,P):(006,0.67) (005,0.33) (007,0.00)
LG 12 H:3.858e-36,Q:000019 (cl,P):(005,1.00) (007,0.00) (006,0.00)
L- 16 H:9.979e-01,Q:000165 tau:-0.939764797688
R- 15 H:8.040e-01,Q:000126 tau:0.189530462027
R- 14 H:4.265e-01,Q:000033 tau:-0.851958453655
R- 13 H:2.222e-01,Q:000009 tau:-0.846553564072
RG 12 H:8.654e-36,Q:000006 (cl,P):(004,0.67) (005,0.33) (007,0.00)
LQ 12 H:1.037e-35,Q:000003 (cl,P):(004,0.67) (005,0.33) (007,0.00)
L- 13 H:1.352e-01,Q:000024 tau:0.475281000137
RQ 12 H:1.037e-35,Q:000001 (cl,P):(003,1.00) (007,0.00) (006,0.00)
LG 12 H:3.647e-36,Q:000023 (cl,P):(004,1.00) (007,0.00) (006,0.00)
LG 14 H:9.168e-37,Q:000093 (cl,P):(005,1.00) (007,0.00) (006,0.00)
L- 15 H:2.062e-01,Q:000039 tau:-0.0340731292963
RG 14 H:2.716e-36,Q:000031 (cl,P):(004,1.00) (007,0.00) (006,0.00)
LG 14 H:7.796e-36,Q:000008 (cl,P):(004,0.75) (005,0.25) (007,0.00)
---------------------
