>>>>>>> 20150509_172119<<<<<<<
*- 20 H:3.000e+00,Q:006400 tau:-0.585701942444
R- 19 H:2.991e+00,Q:005772 tau:-0.49652031064
R- 18 H:2.983e+00,Q:004950 tau:0.596065402031
R- 17 H:1.976e+00,Q:000578 tau:0.793093264103
R- 16 H:1.238e+00,Q:000217 tau:-0.0483300536871
R- 15 H:7.901e-01,Q:000114 tau:0.968653857708
RG 14 H:6.507e-36,Q:000008 (cl,P):(000,1.00) (007,0.00) (006,0.00)
L- 14 H:5.196e-01,Q:000106 tau:0.834546327591
R- 13 H:5.937e-02,Q:000079 tau:0.844507336617
RG 12 H:1.149e-36,Q:000074 (cl,P):(001,1.00) (007,0.00) (006,0.00)
LG 12 H:6.254e-36,Q:000005 (cl,P):(001,0.80) (002,0.20) (007,0.00)
L- 13 H:6.937e-01,Q:000027 tau:0.503191113472
RG 12 H:6.628e-36,Q:000011 (cl,P):(001,1.00) (007,0.00) (006,0.00)
L- 12 H:2.256e-01,Q:000016 tau:0.449529796839
RQ 11 H:1.037e-35,Q:000002 (cl,P):(001,1.00) (007,0.00) (006,0.00)
LG 11 H:4.476e-36,Q:000014 (cl,P):(002,1.00) (007,0.00) (006,0.00)
L- 15 H:9.690e-01,Q:000103 tau:0.885288596153
R- 14 H:2.417e-01,Q:000047 tau:-0.120747193694
R- 13 H:3.636e-01,Q:000011 tau:0.97802567482
RQ 12 H:1.037e-35,Q:000004 (cl,P):(000,1.00) (007,0.00) (006,0.00)
LG 12 H:8.898e-36,Q:000007 (cl,P):(000,0.57) (001,0.43) (007,0.00)
LG 13 H:2.343e-36,Q:000036 (cl,P):(000,1.00) (007,0.00) (006,0.00)
L- 14 H:1.029e+00,Q:000056 tau:-0.269323050976
R- 13 H:2.364e-01,Q:000029 tau:-0.152638971806
R- 12 H:2.119e-01,Q:000013 tau:-0.112383231521
RG 11 H:6.939e-36,Q:000006 (cl,P):(001,1.00) (007,0.00) (006,0.00)
LG 11 H:8.898e-36,Q:000007 (cl,P):(001,0.71) (002,0.29) (007,0.00)
LG 12 H:5.218e-36,Q:000016 (cl,P):(001,1.00) (007,0.00) (006,0.00)
L- 13 H:1.761e-01,Q:000027 tau:-0.362778484821
RG 12 H:9.082e-36,Q:000008 (cl,P):(000,0.75) (001,0.25) (007,0.00)
LG 12 H:4.404e-36,Q:000019 (cl,P):(000,1.00) (007,0.00) (006,0.00)
L- 16 H:1.585e+00,Q:000361 tau:0.699314236641
R- 15 H:1.062e+00,Q:000144 tau:-0.243412360549
R- 14 H:7.834e-01,Q:000122 tau:0.540983140469
R- 13 H:2.028e-01,Q:000016 tau:0.596355140209
RG 12 H:5.222e-36,Q:000012 (cl,P):(001,1.00) (007,0.00) (006,0.00)
L- 12 H:5.000e-01,Q:000004 tau:0.773270130157
RQ 11 H:1.037e-35,Q:000003 (cl,P):(001,1.00) (007,0.00) (006,0.00)
LQ 11 H:1.037e-35,Q:000001 (cl,P):(002,1.00) (007,0.00) (006,0.00)
L- 13 H:3.729e-01,Q:000106 tau:0.790613472462
RQ 12 H:1.037e-35,Q:000007 (cl,P):(002,0.71) (001,0.29) (007,0.00)
L- 12 H:2.912e-01,Q:000099 tau:0.720616161823
R- 11 H:1.211e-01,Q:000083 tau:-0.221306487918
R- 10 H:6.056e-02,Q:000082 tau:0.7439032197
RG 09 H:1.488e-36,Q:000057 (cl,P):(002,1.00) (007,0.00) (006,0.00)
L- 09 H:1.444e-01,Q:000025 tau:0.735006988049
RG 08 H:6.939e-36,Q:000009 (cl,P):(002,0.89) (003,0.11) (007,0.00)
LG 08 H:4.575e-36,Q:000016 (cl,P):(002,1.00) (007,0.00) (006,0.00)
LQ 10 H:1.037e-35,Q:000001 (cl,P):(001,1.00) (007,0.00) (006,0.00)
L- 11 H:5.944e-01,Q:000016 tau:0.708404541016
R- 10 H:2.000e-01,Q:000010 tau:0.452115237713
RG 09 H:6.939e-36,Q:000003 (cl,P):(002,1.00) (007,0.00) (006,0.00)
LQ 09 H:1.037e-35,Q:000007 (cl,P):(002,0.57) (003,0.43) (007,0.00)
L- 10 H:3.333e-01,Q:000006 tau:0.506781339645
RQ 09 H:1.037e-35,Q:000002 (cl,P):(002,1.00) (007,0.00) (006,0.00)
LQ 09 H:1.037e-35,Q:000004 (cl,P):(002,0.75) (003,0.25) (007,0.00)
L- 14 H:3.459e-01,Q:000022 tau:-0.3931440413
RG 13 H:4.307e-36,Q:000017 (cl,P):(001,1.00) (007,0.00) (006,0.00)
L- 13 H:5.510e-01,Q:000005 tau:0.77830350399
RG 12 H:5.225e-36,Q:000002 (cl,P):(000,1.00) (007,0.00) (006,0.00)
LQ 12 H:1.037e-35,Q:000003 (cl,P):(001,0.67) (000,0.33) (007,0.00)
L- 15 H:1.415e+00,Q:000217 tau:-0.237465471029
R- 14 H:1.055e+00,Q:000172 tau:0.456828445196
R- 13 H:7.566e-01,Q:000040 tau:0.636382997036
R- 12 H:4.252e-01,Q:000030 tau:0.698874771595
RG 11 H:7.796e-36,Q:000004 (cl,P):(001,1.00) (007,0.00) (006,0.00)
L- 11 H:1.060e-01,Q:000026 tau:0.668537914753
RG 10 H:5.685e-36,Q:000011 (cl,P):(002,0.91) (001,0.09) (007,0.00)
LG 10 H:5.563e-36,Q:000015 (cl,P):(002,1.00) (007,0.00) (006,0.00)
L- 12 H:4.755e-01,Q:000010 tau:0.513261079788
RG 11 H:8.898e-36,Q:000007 (cl,P):(002,0.71) (003,0.14) (001,0.14)
LG 11 H:6.939e-36,Q:000003 (cl,P):(003,1.00) (007,0.00) (006,0.00)
L- 13 H:4.741e-01,Q:000132 tau:-0.224252775311
R- 12 H:3.321e-01,Q:000127 tau:0.621037662029
R- 11 H:1.497e-01,Q:000104 tau:0.692973971367
R- 10 H:4.591e-01,Q:000006 tau:0.697910070419
RQ 09 H:1.037e-35,Q:000003 (cl,P):(003,1.00) (007,0.00) (006,0.00)
L- 09 H:6.667e-01,Q:000003 tau:0.334022372961
RQ 08 H:1.037e-35,Q:000002 (cl,P):(002,1.00) (007,0.00) (006,0.00)
LQ 08 H:1.037e-35,Q:000001 (cl,P):(003,1.00) (007,0.00) (006,0.00)
L- 10 H:5.409e-02,Q:000098 tau:-0.10711415112
RG 09 H:9.470e-37,Q:000090 (cl,P):(003,1.00) (007,0.00) (006,0.00)
L- 09 H:2.500e-01,Q:000008 tau:0.682983338833
RQ 08 H:1.037e-35,Q:000001 (cl,P):(002,1.00) (007,0.00) (006,0.00)
LG 08 H:7.429e-36,Q:000007 (cl,P):(003,1.00) (007,0.00) (006,0.00)
L- 11 H:4.020e-01,Q:000023 tau:0.60352230072
R- 10 H:1.250e-01,Q:000016 tau:0.240243285894
RG 09 H:7.796e-36,Q:000008 (cl,P):(003,0.88) (004,0.12) (007,0.00)
LQ 09 H:1.037e-35,Q:000008 (cl,P):(003,0.62) (004,0.38) (007,0.00)
LG 10 H:7.429e-36,Q:000007 (cl,P):(003,0.71) (004,0.29) (007,0.00)
LG 12 H:6.254e-36,Q:000005 (cl,P):(002,1.00) (007,0.00) (006,0.00)
L- 14 H:7.904e-01,Q:000045 tau:-0.35354167223
RG 13 H:2.999e-36,Q:000028 (cl,P):(002,1.00) (007,0.00) (006,0.00)
LG 13 H:4.309e-36,Q:000017 (cl,P):(001,1.00) (007,0.00) (006,0.00)
L- 17 H:2.983e+00,Q:004372 tau:0.2803363204
R- 16 H:2.274e+00,Q:000854 tau:0.481387078762
R- 15 H:1.555e+00,Q:000247 tau:-0.156655788422
R- 14 H:1.209e+00,Q:000185 tau:0.483523279428
R- 13 H:1.178e+00,Q:000047 tau:0.641494870186
R- 12 H:5.356e-01,Q:000024 tau:0.77533775568
R- 11 H:5.510e-01,Q:000005 tau:0.542308628559
RQ 10 H:1.037e-35,Q:000003 (cl,P):(001,1.00) (007,0.00) (006,0.00)
LG 10 H:5.225e-36,Q:000002 (cl,P):(002,1.00) (007,0.00) (006,0.00)
LG 11 H:4.403e-36,Q:000019 (cl,P):(002,0.89) (003,0.11) (007,0.00)
L- 12 H:1.411e-01,Q:000023 tau:0.540952205658
RG 11 H:4.917e-36,Q:000017 (cl,P):(003,1.00) (007,0.00) (006,0.00)
LG 11 H:6.939e-36,Q:000006 (cl,P):(003,0.83) (004,0.17) (007,0.00)
L- 13 H:2.353e-01,Q:000138 tau:0.499291270971
R- 12 H:1.429e-01,Q:000124 tau:-0.105242349207
R- 11 H:9.517e-02,Q:000114 tau:0.414632171392
R- 10 H:5.000e-01,Q:000004 tau:0.511030972004
RQ 09 H:1.037e-35,Q:000003 (cl,P):(003,0.67) (004,0.33) (007,0.00)
LQ 09 H:1.037e-35,Q:000001 (cl,P):(004,1.00) (007,0.00) (006,0.00)
LG 10 H:7.765e-37,Q:000110 (cl,P):(004,1.00) (007,0.00) (006,0.00)
LG 11 H:6.254e-36,Q:000010 (cl,P):(004,0.80) (003,0.20) (007,0.00)
L- 12 H:3.396e-01,Q:000014 tau:0.487709790468
RG 11 H:9.082e-36,Q:000008 (cl,P):(004,0.62) (005,0.38) (007,0.00)
LQ 11 H:1.037e-35,Q:000006 (cl,P):(004,1.00) (007,0.00) (006,0.00)
L- 14 H:9.946e-01,Q:000062 tau:-0.340846538544
R- 13 H:2.970e-01,Q:000038 tau:0.568471491337
R- 12 H:3.444e-01,Q:000008 tau:0.588602602482
RQ 11 H:1.037e-35,Q:000002 (cl,P):(003,0.50) (002,0.50) (007,0.00)
LG 11 H:6.939e-36,Q:000006 (cl,P):(003,0.83) (002,0.17) (007,0.00)
L- 12 H:9.183e-02,Q:000030 tau:-0.302225828171
RG 11 H:3.357e-36,Q:000025 (cl,P):(003,1.00) (007,0.00) (006,0.00)
LG 11 H:8.311e-36,Q:000005 (cl,P):(003,0.80) (002,0.20) (007,0.00)
L- 13 H:2.185e-01,Q:000024 tau:0.564538836479
RG 12 H:8.654e-36,Q:000006 (cl,P):(002,0.83) (001,0.17) (007,0.00)
L- 12 H:1.530e-01,Q:000018 tau:-0.351051002741
RQ 11 H:1.037e-35,Q:000001 (cl,P):(003,1.00) (007,0.00) (006,0.00)
LG 11 H:4.914e-36,Q:000017 (cl,P):(002,1.00) (007,0.00) (006,0.00)
L- 15 H:2.165e+00,Q:000607 tau:-0.226170092821
R- 14 H:1.966e+00,Q:000496 tau:0.511458933353
R- 13 H:1.498e+00,Q:000105 tau:0.786037445068
R- 12 H:2.364e-01,Q:000033 tau:0.801833212376
RG 11 H:2.900e-36,Q:000029 (cl,P):(002,1.00) (007,0.00) (006,0.00)
L- 11 H:5.000e-01,Q:000004 tau:0.79121106863
RQ 10 H:1.037e-35,Q:000002 (cl,P):(003,0.50) (002,0.50) (007,0.00)
LQ 10 H:1.037e-35,Q:000002 (cl,P):(003,0.50) (002,0.50) (007,0.00)
L- 12 H:9.958e-01,Q:000072 tau:0.668749809265
R- 11 H:3.892e-01,Q:000029 tau:0.302744179964
R- 10 H:7.692e-02,Q:000026 tau:0.755531549454
RG 09 H:8.654e-36,Q:000006 (cl,P):(003,1.00) (007,0.00) (006,0.00)
LG 09 H:4.185e-36,Q:000020 (cl,P):(003,0.90) (004,0.05) (002,0.05)
LG 10 H:6.939e-36,Q:000003 (cl,P):(004,1.00) (007,0.00) (006,0.00)
L- 11 H:6.483e-01,Q:000043 tau:0.451381474733
R- 10 H:3.333e-01,Q:000006 tau:0.589038074017
RQ 09 H:1.037e-35,Q:000005 (cl,P):(003,1.00) (007,0.00) (006,0.00)
LQ 09 H:1.037e-35,Q:000001 (cl,P):(004,1.00) (007,0.00) (006,0.00)
L- 10 H:2.189e-01,Q:000037 tau:0.351697415113
R- 09 H:1.312e-01,Q:000021 tau:0.437402993441
RQ 08 H:1.037e-35,Q:000002 (cl,P):(004,0.50) (003,0.50) (007,0.00)
LG 08 H:3.862e-36,Q:000019 (cl,P):(004,1.00) (007,0.00) (006,0.00)
LG 09 H:4.576e-36,Q:000016 (cl,P):(004,0.88) (005,0.12) (007,0.00)
L- 13 H:1.360e+00,Q:000391 tau:0.391225129366
R- 12 H:7.894e-01,Q:000162 tau:-0.121830113232
R- 11 H:5.115e-01,Q:000139 tau:0.425515472889
R- 10 H:2.296e-01,Q:000012 tau:0.40597140789
RG 09 H:8.311e-36,Q:000010 (cl,P):(004,1.00) (007,0.00) (006,0.00)
LQ 09 H:1.037e-35,Q:000002 (cl,P):(005,0.50) (004,0.50) (007,0.00)
L- 10 H:2.116e-01,Q:000127 tau:-0.0265877638012
R- 09 H:9.646e-02,Q:000104 tau:0.333346188068
RG 08 H:7.563e-36,Q:000011 (cl,P):(005,0.91) (004,0.09) (007,0.00)
L- 08 H:5.340e-02,Q:000093 tau:0.221728697419
R- 07 H:8.887e-02,Q:000031 tau:0.251499146223
RG 06 H:3.646e-36,Q:000023 (cl,P):(005,1.00) (007,0.00) (006,0.00)
LG 06 H:7.796e-36,Q:000008 (cl,P):(005,0.88) (006,0.12) (007,0.00)
LG 07 H:1.369e-36,Q:000062 (cl,P):(005,1.00) (007,0.00) (006,0.00)
L- 09 H:2.067e-01,Q:000023 tau:0.425495624542
RG 08 H:6.936e-36,Q:000009 (cl,P):(005,0.67) (004,0.33) (007,0.00)
LG 08 H:5.220e-36,Q:000014 (cl,P):(005,1.00) (007,0.00) (006,0.00)
L- 11 H:1.411e-01,Q:000023 tau:-0.14522023499
RQ 10 H:1.037e-35,Q:000002 (cl,P):(005,0.50) (004,0.50) (007,0.00)
LG 10 H:3.991e-36,Q:000021 (cl,P):(004,1.00) (007,0.00) (006,0.00)
L- 12 H:1.020e+00,Q:000229 tau:-0.0945191904902
R- 11 H:8.370e-01,Q:000186 tau:0.391595065594
R- 10 H:1.003e-01,Q:000036 tau:0.299580812454
RG 09 H:2.553e-36,Q:000033 (cl,P):(005,1.00) (007,0.00) (006,0.00)
LQ 09 H:1.037e-35,Q:000003 (cl,P):(005,0.67) (006,0.33) (007,0.00)
L- 10 H:3.542e-01,Q:000150 tau:0.37127405405
R- 09 H:7.888e-01,Q:000023 tau:0.00657840864733
R- 08 H:2.667e-01,Q:000015 tau:0.205537244678
RG 07 H:5.225e-36,Q:000004 (cl,P):(006,0.50) (005,0.50) (007,0.00)
LG 07 H:3.812e-36,Q:000011 (cl,P):(006,1.00) (007,0.00) (005,0.00)
L- 08 H:3.444e-01,Q:000008 tau:0.390881121159
RQ 07 H:1.037e-35,Q:000002 (cl,P):(006,0.50) (005,0.50) (007,0.00)
LG 07 H:8.654e-36,Q:000006 (cl,P):(005,1.00) (007,0.00) (006,0.00)
L- 09 H:8.708e-02,Q:000127 tau:0.303424119949
RG 08 H:8.884e-37,Q:000096 (cl,P):(006,1.00) (007,0.00) (005,0.00)
L- 08 H:2.211e-01,Q:000031 tau:0.148823797703
R- 07 H:3.170e-01,Q:000015 tau:0.238866686821
RG 06 H:5.222e-36,Q:000012 (cl,P):(006,1.00) (007,0.00) (005,0.00)
LQ 06 H:1.037e-35,Q:000003 (cl,P):(007,0.67) (006,0.33) (005,0.00)
LG 07 H:5.218e-36,Q:000016 (cl,P):(006,1.00) (007,0.00) (005,0.00)
L- 11 H:2.023e-01,Q:000043 tau:-0.204341575503
R- 10 H:1.000e-01,Q:000039 tau:0.287003159523
RG 09 H:2.221e-36,Q:000038 (cl,P):(005,1.00) (007,0.00) (006,0.00)
LQ 09 H:1.037e-35,Q:000001 (cl,P):(006,1.00) (007,0.00) (005,0.00)
LG 10 H:7.796e-36,Q:000004 (cl,P):(005,0.75) (004,0.25) (007,0.00)
L- 14 H:1.343e+00,Q:000111 tau:-0.347447544336
R- 13 H:6.156e-01,Q:000056 tau:0.411146938801
R- 12 H:4.222e-01,Q:000016 tau:0.448245674372
RG 11 H:6.939e-36,Q:000009 (cl,P):(003,0.89) (004,0.11) (007,0.00)
LG 11 H:8.898e-36,Q:000007 (cl,P):(004,0.57) (003,0.43) (007,0.00)
LG 12 H:2.110e-36,Q:000040 (cl,P):(004,1.00) (007,0.00) (006,0.00)
L- 13 H:6.989e-01,Q:000055 tau:-0.458388924599
R- 12 H:2.546e-01,Q:000044 tau:0.414781689644
R- 11 H:2.857e-01,Q:000014 tau:0.469310283661
RQ 10 H:1.037e-35,Q:000003 (cl,P):(003,0.67) (002,0.33) (007,0.00)
LG 10 H:6.620e-36,Q:000011 (cl,P):(003,0.82) (002,0.18) (007,0.00)
LG 11 H:2.805e-36,Q:000030 (cl,P):(003,1.00) (007,0.00) (006,0.00)
LG 12 H:6.625e-36,Q:000011 (cl,P):(002,0.91) (003,0.09) (007,0.00)
L- 16 H:2.992e+00,Q:003518 tau:0.484463393688
R- 15 H:2.239e+00,Q:000611 tau:0.701350212097
R- 14 H:1.472e+00,Q:000293 tau:0.810980558395
R- 13 H:9.226e-01,Q:000157 tau:0.936023116112
R- 12 H:2.616e-01,Q:000038 tau:0.050461564213
RG 11 H:3.645e-36,Q:000023 (cl,P):(002,1.00) (007,0.00) (006,0.00)
L- 11 H:3.170e-01,Q:000015 tau:0.981647253036
RG 10 H:6.939e-36,Q:000009 (cl,P):(002,1.00) (007,0.00) (006,0.00)
LG 10 H:6.939e-36,Q:000006 (cl,P):(003,0.50) (002,0.50) (007,0.00)
L- 12 H:3.419e-01,Q:000119 tau:0.191315531731
R- 11 H:3.747e-01,Q:000014 tau:0.84217941761
RG 10 H:6.507e-36,Q:000008 (cl,P):(002,0.75) (003,0.25) (007,0.00)
LQ 10 H:1.037e-35,Q:000006 (cl,P):(003,1.00) (007,0.00) (006,0.00)
L- 11 H:1.474e-01,Q:000105 tau:0.834093689919
RG 10 H:9.471e-37,Q:000090 (cl,P):(003,1.00) (007,0.00) (006,0.00)
L- 10 H:4.503e-01,Q:000015 tau:0.822768867016
RG 09 H:5.689e-36,Q:000011 (cl,P):(003,0.82) (004,0.18) (007,0.00)
LQ 09 H:1.037e-35,Q:000004 (cl,P):(003,0.75) (004,0.25) (007,0.00)
L- 13 H:6.644e-01,Q:000136 tau:-0.511745870113
R- 12 H:4.664e-01,Q:000124 tau:0.138377979398
R- 11 H:6.623e-01,Q:000026 tau:0.779071986675
RG 10 H:5.686e-36,Q:000011 (cl,P):(003,1.00) (007,0.00) (006,0.00)
LG 10 H:4.186e-36,Q:000015 (cl,P):(004,1.00) (007,0.00) (006,0.00)
L- 11 H:1.012e-01,Q:000098 tau:0.727790892124
RG 10 H:1.014e-36,Q:000084 (cl,P):(004,1.00) (007,0.00) (006,0.00)
L- 10 H:1.429e-01,Q:000014 tau:0.707655131817
RG 09 H:8.311e-36,Q:000010 (cl,P):(004,0.80) (005,0.20) (007,0.00)
LQ 09 H:1.037e-35,Q:000004 (cl,P):(004,1.00) (007,0.00) (006,0.00)
L- 12 H:3.962e-01,Q:000012 tau:-0.565446257591
R- 11 H:2.222e-01,Q:000009 tau:-0.548685848713
RG 10 H:7.429e-36,Q:000007 (cl,P):(003,0.86) (004,0.14) (007,0.00)
LQ 10 H:1.037e-35,Q:000002 (cl,P):(003,1.00) (007,0.00) (006,0.00)
L- 11 H:6.667e-01,Q:000003 tau:0.791769146919
RQ 10 H:1.037e-35,Q:000001 (cl,P):(003,1.00) (007,0.00) (006,0.00)
LQ 10 H:1.037e-35,Q:000002 (cl,P):(004,0.50) (003,0.50) (007,0.00)
L- 14 H:1.353e+00,Q:000318 tau:0.593021273613
R- 13 H:7.267e-01,Q:000141 tau:0.164177075028
R- 12 H:4.222e-01,Q:000016 tau:0.66100025177
RG 11 H:7.282e-36,Q:000010 (cl,P):(004,1.00) (007,0.00) (006,0.00)
LQ 11 H:1.037e-35,Q:000006 (cl,P):(005,0.67) (004,0.33) (007,0.00)
L- 12 H:5.266e-01,Q:000125 tau:-0.442649424076
R- 11 H:1.924e-01,Q:000110 tau:0.607670366764
R- 10 H:1.029e-01,Q:000103 tau:-0.376557439566
RG 09 H:9.267e-37,Q:000092 (cl,P):(005,1.00) (007,0.00) (006,0.00)
L- 09 H:2.504e-01,Q:000011 tau:0.699720203876
RQ 08 H:1.037e-35,Q:000001 (cl,P):(004,1.00) (007,0.00) (006,0.00)
LG 08 H:7.282e-36,Q:000010 (cl,P):(005,0.90) (004,0.10) (007,0.00)
L- 10 H:2.857e-01,Q:000007 tau:0.114745691419
RQ 09 H:1.037e-35,Q:000003 (cl,P):(005,1.00) (007,0.00) (006,0.00)
LQ 09 H:1.037e-35,Q:000004 (cl,P):(006,0.50) (005,0.50) (007,0.00)
L- 11 H:5.837e-01,Q:000015 tau:0.661418735981
RG 10 H:9.225e-36,Q:000009 (cl,P):(004,1.00) (007,0.00) (006,0.00)
LG 10 H:8.654e-36,Q:000006 (cl,P):(005,0.83) (004,0.17) (007,0.00)
L- 13 H:9.563e-01,Q:000177 tau:-0.44014197588
R- 12 H:7.575e-01,Q:000150 tau:0.191943079233
RG 11 H:3.644e-36,Q:000023 (cl,P):(005,1.00) (007,0.00) (006,0.00)
L- 11 H:2.671e-01,Q:000127 tau:0.508419275284
R- 10 H:1.323e-01,Q:000105 tau:0.589429914951
RQ 09 H:1.037e-35,Q:000006 (cl,P):(006,0.67) (005,0.33) (007,0.00)
L- 09 H:5.354e-02,Q:000099 tau:0.171685874462
RQ 08 H:1.037e-35,Q:000002 (cl,P):(006,0.50) (005,0.50) (007,0.00)
LG 08 H:8.793e-37,Q:000097 (cl,P):(006,1.00) (007,0.00) (005,0.00)
L- 10 H:2.550e-01,Q:000022 tau:0.488225638866
R- 09 H:1.176e-01,Q:000017 tau:0.496221125126
RG 08 H:6.077e-36,Q:000012 (cl,P):(006,0.83) (007,0.17) (005,0.00)
LG 08 H:8.311e-36,Q:000005 (cl,P):(006,0.80) (007,0.20) (005,0.00)
LG 09 H:6.247e-36,Q:000005 (cl,P):(006,0.80) (007,0.20) (005,0.00)
L- 12 H:1.481e-01,Q:000027 tau:-0.487074941397
RG 11 H:5.689e-36,Q:000011 (cl,P):(005,0.82) (006,0.18) (007,0.00)
LG 11 H:5.219e-36,Q:000016 (cl,P):(005,1.00) (007,0.00) (006,0.00)
L- 15 H:2.951e+00,Q:002907 tau:0.00118320540059
R- 14 H:2.411e+00,Q:001437 tau:0.288517385721
R- 13 H:1.557e+00,Q:000437 tau:0.377670794725
R- 12 H:1.058e+00,Q:000209 tau:-0.40531000495
R- 11 H:9.047e-01,Q:000170 tau:0.0788585320115
R- 10 H:6.361e-01,Q:000043 tau:0.415540963411
R- 09 H:1.164e-01,Q:000031 tau:0.227328062057
RQ 08 H:1.037e-35,Q:000004 (cl,P):(006,0.75) (005,0.25) (007,0.00)
LG 08 H:3.113e-36,Q:000027 (cl,P):(006,1.00) (007,0.00) (005,0.00)
L- 09 H:3.962e-01,Q:000012 tau:0.398446619511
RQ 08 H:1.037e-35,Q:000002 (cl,P):(007,0.50) (006,0.50) (005,0.00)
LG 08 H:7.279e-36,Q:000010 (cl,P):(007,0.70) (006,0.30) (005,0.00)
L- 10 H:2.634e-01,Q:000127 tau:0.408761709929
R- 09 H:1.050e-01,Q:000100 tau:-0.374163269997
RG 08 H:8.884e-37,Q:000096 (cl,P):(007,1.00) (006,0.00) (005,0.00)
LQ 08 H:1.037e-35,Q:000004 (cl,P):(007,0.50) (006,0.50) (005,0.00)
L- 09 H:3.559e-01,Q:000027 tau:0.406830728054
RQ 08 H:1.037e-35,Q:000005 (cl,P):(007,0.80) (000,0.20) (006,0.00)
L- 08 H:2.384e-01,Q:000022 tau:-0.0272773746401
RG 07 H:8.654e-36,Q:000006 (cl,P):(007,0.83) (000,0.17) (006,0.00)
LG 07 H:4.571e-36,Q:000016 (cl,P):(007,0.81) (000,0.19) (006,0.00)
L- 11 H:2.820e-01,Q:000039 tau:0.389380991459
RG 10 H:2.553e-36,Q:000033 (cl,P):(006,1.00) (007,0.00) (005,0.00)
L- 10 H:3.333e-01,Q:000006 tau:0.389050632715
RQ 09 H:1.037e-35,Q:000001 (cl,P):(007,1.00) (006,0.00) (005,0.00)
LQ 09 H:1.037e-35,Q:000005 (cl,P):(006,0.60) (007,0.40) (005,0.00)
L- 12 H:1.316e+00,Q:000228 tau:0.116206131876
R- 11 H:8.571e-01,Q:000055 tau:0.247636154294
RG 10 H:5.954e-36,Q:000014 (cl,P):(006,1.00) (007,0.00) (005,0.00)
L- 10 H:2.892e-01,Q:000041 tau:0.208680391312
R- 09 H:2.857e-01,Q:000007 tau:0.240495532751
RQ 08 H:1.037e-35,Q:000002 (cl,P):(007,0.50) (006,0.50) (005,0.00)
LG 08 H:8.311e-36,Q:000005 (cl,P):(007,0.60) (006,0.40) (005,0.00)
LG 09 H:2.479e-36,Q:000034 (cl,P):(007,1.00) (006,0.00) (005,0.00)
L- 11 H:8.595e-01,Q:000173 tau:-0.352204442024
R- 10 H:2.428e-01,Q:000139 tau:0.0459557920694
R- 09 H:3.333e-01,Q:000012 tau:0.290682226419
RG 08 H:8.311e-36,Q:000010 (cl,P):(000,0.70) (007,0.30) (006,0.00)
LQ 08 H:1.037e-35,Q:000002 (cl,P):(000,1.00) (007,0.00) (006,0.00)
L- 09 H:1.287e-01,Q:000127 tau:0.319376289845
RG 08 H:1.077e-36,Q:000079 (cl,P):(000,1.00) (007,0.00) (006,0.00)
L- 08 H:2.538e-01,Q:000048 tau:0.319052606821
RQ 07 H:1.037e-35,Q:000001 (cl,P):(001,1.00) (007,0.00) (006,0.00)
L- 07 H:1.711e-01,Q:000047 tau:0.295072883368
R- 06 H:9.513e-02,Q:000041 tau:-0.271805793047
R- 05 H:1.148e-01,Q:000024 tau:-0.0535223558545
RG 04 H:5.563e-36,Q:000015 (cl,P):(000,1.00) (007,0.00) (006,0.00)
LG 04 H:8.082e-36,Q:000009 (cl,P):(000,0.89) (001,0.11) (007,0.00)
LG 05 H:4.921e-36,Q:000017 (cl,P):(000,1.00) (007,0.00) (006,0.00)
L- 06 H:3.333e-01,Q:000006 tau:0.00061459466815
RQ 05 H:1.037e-35,Q:000004 (cl,P):(000,1.00) (007,0.00) (006,0.00)
LQ 05 H:1.037e-35,Q:000002 (cl,P):(001,0.50) (000,0.50) (007,0.00)
L- 10 H:4.081e-01,Q:000034 tau:-0.562522232533
R- 09 H:2.080e-01,Q:000032 tau:-0.424412459135
R- 08 H:3.444e-01,Q:000008 tau:0.349774926901
RG 07 H:6.939e-36,Q:000003 (cl,P):(007,1.00) (006,0.00) (005,0.00)
LQ 07 H:1.037e-35,Q:000005 (cl,P):(007,0.60) (000,0.40) (006,0.00)
LG 08 H:3.065e-36,Q:000024 (cl,P):(007,1.00) (006,0.00) (005,0.00)
LQ 09 H:1.037e-35,Q:000002 (cl,P):(006,1.00) (007,0.00) (005,0.00)
L- 13 H:2.254e+00,Q:001000 tau:0.0967219173908
R- 12 H:1.053e+00,Q:000267 tau:0.189140424132
R- 11 H:2.414e-01,Q:000126 tau:0.201841115952
R- 10 H:9.459e-02,Q:000112 tau:0.264462888241
R- 09 H:3.962e-01,Q:000012 tau:0.0338042154908
R- 08 H:2.504e-01,Q:000011 tau:0.0453905388713
RG 07 H:7.282e-36,Q:000010 (cl,P):(007,1.00) (006,0.00) (005,0.00)
LQ 07 H:1.037e-35,Q:000001 (cl,P):(006,1.00) (007,0.00) (005,0.00)
LQ 08 H:1.037e-35,Q:000001 (cl,P):(006,1.00) (007,0.00) (005,0.00)
LG 09 H:8.534e-37,Q:000100 (cl,P):(007,1.00) (006,0.00) (005,0.00)
L- 10 H:2.857e-01,Q:000014 tau:0.265369236469
RG 09 H:8.654e-36,Q:000006 (cl,P):(007,1.00) (006,0.00) (005,0.00)
L- 09 H:3.444e-01,Q:000008 tau:0.030977031216
RG 08 H:8.311e-36,Q:000005 (cl,P):(000,0.80) (007,0.20) (006,0.00)
LQ 08 H:1.037e-35,Q:000003 (cl,P):(007,1.00) (006,0.00) (005,0.00)
L- 11 H:1.178e-01,Q:000141 tau:0.0143701685593
R- 10 H:4.151e-02,Q:000130 tau:0.107256226242
RG 09 H:7.066e-37,Q:000121 (cl,P):(000,1.00) (007,0.00) (006,0.00)
LG 09 H:5.787e-36,Q:000009 (cl,P):(000,0.89) (001,0.11) (007,0.00)
LG 10 H:5.685e-36,Q:000011 (cl,P):(000,0.82) (007,0.18) (006,0.00)
L- 12 H:2.030e+00,Q:000733 tau:-0.351344257593
R- 11 H:1.715e+00,Q:000577 tau:0.186828732491
R- 10 H:6.586e-01,Q:000182 tau:0.0334114134312
R- 09 H:4.167e-01,Q:000024 tau:0.246373176575
RG 08 H:4.914e-36,Q:000017 (cl,P):(000,1.00) (007,0.00) (006,0.00)
L- 08 H:2.857e-01,Q:000007 tau:0.193465322256
RG 07 H:8.311e-36,Q:000005 (cl,P):(000,0.60) (001,0.40) (007,0.00)
LQ 07 H:1.037e-35,Q:000002 (cl,P):(001,1.00) (007,0.00) (006,0.00)
L- 09 H:2.973e-01,Q:000158 tau:0.280409932137
R- 08 H:2.222e-01,Q:000009 tau:0.282255262136
RQ 07 H:1.037e-35,Q:000005 (cl,P):(000,0.60) (001,0.40) (007,0.00)
LG 07 H:7.796e-36,Q:000004 (cl,P):(001,0.50) (000,0.50) (007,0.00)
L- 08 H:1.552e-01,Q:000149 tau:0.260750204325
RG 07 H:5.220e-36,Q:000014 (cl,P):(001,0.93) (000,0.07) (007,0.00)
L- 07 H:1.232e-01,Q:000135 tau:0.190111920238
R- 06 H:8.292e-02,Q:000129 tau:-0.293923616409
R- 05 H:4.309e-02,Q:000123 tau:0.198767438531
RG 04 H:7.908e-37,Q:000108 (cl,P):(001,1.00) (007,0.00) (006,0.00)
L- 04 H:1.837e-01,Q:000015 tau:-0.253560334444
R- 03 H:1.818e-01,Q:000011 tau:0.197885602713
RQ 02 H:1.037e-35,Q:000002 (cl,P):(001,1.00) (007,0.00) (006,0.00)
LG 02 H:8.082e-36,Q:000009 (cl,P):(001,0.89) (002,0.11) (007,0.00)
LG 03 H:7.796e-36,Q:000004 (cl,P):(001,1.00) (007,0.00) (006,0.00)
LG 05 H:6.939e-36,Q:000006 (cl,P):(001,0.83) (000,0.17) (007,0.00)
LG 06 H:6.939e-36,Q:000006 (cl,P):(001,0.83) (002,0.17) (007,0.00)
L- 10 H:1.531e+00,Q:000395 tau:0.0314493514597
RG 09 H:1.134e-36,Q:000075 (cl,P):(001,1.00) (007,0.00) (006,0.00)
L- 09 H:1.244e+00,Q:000320 tau:0.0885106250644
R- 08 H:5.611e-01,Q:000181 tau:-0.276693195105
R- 07 H:2.609e-01,Q:000164 tau:0.172555476427
R- 06 H:1.968e-01,Q:000014 tau:0.17340233922
RG 05 H:6.082e-36,Q:000012 (cl,P):(002,0.83) (001,0.17) (007,0.00)
LQ 05 H:1.037e-35,Q:000002 (cl,P):(002,0.50) (001,0.50) (007,0.00)
L- 06 H:1.777e-01,Q:000150 tau:0.16730183363
RG 05 H:7.282e-36,Q:000010 (cl,P):(002,0.80) (001,0.20) (007,0.00)
L- 05 H:1.219e-01,Q:000140 tau:0.0999711304903
R- 04 H:4.546e-02,Q:000126 tau:-0.00685287220404
R- 03 H:2.163e-01,Q:000015 tau:-0.0037095497828
RG 02 H:6.409e-36,Q:000013 (cl,P):(002,1.00) (007,0.00) (006,0.00)
LQ 02 H:1.037e-35,Q:000002 (cl,P):(002,0.50) (001,0.50) (007,0.00)
LG 03 H:7.697e-37,Q:000111 (cl,P):(002,1.00) (007,0.00) (006,0.00)
L- 04 H:3.396e-01,Q:000014 tau:0.0990230292082
R- 03 H:2.857e-01,Q:000007 tau:-0.0131102064624
RQ 02 H:1.037e-35,Q:000006 (cl,P):(002,1.00) (007,0.00) (006,0.00)
LQ 02 H:1.037e-35,Q:000001 (cl,P):(003,1.00) (007,0.00) (006,0.00)
LG 03 H:8.898e-36,Q:000007 (cl,P):(002,0.86) (003,0.14) (007,0.00)
L- 07 H:2.797e-01,Q:000017 tau:0.152282088995
RG 06 H:6.936e-36,Q:000009 (cl,P):(001,1.00) (007,0.00) (006,0.00)
LG 06 H:9.082e-36,Q:000008 (cl,P):(001,0.75) (002,0.25) (007,0.00)
L- 08 H:1.056e+00,Q:000139 tau:-0.218134999275
R- 07 H:2.426e-01,Q:000094 tau:0.0392920523882
R- 06 H:6.361e-02,Q:000076 tau:0.0845367535949
RG 05 H:8.078e-36,Q:000009 (cl,P):(003,0.89) (002,0.11) (007,0.00)
LG 05 H:1.268e-36,Q:000067 (cl,P):(003,1.00) (007,0.00) (006,0.00)
L- 06 H:2.222e-01,Q:000018 tau:-0.172064587474
RG 05 H:7.282e-36,Q:000010 (cl,P):(003,0.60) (004,0.40) (007,0.00)
LG 05 H:7.796e-36,Q:000008 (cl,P):(003,1.00) (007,0.00) (006,0.00)
L- 07 H:1.787e-01,Q:000045 tau:0.0833492130041
RG 06 H:7.796e-36,Q:000004 (cl,P):(002,0.75) (001,0.25) (007,0.00)
L- 06 H:7.915e-02,Q:000041 tau:-0.261059999466
RG 05 H:8.898e-36,Q:000007 (cl,P):(002,0.86) (003,0.14) (007,0.00)
LG 05 H:2.479e-36,Q:000034 (cl,P):(002,1.00) (007,0.00) (006,0.00)
L- 11 H:1.414e+00,Q:000156 tau:-0.460726112127
R- 10 H:9.707e-01,Q:000077 tau:0.150307461619
R- 09 H:1.255e-01,Q:000033 tau:0.170942515135
RG 08 H:2.900e-36,Q:000029 (cl,P):(000,1.00) (007,0.00) (006,0.00)
L- 08 H:5.000e-01,Q:000004 tau:0.156426921487
RQ 07 H:1.037e-35,Q:000003 (cl,P):(000,0.67) (001,0.33) (007,0.00)
LQ 07 H:1.037e-35,Q:000001 (cl,P):(000,1.00) (007,0.00) (006,0.00)
LG 09 H:1.921e-36,Q:000044 (cl,P):(001,1.00) (007,0.00) (006,0.00)
L- 10 H:9.282e-01,Q:000079 tau:0.19118450582
R- 09 H:2.818e-01,Q:000027 tau:-0.496645987034
RQ 08 H:1.037e-35,Q:000004 (cl,P):(000,0.75) (007,0.25) (006,0.00)
LG 08 H:3.639e-36,Q:000023 (cl,P):(007,1.00) (006,0.00) (005,0.00)
L- 09 H:4.654e-01,Q:000052 tau:-0.572445869446
R- 08 H:8.812e-02,Q:000047 tau:0.0409652926028
RG 07 H:2.164e-36,Q:000039 (cl,P):(000,1.00) (007,0.00) (006,0.00)
LG 07 H:9.082e-36,Q:000008 (cl,P):(000,0.88) (001,0.12) (007,0.00)
LQ 08 H:1.037e-35,Q:000005 (cl,P):(007,1.00) (006,0.00) (005,0.00)
L- 14 H:2.905e+00,Q:001470 tau:-0.179184556007
R- 13 H:2.375e+00,Q:000938 tau:-0.27786257863
R- 12 H:2.048e+00,Q:000663 tau:-0.0454643145204
R- 11 H:1.681e+00,Q:000442 tau:-0.177260801196
R- 10 H:1.417e+00,Q:000299 tau:-0.0966298505664
R- 09 H:9.641e-01,Q:000130 tau:0.236323848367
R- 08 H:1.722e-01,Q:000016 tau:-0.0153037728742
RQ 07 H:1.037e-35,Q:000001 (cl,P):(007,1.00) (006,0.00) (005,0.00)
LG 07 H:4.878e-36,Q:000015 (cl,P):(006,1.00) (007,0.00) (005,0.00)
L- 08 H:6.107e-01,Q:000114 tau:-0.0220382586122
R- 07 H:8.748e-01,Q:000022 tau:0.171472996473
RG 06 H:7.282e-36,Q:000010 (cl,P):(007,1.00) (006,0.00) (005,0.00)
LG 06 H:6.079e-36,Q:000012 (cl,P):(000,1.00) (007,0.00) (006,0.00)
L- 07 H:1.938e-01,Q:000092 tau:0.0550678707659
R- 06 H:5.708e-02,Q:000087 tau:0.207097038627
R- 05 H:2.857e-01,Q:000007 tau:-0.0319671332836
RG 04 H:6.934e-36,Q:000006 (cl,P):(007,1.00) (006,0.00) (005,0.00)
LQ 04 H:1.037e-35,Q:000001 (cl,P):(006,1.00) (007,0.00) (005,0.00)
LG 05 H:1.064e-36,Q:000080 (cl,P):(007,1.00) (006,0.00) (005,0.00)
LQ 06 H:1.037e-35,Q:000005 (cl,P):(007,0.40) (006,0.40) (005,0.20)
L- 09 H:5.767e-01,Q:000169 tau:-0.00580705655739
R- 08 H:2.162e-01,Q:000150 tau:-0.108911730349
R- 07 H:2.761e-01,Q:000019 tau:-0.0996737778187
RQ 06 H:1.037e-35,Q:000004 (cl,P):(007,0.50) (006,0.50) (005,0.00)
LG 06 H:4.186e-36,Q:000015 (cl,P):(006,0.93) (007,0.07) (005,0.00)
L- 07 H:1.117e-01,Q:000131 tau:0.259381651878
RQ 06 H:1.037e-35,Q:000004 (cl,P):(006,0.50) (005,0.50) (007,0.00)
L- 06 H:4.320e-02,Q:000127 tau:0.0279710199684
RG 05 H:7.982e-37,Q:000107 (cl,P):(006,1.00) (007,0.00) (005,0.00)
L- 05 H:1.000e-01,Q:000020 tau:-0.118150271475
RG 04 H:7.796e-36,Q:000008 (cl,P):(006,1.00) (007,0.00) (005,0.00)
LG 04 H:6.079e-36,Q:000012 (cl,P):(006,0.92) (005,0.08) (007,0.00)
L- 08 H:4.469e-01,Q:000019 tau:-0.10847132653
RQ 07 H:1.037e-35,Q:000004 (cl,P):(006,0.75) (005,0.25) (007,0.00)
LG 07 H:4.872e-36,Q:000015 (cl,P):(005,1.00) (007,0.00) (006,0.00)
L- 10 H:1.056e-01,Q:000143 tau:-0.185359627008
R- 09 H:3.061e-01,Q:000009 tau:-0.179971367121
RQ 08 H:1.037e-35,Q:000003 (cl,P):(005,1.00) (007,0.00) (006,0.00)
LG 08 H:8.654e-36,Q:000006 (cl,P):(006,0.50) (005,0.50) (007,0.00)
LG 09 H:6.389e-37,Q:000134 (cl,P):(005,1.00) (007,0.00) (006,0.00)
L- 11 H:8.603e-01,Q:000221 tau:-0.0956712067127
R- 10 H:7.731e-01,Q:000073 tau:-0.175124570727
RG 09 H:1.598e-36,Q:000053 (cl,P):(005,1.00) (007,0.00) (006,0.00)
L- 09 H:2.805e-01,Q:000020 tau:-0.22868694365
RQ 08 H:1.037e-35,Q:000005 (cl,P):(004,0.60) (005,0.40) (007,0.00)
LG 08 H:5.560e-36,Q:000015 (cl,P):(004,1.00) (007,0.00) (006,0.00)
L- 10 H:1.909e-01,Q:000148 tau:-0.106481537223
R- 09 H:4.694e-01,Q:000016 tau:-0.100585997105
R- 08 H:1.667e-01,Q:000012 tau:-0.0255730077624
RQ 07 H:1.037e-35,Q:000008 (cl,P):(004,1.00) (007,0.00) (006,0.00)
LQ 07 H:1.037e-35,Q:000004 (cl,P):(004,0.75) (005,0.25) (007,0.00)
LQ 08 H:1.037e-35,Q:000004 (cl,P):(005,0.50) (004,0.50) (007,0.00)
L- 09 H:8.442e-02,Q:000132 tau:-0.0071395044215
RG 08 H:7.796e-36,Q:000008 (cl,P):(004,0.88) (003,0.12) (007,0.00)
L- 08 H:4.493e-02,Q:000124 tau:-0.114144332707
R- 07 H:2.950e-01,Q:000011 tau:-0.113792702556
RG 06 H:5.796e-36,Q:000009 (cl,P):(004,1.00) (007,0.00) (006,0.00)
L- 06 H:1.000e+00,Q:000002 tau:-0.0748073086143
RQ 05 H:1.037e-35,Q:000001 (cl,P):(004,1.00) (007,0.00) (006,0.00)
LQ 05 H:1.037e-35,Q:000001 (cl,P):(005,1.00) (007,0.00) (006,0.00)
LG 07 H:7.562e-37,Q:000113 (cl,P):(004,1.00) (007,0.00) (006,0.00)
L- 12 H:1.255e+00,Q:000275 tau:-0.374501436949
R- 11 H:7.204e-01,Q:000138 tau:-0.0964066982269
R- 10 H:2.531e-01,Q:000119 tau:-0.0144491046667
R- 09 H:1.127e-01,Q:000088 tau:-0.300602525473
R- 08 H:2.500e-01,Q:000008 tau:0.107818745077
RQ 07 H:1.037e-35,Q:000004 (cl,P):(004,0.75) (005,0.25) (007,0.00)
LQ 07 H:1.037e-35,Q:000004 (cl,P):(004,0.75) (005,0.25) (007,0.00)
LG 08 H:1.064e-36,Q:000080 (cl,P):(004,1.00) (007,0.00) (006,0.00)
L- 09 H:2.856e-01,Q:000031 tau:-0.344162791967
RG 08 H:3.647e-36,Q:000023 (cl,P):(004,1.00) (007,0.00) (006,0.00)
L- 08 H:3.444e-01,Q:000008 tau:-0.361557871103
RG 07 H:7.796e-36,Q:000004 (cl,P):(004,0.75) (003,0.25) (007,0.00)
LG 07 H:5.225e-36,Q:000004 (cl,P):(003,1.00) (007,0.00) (006,0.00)
LG 10 H:4.404e-36,Q:000019 (cl,P):(003,1.00) (007,0.00) (006,0.00)
L- 11 H:6.915e-01,Q:000137 tau:-0.102013841271
R- 10 H:3.380e-01,Q:000116 tau:-0.406475067139
R- 09 H:7.061e-01,Q:000025 tau:0.0672412887216
R- 08 H:2.500e-01,Q:000008 tau:0.220538258553
RQ 07 H:1.037e-35,Q:000002 (cl,P):(004,0.50) (003,0.50) (007,0.00)
LG 07 H:8.654e-36,Q:000006 (cl,P):(004,0.83) (003,0.17) (007,0.00)
L- 08 H:3.300e-01,Q:000017 tau:0.040781006217
RQ 07 H:1.037e-35,Q:000003 (cl,P):(004,0.67) (003,0.33) (007,0.00)
LG 07 H:5.954e-36,Q:000014 (cl,P):(003,1.00) (007,0.00) (006,0.00)
L- 09 H:5.313e-02,Q:000091 tau:-0.0682618767023
RG 08 H:9.576e-37,Q:000089 (cl,P):(003,1.00) (007,0.00) (006,0.00)
LQ 08 H:1.037e-35,Q:000002 (cl,P):(003,0.50) (002,0.50) (007,0.00)
L- 10 H:8.931e-01,Q:000021 tau:-0.418734580278
R- 09 H:4.323e-01,Q:000011 tau:-0.142996639013
RG 08 H:9.082e-36,Q:000008 (cl,P):(003,1.00) (007,0.00) (006,0.00)
LQ 08 H:1.037e-35,Q:000003 (cl,P):(002,0.67) (003,0.33) (007,0.00)
LG 09 H:6.250e-36,Q:000010 (cl,P):(002,1.00) (007,0.00) (006,0.00)
L- 13 H:2.068e+00,Q:000532 tau:-0.379197239876
R- 12 H:1.401e+00,Q:000327 tau:-0.285139292479
R- 11 H:8.972e-01,Q:000185 tau:-0.311178594828
R- 10 H:2.239e-01,Q:000141 tau:-0.196450650692
R- 09 H:2.222e-01,Q:000009 tau:-0.0944028571248
RQ 08 H:1.037e-35,Q:000005 (cl,P):(003,0.80) (004,0.20) (007,0.00)
LQ 08 H:1.037e-35,Q:000004 (cl,P):(004,0.50) (003,0.50) (007,0.00)
L- 09 H:1.102e-01,Q:000132 tau:-0.268296301365
RG 08 H:7.185e-37,Q:000119 (cl,P):(003,1.00) (007,0.00) (006,0.00)
L- 08 H:2.119e-01,Q:000013 tau:-0.128058984876
RG 07 H:7.792e-36,Q:000008 (cl,P):(003,0.88) (002,0.12) (007,0.00)
LG 07 H:6.254e-36,Q:000005 (cl,P):(003,0.60) (002,0.40) (007,0.00)
L- 10 H:2.828e-01,Q:000044 tau:-0.197835877538
R- 09 H:2.500e-01,Q:000008 tau:-0.195741981268
RG 08 H:8.654e-36,Q:000006 (cl,P):(002,0.83) (003,0.17) (007,0.00)
LQ 08 H:1.037e-35,Q:000002 (cl,P):(003,0.50) (002,0.50) (007,0.00)
L- 09 H:1.083e-01,Q:000036 tau:-0.271897464991
RG 08 H:2.716e-36,Q:000031 (cl,P):(002,1.00) (007,0.00) (006,0.00)
LG 08 H:8.311e-36,Q:000005 (cl,P):(002,0.80) (001,0.20) (007,0.00)
L- 11 H:8.484e-01,Q:000142 tau:-0.395540177822
R- 10 H:2.348e-01,Q:000112 tau:-0.343848735094
R- 09 H:1.471e-01,Q:000106 tau:-0.299266666174
R- 08 H:2.406e-01,Q:000015 tau:-0.157691985369
RQ 07 H:1.037e-35,Q:000003 (cl,P):(003,1.00) (007,0.00) (006,0.00)
LG 07 H:4.350e-36,Q:000012 (cl,P):(002,1.00) (007,0.00) (006,0.00)
LG 08 H:9.365e-37,Q:000091 (cl,P):(002,1.00) (007,0.00) (006,0.00)
LQ 09 H:1.037e-35,Q:000006 (cl,P):(002,0.67) (001,0.33) (007,0.00)
L- 10 H:1.381e-01,Q:000030 tau:-0.286907225847
RQ 09 H:1.037e-35,Q:000001 (cl,P):(002,1.00) (007,0.00) (006,0.00)
LG 09 H:2.901e-36,Q:000029 (cl,P):(001,1.00) (007,0.00) (006,0.00)
L- 12 H:1.181e+00,Q:000205 tau:-0.480723410845
R- 11 H:4.128e-01,Q:000105 tau:-0.42374920845
R- 10 H:1.513e-01,Q:000097 tau:-0.389620989561
RQ 09 H:1.037e-35,Q:000005 (cl,P):(001,0.60) (002,0.40) (007,0.00)
L- 09 H:5.649e-02,Q:000092 tau:-0.366941720247
RG 08 H:9.575e-37,Q:000089 (cl,P):(001,1.00) (007,0.00) (006,0.00)
L- 08 H:6.667e-01,Q:000003 tau:-0.399802923203
RQ 07 H:1.037e-35,Q:000002 (cl,P):(001,1.00) (007,0.00) (006,0.00)
LQ 07 H:1.037e-35,Q:000001 (cl,P):(000,1.00) (007,0.00) (006,0.00)
L- 10 H:2.500e-01,Q:000008 tau:-0.453075915575
RQ 09 H:1.037e-35,Q:000004 (cl,P):(000,0.75) (001,0.25) (007,0.00)
LG 09 H:5.217e-36,Q:000004 (cl,P):(000,1.00) (007,0.00) (006,0.00)
L- 11 H:3.789e-01,Q:000100 tau:-0.440672844648
R- 10 H:1.074e-01,Q:000091 tau:-0.492365092039
RG 09 H:7.796e-36,Q:000004 (cl,P):(000,0.75) (001,0.25) (007,0.00)
L- 09 H:5.557e-02,Q:000087 tau:-0.514412403107
R- 08 H:2.857e-01,Q:000007 tau:-0.501905858517
RQ 07 H:1.037e-35,Q:000003 (cl,P):(000,0.67) (001,0.33) (007,0.00)
LG 07 H:7.796e-36,Q:000004 (cl,P):(000,1.00) (007,0.00) (006,0.00)
LG 08 H:1.064e-36,Q:000080 (cl,P):(000,1.00) (007,0.00) (006,0.00)
L- 10 H:3.061e-01,Q:000009 tau:-0.564807593822
RG 09 H:6.939e-36,Q:000006 (cl,P):(007,0.50) (000,0.50) (006,0.00)
LQ 09 H:1.037e-35,Q:000003 (cl,P):(007,1.00) (006,0.00) (005,0.00)
L- 18 H:2.271e+00,Q:000822 tau:-0.700886011124
R- 17 H:1.908e+00,Q:000447 tau:-0.314590632915
R- 16 H:1.606e+00,Q:000359 tau:-0.60900336504
R- 15 H:1.389e+00,Q:000207 tau:0.605858147144
R- 14 H:5.854e-01,Q:000028 tau:0.65296536684
R- 13 H:3.444e-01,Q:000024 tau:0.762438595295
R- 12 H:2.500e-01,Q:000008 tau:-0.604811191559
RQ 11 H:1.037e-35,Q:000007 (cl,P):(000,0.57) (007,0.43) (006,0.00)
LQ 11 H:1.037e-35,Q:000001 (cl,P):(007,1.00) (006,0.00) (005,0.00)
LG 12 H:4.575e-36,Q:000016 (cl,P):(000,1.00) (007,0.00) (006,0.00)
LQ 13 H:1.037e-35,Q:000004 (cl,P):(001,0.50) (000,0.50) (007,0.00)
L- 14 H:9.170e-01,Q:000179 tau:-0.186353340745
R- 13 H:7.651e-01,Q:000153 tau:0.436329990625
R- 12 H:2.824e-01,Q:000031 tau:-0.521289050579
R- 11 H:3.061e-01,Q:000009 tau:-0.519033789635
RG 10 H:7.796e-36,Q:000008 (cl,P):(001,0.62) (002,0.38) (007,0.00)
LQ 10 H:1.037e-35,Q:000001 (cl,P):(001,1.00) (007,0.00) (006,0.00)
LG 11 H:3.809e-36,Q:000022 (cl,P):(001,1.00) (007,0.00) (006,0.00)
L- 12 H:3.347e-01,Q:000122 tau:-0.58676469326
R- 11 H:4.954e-02,Q:000107 tau:-0.162166446447
RG 10 H:8.288e-37,Q:000103 (cl,P):(002,1.00) (007,0.00) (006,0.00)
LG 10 H:7.796e-36,Q:000004 (cl,P):(002,0.75) (001,0.25) (007,0.00)
L- 11 H:8.000e-01,Q:000015 tau:0.0253591965884
R- 10 H:2.755e-01,Q:000010 tau:-0.600765883923
RG 09 H:6.254e-36,Q:000005 (cl,P):(002,0.80) (001,0.20) (007,0.00)
LG 09 H:8.311e-36,Q:000005 (cl,P):(002,0.80) (001,0.20) (007,0.00)
LQ 10 H:1.037e-35,Q:000005 (cl,P):(001,1.00) (007,0.00) (006,0.00)
LG 13 H:3.227e-36,Q:000026 (cl,P):(001,1.00) (007,0.00) (006,0.00)
L- 15 H:9.957e-01,Q:000152 tau:0.496637672186
R- 14 H:7.072e-01,Q:000023 tau:0.652952671051
R- 13 H:4.323e-01,Q:000011 tau:-0.668731451035
RG 12 H:8.311e-36,Q:000005 (cl,P):(007,0.60) (000,0.40) (006,0.00)
LG 12 H:8.654e-36,Q:000006 (cl,P):(007,1.00) (006,0.00) (005,0.00)
LG 13 H:5.218e-36,Q:000012 (cl,P):(000,1.00) (007,0.00) (006,0.00)
L- 14 H:5.586e-01,Q:000129 tau:-0.168120473623
R- 13 H:9.264e-02,Q:000111 tau:0.448775619268
RG 12 H:6.939e-36,Q:000006 (cl,P):(001,0.83) (000,0.17) (007,0.00)
L- 12 H:4.604e-02,Q:000105 tau:-0.125776186585
RG 11 H:8.885e-37,Q:000096 (cl,P):(001,1.00) (007,0.00) (006,0.00)
LG 11 H:8.078e-36,Q:000009 (cl,P):(001,0.89) (000,0.11) (007,0.00)
LG 13 H:4.646e-36,Q:000018 (cl,P):(000,0.94) (001,0.06) (007,0.00)
L- 16 H:1.116e+00,Q:000088 tau:-0.44619640708
R- 15 H:8.408e-01,Q:000050 tau:-0.652770280838
R- 14 H:3.032e-01,Q:000037 tau:-0.50450617075
RQ 13 H:1.037e-35,Q:000003 (cl,P):(001,0.67) (000,0.33) (007,0.00)
L- 13 H:1.428e-01,Q:000034 tau:-0.385278761387
RG 12 H:6.939e-36,Q:000012 (cl,P):(000,1.00) (007,0.00) (006,0.00)
L- 12 H:1.252e-01,Q:000022 tau:-0.578026175499
RG 11 H:4.576e-36,Q:000016 (cl,P):(000,1.00) (007,0.00) (006,0.00)
LG 11 H:6.939e-36,Q:000006 (cl,P):(000,0.67) (007,0.33) (006,0.00)
L- 14 H:2.119e-01,Q:000013 tau:-0.659215033054
RQ 13 H:1.037e-35,Q:000002 (cl,P):(000,1.00) (007,0.00) (006,0.00)
LG 13 H:5.693e-36,Q:000011 (cl,P):(007,1.00) (006,0.00) (005,0.00)
L- 15 H:3.394e-01,Q:000038 tau:-0.503528416157
RQ 14 H:1.037e-35,Q:000003 (cl,P):(000,0.67) (007,0.33) (006,0.00)
L- 14 H:1.574e-01,Q:000035 tau:-0.670823335648
RG 13 H:2.715e-36,Q:000031 (cl,P):(007,1.00) (006,0.00) (005,0.00)
LG 13 H:7.796e-36,Q:000004 (cl,P):(007,0.50) (006,0.50) (005,0.00)
L- 17 H:1.691e+00,Q:000375 tau:-0.800867855549
R- 16 H:1.422e+00,Q:000189 tau:-0.242784976959
R- 15 H:7.582e-01,Q:000142 tau:0.475454121828
R- 14 H:5.714e-01,Q:000021 tau:0.583527565002
R- 13 H:1.968e-01,Q:000014 tau:-0.708516597748
RQ 12 H:1.037e-35,Q:000003 (cl,P):(007,0.67) (000,0.33) (006,0.00)
LG 12 H:6.628e-36,Q:000011 (cl,P):(007,1.00) (006,0.00) (005,0.00)
LG 13 H:8.898e-36,Q:000007 (cl,P):(000,0.57) (007,0.43) (006,0.00)
L- 14 H:3.275e-01,Q:000121 tau:-0.714265286922
R- 13 H:3.034e-01,Q:000016 tau:-0.706227123737
RG 12 H:6.511e-36,Q:000008 (cl,P):(000,0.62) (001,0.38) (007,0.00)
LG 12 H:6.507e-36,Q:000008 (cl,P):(001,0.50) (000,0.50) (007,0.00)
L- 13 H:9.777e-02,Q:000105 tau:-0.144410297275
R- 12 H:5.283e-02,Q:000094 tau:-0.723066270351
RQ 11 H:1.037e-35,Q:000003 (cl,P):(000,0.67) (001,0.33) (007,0.00)
LG 11 H:9.368e-37,Q:000091 (cl,P):(000,1.00) (007,0.00) (006,0.00)
L- 12 H:1.818e-01,Q:000011 tau:-0.743693113327
RG 11 H:7.796e-36,Q:000008 (cl,P):(000,1.00) (007,0.00) (006,0.00)
LQ 11 H:1.037e-35,Q:000003 (cl,P):(000,0.67) (007,0.33) (006,0.00)
L- 15 H:1.064e+00,Q:000047 tau:-0.433683007956
R- 14 H:2.565e-01,Q:000023 tau:-0.367711961269
R- 13 H:2.119e-01,Q:000013 tau:-0.720705211163
RQ 12 H:1.037e-35,Q:000002 (cl,P):(007,0.50) (000,0.50) (006,0.00)
LG 12 H:6.628e-36,Q:000011 (cl,P):(007,1.00) (006,0.00) (005,0.00)
LG 13 H:7.279e-36,Q:000010 (cl,P):(007,0.90) (006,0.10) (005,0.00)
L- 14 H:2.296e-01,Q:000024 tau:-0.56454795599
RG 13 H:3.497e-36,Q:000021 (cl,P):(006,1.00) (007,0.00) (005,0.00)
LG 13 H:6.939e-36,Q:000003 (cl,P):(005,0.67) (006,0.33) (007,0.00)
L- 16 H:1.076e+00,Q:000186 tau:-0.22597502172
R- 15 H:7.996e-01,Q:000142 tau:-0.937511205673
R- 14 H:2.094e-01,Q:000117 tau:-0.821848571301
R- 13 H:3.396e-01,Q:000014 tau:-0.819590091705
R- 12 H:1.818e-01,Q:000011 tau:0.44998267293
RG 11 H:8.311e-36,Q:000005 (cl,P):(007,1.00) (006,0.00) (005,0.00)
LG 11 H:6.934e-36,Q:000006 (cl,P):(007,0.50) (000,0.50) (006,0.00)
LQ 12 H:1.037e-35,Q:000003 (cl,P):(007,1.00) (006,0.00) (005,0.00)
L- 13 H:8.042e-02,Q:000103 tau:-0.917771458626
RG 12 H:9.368e-37,Q:000091 (cl,P):(007,1.00) (006,0.00) (005,0.00)
LG 12 H:6.079e-36,Q:000012 (cl,P):(007,0.83) (006,0.17) (005,0.00)
LG 14 H:3.360e-36,Q:000025 (cl,P):(006,1.00) (007,0.00) (005,0.00)
L- 15 H:5.175e-01,Q:000044 tau:-0.84079605341
R- 14 H:6.141e-01,Q:000011 tau:-0.475000530481
R- 13 H:2.222e-01,Q:000009 tau:-0.816426753998
RQ 12 H:1.037e-35,Q:000005 (cl,P):(007,0.60) (006,0.40) (005,0.00)
LQ 12 H:1.037e-35,Q:000004 (cl,P):(006,0.75) (007,0.25) (005,0.00)
LQ 13 H:1.037e-35,Q:000002 (cl,P):(005,1.00) (007,0.00) (006,0.00)
LG 14 H:2.554e-36,Q:000033 (cl,P):(006,1.00) (007,0.00) (005,0.00)
L- 19 H:2.121e+00,Q:000628 tau:-0.81216365099
R- 18 H:2.037e+00,Q:000451 tau:0.36034399271
R- 17 H:1.548e+00,Q:000100 tau:0.52897143364
R- 16 H:8.528e-01,Q:000050 tau:0.715204179287
RG 15 H:6.936e-36,Q:000012 (cl,P):(003,1.00) (007,0.00) (006,0.00)
L- 15 H:3.066e-01,Q:000038 tau:-0.735339343548
R- 14 H:1.258e-01,Q:000031 tau:0.581002473831
RG 13 H:3.495e-36,Q:000024 (cl,P):(004,0.96) (003,0.04) (007,0.00)
LG 13 H:7.429e-36,Q:000007 (cl,P):(004,0.86) (005,0.14) (007,0.00)
L- 14 H:2.857e-01,Q:000007 tau:-0.778986811638
RQ 13 H:1.037e-35,Q:000005 (cl,P):(004,0.80) (003,0.20) (007,0.00)
LQ 13 H:1.037e-35,Q:000002 (cl,P):(003,1.00) (007,0.00) (006,0.00)
L- 16 H:8.392e-01,Q:000050 tau:-0.708812594414
R- 15 H:3.618e-01,Q:000030 tau:0.413701117039
R- 14 H:1.545e-01,Q:000021 tau:-0.607045650482
R- 13 H:4.000e-01,Q:000005 tau:-0.58622688055
RQ 12 H:1.037e-35,Q:000001 (cl,P):(005,1.00) (007,0.00) (006,0.00)
LQ 12 H:1.037e-35,Q:000004 (cl,P):(005,0.75) (006,0.25) (007,0.00)
LG 13 H:5.220e-36,Q:000016 (cl,P):(005,1.00) (007,0.00) (006,0.00)
LG 14 H:8.082e-36,Q:000009 (cl,P):(005,0.67) (006,0.33) (007,0.00)
L- 15 H:3.328e-01,Q:000020 tau:0.398411154747
RG 14 H:4.478e-36,Q:000014 (cl,P):(004,0.93) (005,0.07) (007,0.00)
LG 14 H:6.939e-36,Q:000006 (cl,P):(005,1.00) (007,0.00) (006,0.00)
L- 17 H:1.488e+00,Q:000351 tau:-0.708733618259
R- 16 H:1.189e+00,Q:000194 tau:-0.53570073843
R- 15 H:9.432e-01,Q:000164 tau:0.155031442642
R- 14 H:4.720e-01,Q:000039 tau:-0.620457649231
RG 13 H:6.082e-36,Q:000012 (cl,P):(006,0.67) (007,0.33) (005,0.00)
L- 13 H:2.222e-01,Q:000027 tau:-0.644500911236
R- 12 H:2.500e-01,Q:000008 tau:-0.643337547779
RG 11 H:7.429e-36,Q:000007 (cl,P):(006,0.71) (007,0.29) (005,0.00)
LQ 11 H:1.037e-35,Q:000001 (cl,P):(006,1.00) (007,0.00) (005,0.00)
LG 12 H:4.403e-36,Q:000019 (cl,P):(006,1.00) (007,0.00) (005,0.00)
L- 14 H:5.102e-01,Q:000125 tau:-0.432563245296
R- 13 H:2.642e-01,Q:000113 tau:-0.605111241341
R- 12 H:3.061e-01,Q:000009 tau:-0.596152842045
RG 11 H:6.939e-36,Q:000003 (cl,P):(007,0.67) (000,0.33) (006,0.00)
LG 11 H:6.939e-36,Q:000006 (cl,P):(000,0.67) (007,0.33) (006,0.00)
L- 12 H:4.997e-02,Q:000104 tau:-0.70223480463
RG 11 H:8.450e-37,Q:000101 (cl,P):(007,1.00) (006,0.00) (005,0.00)
LQ 11 H:1.037e-35,Q:000003 (cl,P):(007,0.67) (006,0.33) (005,0.00)
L- 13 H:5.629e-01,Q:000012 tau:-0.627580285072
RQ 12 H:1.037e-35,Q:000005 (cl,P):(007,1.00) (006,0.00) (005,0.00)
LG 12 H:8.898e-36,Q:000007 (cl,P):(006,1.00) (007,0.00) (005,0.00)
L- 15 H:5.511e-01,Q:000030 tau:-0.712671995163
RG 14 H:3.813e-36,Q:000022 (cl,P):(006,1.00) (007,0.00) (005,0.00)
L- 14 H:3.444e-01,Q:000008 tau:-0.634564936161
RQ 13 H:1.037e-35,Q:000003 (cl,P):(006,0.67) (005,0.33) (007,0.00)
LG 13 H:8.311e-36,Q:000005 (cl,P):(005,1.00) (007,0.00) (006,0.00)
L- 16 H:8.615e-01,Q:000157 tau:0.179289788008
R- 15 H:2.119e-01,Q:000026 tau:0.213465854526
RG 14 H:3.497e-36,Q:000021 (cl,P):(005,1.00) (007,0.00) (006,0.00)
LG 14 H:8.311e-36,Q:000005 (cl,P):(005,0.60) (006,0.40) (007,0.00)
L- 15 H:6.148e-01,Q:000131 tau:-0.49718439579
R- 14 H:1.417e-01,Q:000109 tau:-0.790548205376
R- 13 H:5.098e-02,Q:000092 tau:-0.722525775433
R- 12 H:2.000e-01,Q:000010 tau:-0.717960357666
RG 11 H:7.796e-36,Q:000008 (cl,P):(006,1.00) (007,0.00) (005,0.00)
LQ 11 H:1.037e-35,Q:000002 (cl,P):(007,0.50) (006,0.50) (005,0.00)
LG 12 H:1.038e-36,Q:000082 (cl,P):(006,1.00) (007,0.00) (005,0.00)
L- 13 H:1.176e-01,Q:000017 tau:-0.23153847456
RG 12 H:6.625e-36,Q:000011 (cl,P):(006,1.00) (007,0.00) (005,0.00)
LG 12 H:8.654e-36,Q:000006 (cl,P):(006,0.67) (005,0.33) (007,0.00)
L- 14 H:3.979e-01,Q:000022 tau:-0.735905349255
R- 13 H:4.591e-01,Q:000006 tau:-0.716665744781
RQ 12 H:1.037e-35,Q:000002 (cl,P):(006,0.50) (005,0.50) (007,0.00)
L- 12 H:5.000e-01,Q:000004 tau:-0.730643332005
RQ 11 H:1.037e-35,Q:000001 (cl,P):(005,1.00) (007,0.00) (006,0.00)
LQ 11 H:1.037e-35,Q:000003 (cl,P):(006,0.67) (005,0.33) (007,0.00)
LG 13 H:3.925e-36,Q:000016 (cl,P):(005,1.00) (007,0.00) (006,0.00)
L- 18 H:1.056e+00,Q:000177 tau:-0.94320499897
R- 17 H:8.785e-01,Q:000141 tau:0.238003119826
R- 16 H:4.131e-01,Q:000032 tau:-0.846553564072
RG 15 H:8.898e-36,Q:000007 (cl,P):(004,0.57) (005,0.43) (007,0.00)
L- 15 H:1.298e-01,Q:000025 tau:0.475281000137
RQ 14 H:1.037e-35,Q:000001 (cl,P):(003,1.00) (007,0.00) (006,0.00)
LG 14 H:3.498e-36,Q:000024 (cl,P):(004,1.00) (007,0.00) (006,0.00)
L- 16 H:2.671e-01,Q:000109 tau:-0.916517794132
R- 15 H:1.335e-01,Q:000100 tau:-0.837107181549
R- 14 H:1.722e-01,Q:000016 tau:-0.477332860231
RG 13 H:6.625e-36,Q:000011 (cl,P):(005,0.73) (006,0.27) (007,0.00)
LG 13 H:6.254e-36,Q:000005 (cl,P):(005,1.00) (007,0.00) (006,0.00)
LG 14 H:1.014e-36,Q:000084 (cl,P):(005,1.00) (007,0.00) (006,0.00)
L- 15 H:4.444e-01,Q:000009 tau:-0.123734883964
RQ 14 H:1.037e-35,Q:000006 (cl,P):(005,0.67) (004,0.33) (007,0.00)
LQ 14 H:1.037e-35,Q:000003 (cl,P):(005,0.67) (004,0.33) (007,0.00)
L- 17 H:1.150e-01,Q:000036 tau:-0.0327844619751
RG 16 H:2.900e-36,Q:000029 (cl,P):(004,1.00) (007,0.00) (006,0.00)
LG 16 H:8.898e-36,Q:000007 (cl,P):(004,0.86) (005,0.14) (007,0.00)
---------------------
