>>>>>>> _time<<<<<<<
*- 20 H:3.000e+00,Q:006400 tau:-0.585675776005
R- 19 H:2.991e+00,Q:005771 tau:-0.49652031064
R- 18 H:2.983e+00,Q:004949 tau:0.60415917635
R- 17 H:1.953e+00,Q:000562 tau:0.793862462044
R- 16 H:1.240e+00,Q:000216 tau:-0.126116469502
R- 15 H:9.207e-01,Q:000135 tau:0.938792467117
R- 14 H:2.123e-01,Q:000017 tau:0.951885223389
RG 13 H:4.572e-36,Q:000016 (cl,P):(000,1.00) (007,0.00) (006,0.00)
LQ 13 H:1.037e-35,Q:000001 (cl,P):(001,1.00) (007,0.00) (006,0.00)
L- 14 H:5.002e-01,Q:000118 tau:0.834546327591
R- 13 H:5.270e-02,Q:000089 tau:0.84708917141
RG 12 H:1.077e-36,Q:000079 (cl,P):(001,1.00) (007,0.00) (006,0.00)
LG 12 H:6.245e-36,Q:000010 (cl,P):(001,0.90) (002,0.10) (007,0.00)
L- 13 H:6.558e-01,Q:000029 tau:0.313038378954
R- 12 H:1.429e-01,Q:000014 tau:0.805200517178
RG 11 H:7.279e-36,Q:000010 (cl,P):(001,1.00) (007,0.00) (006,0.00)
LQ 11 H:1.037e-35,Q:000004 (cl,P):(001,0.75) (002,0.25) (007,0.00)
LG 12 H:4.869e-36,Q:000015 (cl,P):(002,0.93) (001,0.07) (007,0.00)
L- 15 H:7.880e-01,Q:000081 tau:0.853550136089
R- 14 H:8.812e-02,Q:000047 tau:0.900583982468
RG 13 H:2.629e-36,Q:000032 (cl,P):(000,1.00) (007,0.00) (006,0.00)
L- 13 H:1.333e-01,Q:000015 tau:0.865719258785
RG 12 H:6.250e-36,Q:000010 (cl,P):(000,0.90) (001,0.10) (007,0.00)
LQ 12 H:1.037e-35,Q:000005 (cl,P):(000,1.00) (007,0.00) (006,0.00)
L- 14 H:8.828e-01,Q:000034 tau:-0.311742603779
R- 13 H:2.005e-01,Q:000018 tau:-0.193419933319
RG 12 H:6.939e-36,Q:000006 (cl,P):(001,0.83) (002,0.17) (007,0.00)
LG 12 H:6.075e-36,Q:000012 (cl,P):(001,1.00) (007,0.00) (006,0.00)
L- 13 H:1.250e-01,Q:000016 tau:-0.338180720806
RQ 12 H:1.037e-35,Q:000001 (cl,P):(001,1.00) (007,0.00) (006,0.00)
LG 12 H:4.872e-36,Q:000015 (cl,P):(000,1.00) (007,0.00) (006,0.00)
L- 16 H:1.563e+00,Q:000346 tau:0.699881911278
R- 15 H:1.071e+00,Q:000144 tau:-0.235511422157
R- 14 H:7.746e-01,Q:000120 tau:0.540983140469
R- 13 H:2.028e-01,Q:000016 tau:0.583227455616
RG 12 H:4.824e-36,Q:000013 (cl,P):(001,1.00) (007,0.00) (006,0.00)
LQ 12 H:1.037e-35,Q:000003 (cl,P):(001,0.67) (002,0.33) (007,0.00)
L- 13 H:3.302e-01,Q:000104 tau:0.720616161823
R- 12 H:1.713e-01,Q:000089 tau:-0.00496973097324
R- 11 H:1.488e-01,Q:000062 tau:0.788674354553
RG 10 H:8.311e-36,Q:000010 (cl,P):(002,0.90) (001,0.10) (007,0.00)
L- 10 H:9.297e-02,Q:000052 tau:0.149635985494
RG 09 H:2.408e-36,Q:000035 (cl,P):(002,1.00) (007,0.00) (006,0.00)
L- 09 H:2.123e-01,Q:000017 tau:0.0877737551928
R- 08 H:4.000e-01,Q:000005 tau:0.0984694883227
RQ 07 H:1.037e-35,Q:000004 (cl,P):(002,0.75) (003,0.25) (007,0.00)
LQ 07 H:1.037e-35,Q:000001 (cl,P):(002,1.00) (007,0.00) (006,0.00)
LG 08 H:5.219e-36,Q:000012 (cl,P):(002,1.00) (007,0.00) (006,0.00)
LG 11 H:3.110e-36,Q:000027 (cl,P):(002,0.96) (001,0.04) (007,0.00)
L- 12 H:5.837e-01,Q:000015 tau:0.708404541016
R- 11 H:2.000e-01,Q:000010 tau:0.715469121933
RQ 10 H:1.037e-35,Q:000004 (cl,P):(003,0.50) (002,0.50) (007,0.00)
LG 10 H:8.654e-36,Q:000006 (cl,P):(002,0.83) (003,0.17) (007,0.00)
LG 11 H:4.000e-01,Q:000005 (cl,P):(002,0.80) (003,0.20) (007,0.00)
L- 14 H:3.171e-01,Q:000024 tau:0.77830350399
RG 13 H:7.796e-36,Q:000004 (cl,P):(001,0.50) (000,0.50) (007,0.00)
L- 13 H:1.805e-01,Q:000020 tau:-0.419713169336
RG 12 H:4.069e-36,Q:000018 (cl,P):(001,1.00) (007,0.00) (006,0.00)
LQ 12 H:1.037e-35,Q:000002 (cl,P):(001,0.50) (000,0.50) (007,0.00)
L- 15 H:1.389e+00,Q:000202 tau:-0.224252775311
R- 14 H:9.800e-01,Q:000153 tau:0.451612621546
R- 13 H:6.491e-01,Q:000037 tau:0.698874771595
RG 12 H:8.311e-36,Q:000005 (cl,P):(001,1.00) (007,0.00) (006,0.00)
L- 12 H:3.436e-01,Q:000032 tau:0.636382997036
R- 11 H:9.839e-02,Q:000028 tau:0.664371013641
RG 10 H:4.309e-36,Q:000017 (cl,P):(002,0.94) (001,0.06) (007,0.00)
LG 10 H:6.628e-36,Q:000011 (cl,P):(002,1.00) (007,0.00) (006,0.00)
LQ 11 H:1.037e-35,Q:000004 (cl,P):(003,0.50) (002,0.50) (007,0.00)
L- 13 H:2.151e-01,Q:000116 tau:0.621037662029
R- 12 H:1.018e-01,Q:000103 tau:0.682983338833
R- 11 H:4.636e-01,Q:000014 tau:0.688740372658
R- 10 H:3.061e-01,Q:000009 tau:0.334022372961
RQ 09 H:1.037e-35,Q:000001 (cl,P):(002,1.00) (007,0.00) (006,0.00)
LG 09 H:6.507e-36,Q:000008 (cl,P):(003,1.00) (007,0.00) (006,0.00)
LQ 10 H:1.037e-35,Q:000005 (cl,P):(003,0.80) (002,0.20) (007,0.00)
LG 11 H:9.576e-37,Q:000089 (cl,P):(003,1.00) (007,0.00) (006,0.00)
L- 12 H:1.538e-01,Q:000013 tau:0.240243285894
RG 11 H:8.654e-36,Q:000006 (cl,P):(003,0.83) (004,0.17) (007,0.00)
LQ 11 H:1.037e-35,Q:000007 (cl,P):(003,0.71) (004,0.29) (007,0.00)
L- 14 H:8.109e-01,Q:000049 tau:-0.347330868244
RG 13 H:2.716e-36,Q:000031 (cl,P):(002,1.00) (007,0.00) (006,0.00)
LG 13 H:4.645e-36,Q:000018 (cl,P):(001,0.94) (002,0.06) (007,0.00)
L- 17 H:2.982e+00,Q:004387 tau:0.280234217644
R- 16 H:2.278e+00,Q:000871 tau:0.482212543488
R- 15 H:1.574e+00,Q:000262 tau:-0.154054120183
R- 14 H:1.283e+00,Q:000197 tau:0.455239295959
R- 13 H:1.256e+00,Q:000057 tau:0.634671032429
R- 12 H:6.114e-01,Q:000028 tau:0.806340456009
RQ 11 H:1.037e-35,Q:000003 (cl,P):(001,1.00) (007,0.00) (006,0.00)
L- 11 H:2.742e-01,Q:000025 tau:0.672640264034
RG 10 H:4.307e-36,Q:000017 (cl,P):(002,1.00) (007,0.00) (006,0.00)
LG 10 H:7.796e-36,Q:000008 (cl,P):(002,0.62) (003,0.38) (007,0.00)
L- 12 H:2.919e-01,Q:000029 tau:0.508225798607
RG 11 H:3.495e-36,Q:000024 (cl,P):(003,1.00) (007,0.00) (006,0.00)
LG 11 H:8.311e-36,Q:000005 (cl,P):(004,0.60) (003,0.40) (007,0.00)
L- 13 H:3.230e-01,Q:000140 tau:0.586400270462
R- 12 H:4.647e-01,Q:000018 tau:0.213764935732
RG 11 H:7.792e-36,Q:000008 (cl,P):(004,0.50) (003,0.50) (007,0.00)
L- 11 H:2.000e-01,Q:000010 tau:-0.0407435446978
RG 10 H:8.082e-36,Q:000009 (cl,P):(004,0.89) (003,0.11) (007,0.00)
LQ 10 H:1.037e-35,Q:000001 (cl,P):(003,1.00) (007,0.00) (006,0.00)
L- 12 H:1.153e-01,Q:000122 tau:0.494608968496
RG 11 H:7.562e-37,Q:000113 (cl,P):(004,1.00) (007,0.00) (006,0.00)
L- 11 H:5.283e-01,Q:000009 tau:-0.0818665325642
RG 10 H:8.654e-36,Q:000006 (cl,P):(005,0.50) (004,0.50) (007,0.00)
LQ 10 H:1.037e-35,Q:000003 (cl,P):(004,1.00) (007,0.00) (006,0.00)
L- 14 H:9.820e-01,Q:000065 tau:-0.306857287884
R- 13 H:1.083e-01,Q:000036 tau:0.578383982182
RG 12 H:6.254e-36,Q:000005 (cl,P):(003,0.80) (002,0.20) (007,0.00)
LG 12 H:2.714e-36,Q:000031 (cl,P):(003,1.00) (007,0.00) (006,0.00)
L- 13 H:4.187e-01,Q:000029 tau:-0.324528932571
RQ 12 H:1.037e-35,Q:000003 (cl,P):(003,0.67) (002,0.33) (007,0.00)
L- 12 H:2.017e-01,Q:000026 tau:0.564538836479
RG 11 H:7.796e-36,Q:000008 (cl,P):(002,0.88) (001,0.12) (007,0.00)
L- 11 H:1.530e-01,Q:000018 tau:-0.351051002741
RQ 10 H:1.037e-35,Q:000001 (cl,P):(003,1.00) (007,0.00) (006,0.00)
LG 10 H:4.914e-36,Q:000017 (cl,P):(002,1.00) (007,0.00) (006,0.00)
L- 15 H:2.165e+00,Q:000609 tau:-0.212666347623
R- 14 H:1.964e+00,Q:000493 tau:0.513657927513
R- 13 H:1.504e+00,Q:000104 tau:0.787576556206
R- 12 H:1.219e-01,Q:000032 tau:0.845156133175
RG 11 H:3.809e-36,Q:000022 (cl,P):(002,1.00) (007,0.00) (006,0.00)
LG 11 H:5.218e-36,Q:000010 (cl,P):(002,0.90) (003,0.10) (007,0.00)
L- 12 H:1.015e+00,Q:000072 tau:0.637013375759
R- 11 H:7.196e-01,Q:000039 tau:0.32810947299
R- 10 H:9.500e-02,Q:000029 tau:0.469620019197
RQ 09 H:1.037e-35,Q:000004 (cl,P):(003,0.75) (002,0.25) (007,0.00)
LG 09 H:2.943e-36,Q:000025 (cl,P):(003,1.00) (007,0.00) (006,0.00)
L- 10 H:2.755e-01,Q:000010 tau:0.669718146324
RG 09 H:8.311e-36,Q:000005 (cl,P):(004,0.80) (003,0.20) (007,0.00)
LG 09 H:8.311e-36,Q:000005 (cl,P):(004,1.00) (007,0.00) (006,0.00)
L- 11 H:3.835e-01,Q:000033 tau:0.439653635025
RQ 10 H:1.037e-35,Q:000004 (cl,P):(004,0.50) (003,0.50) (007,0.00)
L- 10 H:1.674e-01,Q:000029 tau:0.339983701706
RG 09 H:3.498e-36,Q:000021 (cl,P):(004,1.00) (007,0.00) (006,0.00)
LG 09 H:7.796e-36,Q:000008 (cl,P):(004,0.75) (005,0.25) (007,0.00)
L- 13 H:1.357e+00,Q:000389 tau:0.391031742096
R- 12 H:7.797e-01,Q:000162 tau:-0.120587043464
R- 11 H:5.361e-01,Q:000141 tau:0.417304456234
R- 10 H:4.222e-01,Q:000016 tau:0.395341008902
RG 09 H:6.412e-36,Q:000013 (cl,P):(004,1.00) (007,0.00) (006,0.00)
LG 09 H:6.939e-36,Q:000003 (cl,P):(005,1.00) (007,0.00) (006,0.00)
L- 10 H:1.718e-01,Q:000125 tau:0.477123677731
RQ 09 H:1.037e-35,Q:000005 (cl,P):(005,0.60) (004,0.40) (007,0.00)
L- 09 H:8.828e-02,Q:000120 tau:0.307288318872
RG 08 H:5.955e-36,Q:000014 (cl,P):(005,0.93) (004,0.07) (007,0.00)
L- 08 H:4.903e-02,Q:000106 tau:0.171871080995
R- 07 H:8.348e-02,Q:000033 tau:0.43024879694
RG 06 H:3.647e-36,Q:000023 (cl,P):(005,1.00) (007,0.00) (006,0.00)
LG 06 H:6.250e-36,Q:000010 (cl,P):(005,0.90) (006,0.10) (007,0.00)
LG 07 H:1.165e-36,Q:000073 (cl,P):(005,1.00) (007,0.00) (006,0.00)
L- 11 H:1.545e-01,Q:000021 tau:-0.168131202459
R- 10 H:3.333e-01,Q:000006 tau:0.44181779027
RQ 09 H:1.037e-35,Q:000004 (cl,P):(004,1.00) (007,0.00) (006,0.00)
LQ 09 H:1.037e-35,Q:000002 (cl,P):(005,0.50) (004,0.50) (007,0.00)
LG 10 H:4.878e-36,Q:000015 (cl,P):(004,1.00) (007,0.00) (006,0.00)
L- 12 H:1.016e+00,Q:000227 tau:-0.0945191904902
R- 11 H:8.313e-01,Q:000185 tau:0.382889926434
R- 10 H:2.040e-01,Q:000038 tau:0.300985485315
RG 09 H:2.553e-36,Q:000033 (cl,P):(005,1.00) (007,0.00) (006,0.00)
LQ 09 H:1.037e-35,Q:000005 (cl,P):(005,0.60) (006,0.40) (007,0.00)
L- 10 H:3.165e-01,Q:000147 tau:0.369563430548
R- 09 H:7.292e-01,Q:000022 tau:0.151488676667
RG 08 H:7.429e-36,Q:000007 (cl,P):(006,0.86) (005,0.14) (007,0.00)
L- 08 H:6.843e-01,Q:000015 tau:-0.0187955591828
R- 07 H:3.610e-01,Q:000010 tau:0.386840939522
R- 06 H:5.000e-01,Q:000004 tau:-0.00467683887109
RQ 05 H:1.037e-35,Q:000003 (cl,P):(006,1.00) (007,0.00) (005,0.00)
LQ 05 H:1.037e-35,Q:000001 (cl,P):(005,1.00) (007,0.00) (006,0.00)
LG 06 H:5.219e-36,Q:000006 (cl,P):(006,1.00) (007,0.00) (005,0.00)
LQ 07 H:1.037e-35,Q:000005 (cl,P):(005,1.00) (007,0.00) (006,0.00)
L- 09 H:8.779e-02,Q:000125 tau:0.303424119949
RG 08 H:8.977e-37,Q:000095 (cl,P):(006,1.00) (007,0.00) (005,0.00)
L- 08 H:2.285e-01,Q:000030 tau:0.30053627491
RG 07 H:6.939e-36,Q:000003 (cl,P):(006,0.67) (007,0.33) (005,0.00)
L- 07 H:1.337e-01,Q:000027 tau:0.290518164635
RG 06 H:5.219e-36,Q:000016 (cl,P):(006,1.00) (007,0.00) (005,0.00)
L- 06 H:1.818e-01,Q:000011 tau:0.20431882143
RG 05 H:6.939e-36,Q:000003 (cl,P):(006,0.67) (007,0.33) (005,0.00)
LG 05 H:7.796e-36,Q:000008 (cl,P):(006,1.00) (007,0.00) (005,0.00)
L- 11 H:2.021e-01,Q:000042 tau:-0.204341575503
R- 10 H:1.000e-01,Q:000039 tau:0.287003159523
RG 09 H:2.221e-36,Q:000038 (cl,P):(005,1.00) (007,0.00) (006,0.00)
LQ 09 H:1.037e-35,Q:000001 (cl,P):(006,1.00) (007,0.00) (005,0.00)
LQ 10 H:1.037e-35,Q:000003 (cl,P):(005,0.67) (004,0.33) (007,0.00)
L- 14 H:1.372e+00,Q:000116 tau:-0.347447544336
R- 13 H:6.530e-01,Q:000061 tau:0.396669447422
R- 12 H:5.005e-01,Q:000019 tau:-0.258093178272
RG 11 H:7.429e-36,Q:000007 (cl,P):(004,1.00) (007,0.00) (006,0.00)
LG 11 H:6.936e-36,Q:000012 (cl,P):(003,0.92) (004,0.08) (007,0.00)
L- 12 H:9.286e-02,Q:000042 tau:-0.246507808566
RG 11 H:8.654e-36,Q:000006 (cl,P):(004,0.83) (005,0.17) (007,0.00)
LG 11 H:2.342e-36,Q:000036 (cl,P):(004,1.00) (007,0.00) (006,0.00)
L- 13 H:6.989e-01,Q:000055 tau:-0.458388924599
R- 12 H:2.546e-01,Q:000044 tau:0.425455629826
R- 11 H:3.636e-01,Q:000011 tau:-0.388251960278
RG 10 H:8.898e-36,Q:000007 (cl,P):(003,1.00) (007,0.00) (006,0.00)
LQ 10 H:1.037e-35,Q:000004 (cl,P):(002,0.75) (003,0.25) (007,0.00)
LG 11 H:2.553e-36,Q:000033 (cl,P):(003,1.00) (007,0.00) (006,0.00)
LG 12 H:6.625e-36,Q:000011 (cl,P):(002,0.91) (003,0.09) (007,0.00)
L- 16 H:2.992e+00,Q:003516 tau:0.484463393688
R- 15 H:2.239e+00,Q:000611 tau:0.701899468899
R- 14 H:1.472e+00,Q:000292 tau:0.810980558395
R- 13 H:9.226e-01,Q:000157 tau:0.945244729519
R- 12 H:2.229e-01,Q:000035 tau:-0.00509904464707
RG 11 H:3.113e-36,Q:000027 (cl,P):(002,1.00) (007,0.00) (006,0.00)
L- 11 H:2.500e-01,Q:000008 tau:0.984366357327
RG 10 H:8.311e-36,Q:000005 (cl,P):(002,1.00) (007,0.00) (006,0.00)
