>>>>>>> _time<<<<<<<
*- 20 H:3.322e+00,Q:080000 tau:-0.585303008556 theta:[ 0.]
R- 19 H:3.314e+00,Q:072018 tau:-0.569556057453 theta:[ 1.]
R- 18 H:3.303e+00,Q:063820 tau:0.624824821949 theta:[ 0.]
R- 17 H:2.285e+00,Q:006540 tau:0.774486958981 theta:[ 0.]
R- 16 H:1.671e+00,Q:003020 tau:0.862582266331 theta:[ 0.]
R- 15 H:1.084e+00,Q:001393 tau:-0.164759010077 theta:[ 1.]
R- 14 H:8.312e-01,Q:001045 tau:0.935788810253 theta:[ 0.]
RQ 13 H:7.698e-01,Q:000294 (cl,P):(000,0.76) (001,0.24) (009,0.00)
L- 13 H:1.336e-01,Q:000751 tau:0.877547264099 theta:[ 0.]
R- 12 H:3.667e-02,Q:000636 tau:-0.146397724748 theta:[ 1.]
R- 11 H:1.238e-02,Q:000622 tau:0.893772542477 theta:[ 0.]
RG 10 H:2.385e-37,Q:000468 (cl,P):(001,1.00) (009,0.00) (008,0.00)
LQ 10 H:3.854e-02,Q:000154 (cl,P):(001,0.99) (002,0.01) (009,0.00)
LQ 11 H:4.007e-01,Q:000014 (cl,P):(001,0.86) (000,0.14) (009,0.00)
LQ 12 H:4.056e-01,Q:000115 (cl,P):(001,0.90) (002,0.10) (009,0.00)
L- 14 H:7.093e-01,Q:000348 tau:0.891319036484 theta:[ 0.]
RQ 13 H:7.073e-02,Q:000240 (cl,P):(000,0.99) (009,0.01) (001,0.00)
LQ 13 H:1.244e+00,Q:000108 (cl,P):(000,0.56) (001,0.34) (009,0.10)
L- 15 H:1.541e+00,Q:001627 tau:-0.200177639723 theta:[ 1.]
R- 14 H:8.057e-01,Q:001150 tau:0.444231778383 theta:[ 1.]
RQ 13 H:6.686e-01,Q:000183 (cl,P):(001,0.82) (002,0.18) (009,0.00)
L- 13 H:5.134e-01,Q:000967 tau:0.84042775631 theta:[ 0.]
RQ 12 H:9.289e-01,Q:000171 (cl,P):(002,0.63) (001,0.37) (009,0.00)
L- 12 H:2.764e-01,Q:000796 tau:-0.148819714785 theta:[ 1.]
R- 11 H:1.470e-01,Q:000755 tau:0.787100195885 theta:[ 0.]
R- 10 H:4.419e-02,Q:000678 tau:0.436706781387 theta:[ 1.]
RQ 09 H:8.922e-36,Q:000003 (cl,P):(002,0.67) (001,0.33) (009,0.00)
L- 09 H:3.252e-02,Q:000675 tau:0.436020106077 theta:[ 1.]
RQ 08 H:1.333e-35,Q:000002 (cl,P):(002,0.50) (001,0.50) (009,0.00)
L- 08 H:2.372e-02,Q:000673 tau:0.7943546772 theta:[ 0.]
R- 07 H:1.281e-02,Q:000607 tau:0.361992657185 theta:[ 1.]
RQ 06 H:8.057e-02,Q:000060 (cl,P):(002,0.98) (001,0.02) (009,0.00)
LG 06 H:2.044e-37,Q:000547 (cl,P):(002,1.00) (009,0.00) (008,0.00)
LQ 07 H:6.863e-02,Q:000066 (cl,P):(002,0.98) (003,0.02) (009,0.00)
LQ 10 H:5.309e-01,Q:000077 (cl,P):(002,0.84) (003,0.16) (009,0.00)
LQ 11 H:9.003e-01,Q:000041 (cl,P):(002,0.59) (001,0.41) (009,0.00)
L- 14 H:1.358e+00,Q:000477 tau:-0.373062133789 theta:[ 1.]
RQ 13 H:4.594e-01,Q:000232 (cl,P):(001,0.91) (000,0.07) (002,0.02)
LQ 13 H:8.247e-01,Q:000245 (cl,P):(000,0.81) (009,0.15) (001,0.04)
L- 16 H:2.034e+00,Q:003520 tau:-0.282957702875 theta:[ 1.]
R- 15 H:1.575e+00,Q:002785 tau:0.693315863609 theta:[ 0.]
R- 14 H:1.096e+00,Q:001416 tau:0.458371937275 theta:[ 1.]
RQ 13 H:6.674e-01,Q:000242 (cl,P):(002,0.84) (001,0.14) (003,0.02)
L- 13 H:8.244e-01,Q:001174 tau:-0.163158535957 theta:[ 1.]
R- 12 H:4.577e-01,Q:000974 tau:0.74683201313 theta:[ 0.]
RQ 11 H:8.597e-01,Q:000238 (cl,P):(003,0.69) (002,0.31) (009,0.00)
L- 11 H:1.461e-01,Q:000736 tau:0.40153503418 theta:[ 1.]
RQ 10 H:4.902e-01,Q:000042 (cl,P):(003,0.86) (002,0.14) (009,0.00)
L- 10 H:9.757e-02,Q:000694 tau:0.704964339733 theta:[ 0.]
R- 09 H:4.535e-02,Q:000595 tau:-0.0895670577884 theta:[ 1.]
R- 08 H:1.371e-02,Q:000556 tau:0.395302563906 theta:[ 1.]
RQ 07 H:5.000e-01,Q:000004 (cl,P):(003,0.75) (002,0.25) (009,0.00)
LG 07 H:2.026e-37,Q:000552 (cl,P):(003,1.00) (009,0.00) (008,0.00)
LQ 08 H:2.664e-01,Q:000039 (cl,P):(003,0.92) (002,0.08) (009,0.00)
LQ 09 H:2.345e-01,Q:000099 (cl,P):(003,0.94) (004,0.06) (009,0.00)
LQ 12 H:3.032e-01,Q:000200 (cl,P):(002,0.94) (003,0.05) (001,0.01)
L- 14 H:1.435e+00,Q:001369 tau:0.549021840096 theta:[ 1.]
RQ 13 H:7.021e-01,Q:000189 (cl,P):(002,0.84) (003,0.13) (001,0.04)
L- 13 H:1.038e+00,Q:001180 tau:0.393577188253 theta:[ 1.]
RQ 12 H:2.503e-01,Q:000210 (cl,P):(003,0.96) (004,0.03) (002,0.01)
L- 12 H:9.343e-01,Q:000970 tau:-0.0844594165683 theta:[ 1.]
R- 11 H:2.731e-01,Q:000696 tau:0.675508260727 theta:[ 0.]
RQ 10 H:9.212e-01,Q:000073 (cl,P):(004,0.62) (003,0.38) (009,0.00)
L- 10 H:5.879e-02,Q:000623 tau:0.657799601555 theta:[ 0.]
RQ 09 H:1.278e-01,Q:000158 (cl,P):(004,0.97) (003,0.03) (009,0.00)
L- 09 H:1.588e-02,Q:000465 tau:0.629979610443 theta:[ 0.]
RG 08 H:2.731e-37,Q:000408 (cl,P):(004,1.00) (009,0.00) (008,0.00)
LQ 08 H:7.266e-02,Q:000057 (cl,P):(004,0.98) (005,0.02) (009,0.00)
LQ 11 H:4.732e-01,Q:000274 (cl,P):(003,0.91) (004,0.06) (002,0.03)
L- 15 H:1.560e+00,Q:000735 tau:-0.459968566895 theta:[ 1.]
R- 14 H:1.087e+00,Q:000475 tau:0.710596501827 theta:[ 0.]
RQ 13 H:5.522e-01,Q:000196 (cl,P):(001,0.87) (002,0.12) (000,0.01)
LQ 13 H:8.180e-01,Q:000279 (cl,P):(002,0.78) (001,0.20) (003,0.02)
LQ 14 H:9.965e-01,Q:000260 (cl,P):(000,0.57) (001,0.42) (009,0.00)
L- 17 H:3.307e+00,Q:057280 tau:-0.295931607485 theta:[ 1.]
R- 16 H:3.305e+00,Q:048443 tau:0.263265162706 theta:[ 0.]
R- 15 H:2.653e+00,Q:010830 tau:0.414018660784 theta:[ 0.]
R- 14 H:2.185e+00,Q:005326 tau:0.52587044239 theta:[ 1.]
R- 13 H:1.776e+00,Q:001158 tau:0.685962259769 theta:[ 1.]
R- 12 H:1.015e+00,Q:000541 tau:0.775072693825 theta:[ 1.]
RQ 11 H:4.170e-01,Q:000246 (cl,P):(002,0.91) (003,0.09) (001,0.00)
LQ 11 H:1.068e+00,Q:000295 (cl,P):(003,0.58) (002,0.40) (004,0.02)
L- 12 H:1.423e+00,Q:000617 tau:0.523096144199 theta:[ 0.]
RQ 11 H:8.594e-01,Q:000275 (cl,P):(003,0.78) (004,0.18) (002,0.04)
L- 11 H:9.317e-01,Q:000342 tau:0.578921020031 theta:[ 1.]
RQ 10 H:5.054e-01,Q:000222 (cl,P):(004,0.89) (003,0.09) (005,0.01)
LQ 10 H:9.499e-01,Q:000120 (cl,P):(004,0.57) (005,0.43) (009,0.00)
L- 13 H:1.768e+00,Q:004168 tau:0.519008696079 theta:[ 0.]
R- 12 H:1.282e+00,Q:001929 tau:0.581615507603 theta:[ 0.]
R- 11 H:1.108e+00,Q:000654 tau:-0.165036246181 theta:[ 1.]
R- 10 H:6.874e-01,Q:000531 tau:0.592423975468 theta:[ 0.]
R- 09 H:4.330e-01,Q:000409 tau:0.453298211098 theta:[ 1.]
RQ 08 H:6.307e-01,Q:000021 (cl,P):(004,0.62) (003,0.38) (009,0.00)
L- 08 H:3.161e-01,Q:000388 tau:0.604205965996 theta:[ 0.]
RQ 07 H:1.345e-01,Q:000279 (cl,P):(004,0.98) (005,0.02) (009,0.00)
LQ 07 H:5.982e-01,Q:000109 (cl,P):(004,0.83) (005,0.17) (009,0.00)
LQ 09 H:9.800e-01,Q:000122 (cl,P):(004,0.58) (005,0.41) (003,0.01)
LQ 10 H:7.057e-01,Q:000123 (cl,P):(003,0.79) (004,0.21) (009,0.00)
L- 11 H:9.420e-01,Q:001275 tau:-0.101732045412 theta:[ 1.]
R- 10 H:5.704e-01,Q:001004 tau:0.344418406487 theta:[ 1.]
RQ 09 H:9.114e-01,Q:000180 (cl,P):(004,0.66) (005,0.34) (009,0.00)
L- 09 H:1.031e-01,Q:000824 tau:-0.0732304304838 theta:[ 1.]
R- 08 H:5.186e-02,Q:000773 tau:0.525463759899 theta:[ 0.]
R- 07 H:1.089e-02,Q:000743 tau:0.329950153828 theta:[ 1.]
RQ 06 H:1.726e-01,Q:000024 (cl,P):(005,0.96) (004,0.04) (009,0.00)
LG 06 H:1.560e-37,Q:000719 (cl,P):(005,1.00) (009,0.00) (008,0.00)
LQ 07 H:4.047e-01,Q:000030 (cl,P):(005,0.87) (006,0.13) (009,0.00)
LQ 08 H:4.210e-01,Q:000051 (cl,P):(005,0.88) (004,0.12) (009,0.00)
LQ 10 H:6.813e-01,Q:000271 (cl,P):(004,0.85) (005,0.10) (003,0.04)
L- 12 H:1.384e+00,Q:002239 tau:-0.0959165170789 theta:[ 1.]
R- 11 H:1.014e+00,Q:001660 tau:0.3633030653 theta:[ 1.]
R- 10 H:8.548e-01,Q:000369 tau:0.457035422325 theta:[ 0.]
RQ 09 H:2.487e-01,Q:000216 (cl,P):(005,0.95) (004,0.04) (006,0.00)
LQ 09 H:9.797e-01,Q:000153 (cl,P):(005,0.52) (006,0.48) (009,0.00)
L- 10 H:6.119e-01,Q:001291 tau:0.501937150955 theta:[ 0.]
RQ 09 H:9.077e-01,Q:000109 (cl,P):(005,0.66) (006,0.34) (009,0.00)
L- 09 H:3.766e-01,Q:001182 tau:0.433050990105 theta:[ 0.]
R- 08 H:1.679e-01,Q:001003 tau:-0.0612230487168 theta:[ 1.]
R- 07 H:1.178e-01,Q:000954 tau:0.454743474722 theta:[ 0.]
R- 06 H:7.258e-02,Q:000705 tau:0.301628291607 theta:[ 1.]
RQ 05 H:3.878e-01,Q:000045 (cl,P):(006,0.89) (005,0.11) (009,0.00)
L- 05 H:2.374e-02,Q:000660 tau:-0.0138091556728 theta:[ 1.]
RG 04 H:1.820e-37,Q:000615 (cl,P):(006,1.00) (009,0.00) (008,0.00)
LQ 04 H:1.604e-01,Q:000045 (cl,P):(006,0.96) (005,0.04) (009,0.00)
LQ 06 H:1.707e-01,Q:000249 (cl,P):(006,0.97) (007,0.03) (009,0.00)
LQ 07 H:4.777e-01,Q:000049 (cl,P):(006,0.84) (005,0.16) (009,0.00)
LQ 08 H:8.353e-01,Q:000179 (cl,P):(006,0.72) (007,0.28) (009,0.00)
L- 11 H:1.107e+00,Q:000579 tau:-0.241066366434 theta:[ 1.]
R- 10 H:6.342e-01,Q:000431 tau:0.445495426655 theta:[ 0.]
R- 09 H:3.127e-01,Q:000303 tau:-0.20392562449 theta:[ 1.]
RQ 08 H:6.499e-02,Q:000258 (cl,P):(005,0.99) (006,0.01) (009,0.0>>>>>>> _time<<<<<<<
*- 20 H:2.322e+00,Q:004000 tau:0.569476485252 theta:[ 0.]
R- 19 H:1.615e+00,Q:000448 tau:0.719248056412 theta:[ 0.]
RQ 18 H:1.081e+00,Q:000222 (cl,P):(001,0.55) (000,0.43) (002,0.02)
LQ 18 H:1.440e+00,Q:000226 (cl,P):(002,0.56) (001,0.31) (000,0.12)
L- 19 H:2.314e+00,Q:003552 tau:0.560754597187 theta:[ 1.]
R- 18 H:1.465e+00,Q:000415 tau:0.730119585991 theta:[ 1.]
RQ 17 H:9.103e-01,Q:000192 (cl,P):(002,0.73) (001,0.25) (003,0.02)
LQ 17 H:1.004e+00,Q:000223 (cl,P):(003,0.69) (002,0.29) (004,0.02)
L- 18 H:2.300e+00,Q:003137 tau:-0.441571861506 theta:[ 0.]
R- 17 H:2.316e+00,Q:002561 tau:-0.647604763508 theta:[ 1.]
R- 16 H:2.313e+00,Q:002306 tau:-0.15017439425 theta:[ 1.]
R- 15 H:2.254e+00,Q:001499 tau:0.212199524045 theta:[ 0.]
R- 14 H:1.264e+00,Q:000390 tau:0.353705018759 theta:[ 0.]
RQ 13 H:5.019e-01,Q:000181 (cl,P):(003,0.89) (002,0.10) (004,0.01)
LQ 13 H:6.499e-01,Q:000209 (cl,P):(004,0.84) (003,0.14) (000,0.01)
L- 14 H:2.160e+00,Q:001109 tau:0.236656859517 theta:[ 1.]
RQ 13 H:1.149e+00,Q:000344 (cl,P):(000,0.51) (004,0.46) (001,0.02)
L- 13 H:2.168e+00,Q:000765 tau:0.03874752298 theta:[ 0.]
RQ 12 H:1.171e+00,Q:000255 (cl,P):(000,0.58) (004,0.37) (001,0.05)
L- 12 H:1.660e+00,Q:000510 tau:0.0630783513188 theta:[ 1.]
RQ 11 H:7.879e-01,Q:000238 (cl,P):(001,0.83) (002,0.11) (000,0.06)
LQ 11 H:1.712e+00,Q:000272 (cl,P):(002,0.46) (001,0.25) (003,0.24)
L- 15 H:1.839e+00,Q:000807 tau:-0.431527465582 theta:[ 1.]
R- 14 H:1.549e+00,Q:000544 tau:-0.219119921327 theta:[ 0.]
R- 13 H:1.125e+00,Q:000436 tau:-0.324842453003 theta:[ 1.]
RQ 12 H:1.050e+00,Q:000314 (cl,P):(003,0.64) (002,0.33) (004,0.03)
LQ 12 H:1.332e-01,Q:000122 (cl,P):(002,0.98) (001,0.02) (003,0.01)
LQ 13 H:9.172e-01,Q:000108 (cl,P):(001,0.71) (002,0.26) (000,0.03)
LQ 14 H:1.155e+00,Q:000263 (cl,P):(001,0.70) (000,0.15) (002,0.14)
LQ 16 H:1.128e+00,Q:000255 (cl,P):(000,0.52) (004,0.45) (001,0.02)
L- 17 H:1.711e+00,Q:000576 tau:-0.59154355526 theta:[ 0.]
RQ 16 H:1.208e+00,Q:000229 (cl,P):(000,0.65) (004,0.28) (003,0.04)
LQ 16 H:1.273e+00,Q:000347 (cl,P):(003,0.48) (004,0.46) (000,0.03)
---------------------
0)
>>>>>>> _time<<<<<<<
*- 20 H:2.322e+00,Q:004000 tau:0.571161270142 theta:[ 0.]
R- 19 H:1.613e+00,Q:000445 tau:0.733032226563 theta:[ 0.]
RQ 18 H:1.010e+00,Q:000210 (cl,P):(001,0.55) (000,0.44) (002,0.00)
LQ 18 H:1.466e+00,Q:000235 (cl,P):(002,0.54) (001,0.32) (000,0.12)
L- 19 H:2.314e+00,Q:003555 tau:0.537642300129 theta:[ 1.]
R- 18 H:1.561e+00,Q:000443 tau:0.737353205681 theta:[ 1.]
RQ 17 H:8.982e-01,Q:000186 (cl,P):(002,0.73) (001,0.25) (003,0.02)
LQ 17 H:1.195e+00,Q:000257 (cl,P):(003,0.65) (002,0.28) (004,0.06)
L- 18 H:2.300e+00,Q:003112 tau:-0.560915887356 theta:[ 0.]
R- 17 H:2.308e+00,Q:002723 tau:-0.107229620218 theta:[ 0.]
R- 16 H:2.269e+00,Q:001679 tau:-0.52494764328 theta:[ 1.]
R- 15 H:2.202e+00,Q:001408 tau:-0.121454440057 theta:[ 1.]
R- 14 H:2.062e+00,Q:000931 tau:0.324939846992 theta:[ 0.]
RQ 13 H:7.977e-01,Q:000202 (cl,P):(003,0.82) (004,0.11) (002,0.07)
L- 13 H:1.887e+00,Q:000729 tau:0.0572524778545 theta:[ 0.]
R- 12 H:1.134e+00,Q:000457 tau:0.221736043692 theta:[ 0.]
RQ 11 H:3.395e-01,Q:000158 (cl,P):(004,0.94) (003,0.05) (000,0.01)
LQ 11 H:1.016e+00,Q:000299 (cl,P):(000,0.63) (004,0.36) (003,0.01)
LQ 12 H:2.166e+00,Q:000272 (cl,P):(001,0.36) (004,0.21) (000,0.17)
L- 14 H:1.537e+00,Q:000477 tau:-0.326137721539 theta:[ 1.]
RQ 13 H:1.116e+00,Q:000311 (cl,P):(003,0.72) (002,0.16) (004,0.12)
LQ 13 H:6.377e-01,Q:000166 (cl,P):(002,0.84) (001,0.15) (003,0.01)
LQ 15 H:1.509e+00,Q:000271 (cl,P):(001,0.44) (000,0.36) (004,0.21)
L- 16 H:2.040e+00,Q:001044 tau:-0.279907971621 theta:[ 0.]
R- 15 H:1.956e+00,Q:000536 tau:0.237422078848 theta:[ 1.]
RQ 14 H:1.049e+00,Q:000101 (cl,P):(000,0.60) (004,0.36) (001,0.04)
L- 14 H:1.678e+00,Q:000435 tau:-0.644380927086 theta:[ 1.]
R- 13 H:1.211e+00,Q:000379 tau:0.0904601290822 theta:[ 1.]
RQ 12 H:5.807e-02,Q:000078 (cl,P):(001,0.99) (002,0.01) (004,0.00)
LQ 12 H:1.048e+00,Q:000301 (cl,P):(002,0.74) (001,0.20) (003,0.05)
LQ 13 H:9.293e-01,Q:000056 (cl,P):(000,0.55) (004,0.45) (003,0.00)
L- 15 H:1.591e+00,Q:000508 tau:-0.448150515556 theta:[ 0.]
R- 14 H:1.500e+00,Q:000340 tau:-0.489051610231 theta:[ 1.]
RQ 13 H:1.260e+00,Q:000267 (cl,P):(001,0.64) (000,0.23) (004,0.12)
LQ 13 H:1.007e+00,Q:000073 (cl,P):(000,0.51) (004,0.48) (003,0.01)
LQ 14 H:9.767e-01,Q:000168 (cl,P):(000,0.68) (004,0.30) (001,0.02)
L- 17 H:1.440e+00,Q:000389 tau:-0.805813968182 theta:[ 0.]
RQ 16 H:1.312e+00,Q:000277 (cl,P):(004,0.61) (003,0.25) (000,0.13)
LQ 16 H:3.995e-01,Q:000112 (cl,P):(003,0.92) (002,0.05) (004,0.03)
---------------------
>>>>>>> _time<<<<<<<
*- 20 H:2.322e+00,Q:004000 tau:0.550454735756 theta:[ 1.]
R- 19 H:1.586e+00,Q:000465 tau:0.733860433102 theta:[ 1.]
RQ 18 H:9.240e-01,Q:000194 (cl,P):(002,0.71) (001,0.27) (003,0.02)
LQ 18 H:1.426e+00,Q:000271 (cl,P):(003,0.60) (002,0.26) (001,0.11)
L- 19 H:2.312e+00,Q:003535 tau:-0.653116464615 theta:[ 0.]
R- 18 H:2.300e+00,Q:003239 tau:-0.260695576668 theta:[ 0.]
R- 17 H:2.317e+00,Q:002581 tau:-0.413788676262 theta:[ 1.]
R- 16 H:2.300e+00,Q:002054 tau:-0.161268904805 theta:[ 1.]
R- 15 H:2.302e+00,Q:001562 tau:0.37320202589 theta:[ 0.]
R- 14 H:1.826e+00,Q:000425 tau:0.721297085285 theta:[ 0.]
RQ 13 H:9.184e-01,Q:000137 (cl,P):(001,0.74) (000,0.23) (002,0.03)
LQ 13 H:1.052e+00,Q:000288 (cl,P):(003,0.52) (002,0.47) (001,0.01)
L- 14 H:2.167e+00,Q:001137 tau:0.0547948479652 theta:[ 0.]
R- 13 H:1.322e+00,Q:000550 tau:0.198177292943 theta:[ 0.]
RQ 12 H:8.169e-01,Q:000238 (cl,P):(004,0.79) (003,0.18) (000,0.03)
LQ 12 H:1.060e+00,Q:000312 (cl,P):(000,0.59) (004,0.40) (001,0.01)
L- 13 H:2.250e+00,Q:000587 tau:0.094169639051 theta:[ 1.]
RQ 12 H:1.567e+00,Q:000340 (cl,P):(001,0.48) (000,0.29) (004,0.21)
LQ 12 H:1.388e+00,Q:000247 (cl,P):(002,0.59) (003,0.30) (004,0.10)
L- 15 H:1.612e+00,Q:000492 tau:0.54713922739 theta:[ 0.]
RQ 14 H:1.433e+00,Q:000087 (cl,P):(001,0.47) (000,0.36) (002,0.17)
L- 14 H:1.056e+00,Q:000405 tau:-0.318209648132 theta:[ 1.]
RQ 13 H:9.518e-01,Q:000293 (cl,P):(003,0.65) (002,0.35) (004,0.00)
LQ 13 H:2.904e-01,Q:000112 (cl,P):(002,0.95) (003,0.03) (001,0.03)
L- 16 H:1.826e+00,Q:000527 tau:-0.682347357273 theta:[ 1.]
RQ 15 H:1.346e+00,Q:000325 (cl,P):(001,0.60) (000,0.21) (002,0.18)
LQ 15 H:9.971e-01,Q:000202 (cl,P):(000,0.58) (004,0.41) (001,0.00)
L- 17 H:1.767e+00,Q:000658 tau:-0.444981127977 theta:[ 0.]
R- 16 H:1.602e+00,Q:000386 tau:0.174911186099 theta:[ 1.]
RQ 15 H:1.033e+00,Q:000093 (cl,P):(000,0.57) (004,0.41) (001,0.02)
LQ 15 H:1.378e+00,Q:000293 (cl,P):(001,0.66) (000,0.18) (004,0.13)
LQ 16 H:1.285e+00,Q:000272 (cl,P):(000,0.57) (004,0.35) (003,0.06)
LQ 18 H:1.131e+00,Q:000296 (cl,P):(003,0.54) (004,0.44) (002,0.03)
---------------------
>>>>>>> _time<<<<<<<
---------------------
